[  1%] Built target turtlesim__cpp
[ 11%] Built target turtlesim__rosidl_generator_c
[ 11%] Built target ament_cmake_python_copy_turtlesim
[ 21%] Built target turtlesim__rosidl_typesupport_cpp
[ 41%] Built target turtlesim__rosidl_typesupport_introspection_cpp
[ 41%] Built target turtlesim__rosidl_typesupport_fastrtps_cpp
[ 51%] Built target turtlesim__rosidl_typesupport_c
[ 63%] Built target turtlesim__rosidl_typesupport_introspection_c
[ 71%] Built target turtlesim__rosidl_typesupport_fastrtps_c
[ 73%] Built target turtle_teleop_key
[ 76%] Built target mimic
[ 76%] Built target turtlesim
[ 77%] Built target draw_square
[ 83%] Built target turtlesim_node
[ 84%] Built target turtlesim__py
[ 86%] [32mBuilding C object CMakeFiles/turtlesim__rosidl_generator_py.dir/rosidl_generator_py/turtlesim/action/_rotate_absolute_s.c.o[0m
[ 86%] [32mBuilding C object CMakeFiles/turtlesim__rosidl_generator_py.dir/rosidl_generator_py/turtlesim/msg/_pose_s.c.o[0m
[ 88%] [32mBuilding C object CMakeFiles/turtlesim__rosidl_generator_py.dir/rosidl_generator_py/turtlesim/msg/_color_s.c.o[0m
[ 88%] [32mBuilding C object CMakeFiles/turtlesim__rosidl_generator_py.dir/rosidl_generator_py/turtlesim/srv/_kill_s.c.o[0m
[ 89%] [32mBuilding C object CMakeFiles/turtlesim__rosidl_generator_py.dir/rosidl_generator_py/turtlesim/srv/_set_pen_s.c.o[0m
[ 90%] [32mBuilding C object CMakeFiles/turtlesim__rosidl_generator_py.dir/rosidl_generator_py/turtlesim/srv/_spawn_s.c.o[0m
[ 91%] [32mBuilding C object CMakeFiles/turtlesim__rosidl_generator_py.dir/rosidl_generator_py/turtlesim/srv/_teleport_absolute_s.c.o[0m
[ 92%] [32mBuilding C object CMakeFiles/turtlesim__rosidl_generator_py.dir/rosidl_generator_py/turtlesim/srv/_teleport_relative_s.c.o[0m
running egg_info
writing turtlesim.egg-info/PKG-INFO
writing dependency_links to turtlesim.egg-info/dependency_links.txt
writing top-level names to turtlesim.egg-info/top_level.txt
reading manifest file 'turtlesim.egg-info/SOURCES.txt'
writing manifest file 'turtlesim.egg-info/SOURCES.txt'
[ 92%] Built target ament_cmake_python_build_turtlesim_egg
