[2.605s] Invoking command in '/home/umut_ubuntu/ros2_ws/src/my_package': PYTHONPATH=/home/umut_ubuntu/ros2_ws/build/my_package/prefix_override:/home/umut_ubuntu/ros2_ws/install/my_package/lib/python3.10/site-packages:${PYTHONPATH} /usr/bin/python3 setup.py egg_info --egg-base ../../build/my_package build --build-base /home/umut_ubuntu/ros2_ws/build/my_package/build install --record /home/umut_ubuntu/ros2_ws/build/my_package/install.log --single-version-externally-managed
[3.101s] running egg_info
[3.102s] writing ../../build/my_package/my_package.egg-info/PKG-INFO
[3.103s] writing dependency_links to ../../build/my_package/my_package.egg-info/dependency_links.txt
[3.103s] writing entry points to ../../build/my_package/my_package.egg-info/entry_points.txt
[3.103s] writing requirements to ../../build/my_package/my_package.egg-info/requires.txt
[3.103s] writing top-level names to ../../build/my_package/my_package.egg-info/top_level.txt
[3.107s] reading manifest file '../../build/my_package/my_package.egg-info/SOURCES.txt'
[3.109s] writing manifest file '../../build/my_package/my_package.egg-info/SOURCES.txt'
[3.110s] running build
[3.110s] running build_py
[3.111s] running install
[3.111s] running install_lib
[3.112s] /usr/lib/python3/dist-packages/setuptools/command/install.py:34: SetuptoolsDeprecationWarning: setup.py install is deprecated. Use build and pip and other standards-based tools.
[3.112s]   warnings.warn(
[3.113s] running install_data
[3.115s] running install_egg_info
[3.118s] removing '/home/umut_ubuntu/ros2_ws/install/my_package/lib/python3.10/site-packages/my_package-0.0.0-py3.10.egg-info' (and everything under it)
[3.119s] Copying ../../build/my_package/my_package.egg-info to /home/umut_ubuntu/ros2_ws/install/my_package/lib/python3.10/site-packages/my_package-0.0.0-py3.10.egg-info
[3.121s] running install_scripts
[3.153s] Installing my_node script to /home/umut_ubuntu/ros2_ws/install/my_package/lib/my_package
[3.154s] writing list of installed files to '/home/umut_ubuntu/ros2_ws/build/my_package/install.log'
