[0.055s] Invoking command in '/home/umut_ubuntu/ros2_ws/build/more_interfaces': CMAKE_PREFIX_PATH=/opt/ros/humble /usr/bin/cmake /home/umut_ubuntu/ros2_ws/src/more_interfaces -DCMAKE_INSTALL_PREFIX=/home/umut_ubuntu/ros2_ws/install/more_interfaces
[0.202s] -- The C compiler identification is GNU 11.4.0
[0.327s] -- The CXX compiler identification is GNU 11.4.0
[0.338s] -- Detecting C compiler ABI info
[0.438s] -- Detecting C compiler ABI info - done
[0.456s] -- Check for working C compiler: /usr/bin/cc - skipped
[0.457s] -- Detecting C compile features
[0.458s] -- Detecting C compile features - done
[0.466s] -- Detecting CXX compiler ABI info
[0.577s] -- Detecting CXX compiler ABI info - done
[0.584s] -- Check for working CXX compiler: /usr/bin/c++ - skipped
[0.584s] -- Detecting CXX compile features
[0.585s] -- Detecting CXX compile features - done
[0.590s] -- Found ament_cmake: 1.3.5 (/opt/ros/humble/share/ament_cmake/cmake)
[0.855s] -- Found Python3: /usr/bin/python3.10 (found version "3.10.12") found components: Interpreter 
[0.989s] -- Found rclcpp: 16.0.6 (/opt/ros/humble/share/rclcpp/cmake)
[1.046s] -- Found rosidl_generator_c: 3.1.5 (/opt/ros/humble/share/rosidl_generator_c/cmake)
[1.052s] -- Found rosidl_adapter: 3.1.5 (/opt/ros/humble/share/rosidl_adapter/cmake)
[1.064s] -- Found rosidl_generator_cpp: 3.1.5 (/opt/ros/humble/share/rosidl_generator_cpp/cmake)
[1.082s] -- Using all available rosidl_typesupport_c: rosidl_typesupport_fastrtps_c;rosidl_typesupport_introspection_c
[1.106s] -- Using all available rosidl_typesupport_cpp: rosidl_typesupport_fastrtps_cpp;rosidl_typesupport_introspection_cpp
[1.185s] -- Found rmw_implementation_cmake: 6.1.1 (/opt/ros/humble/share/rmw_implementation_cmake/cmake)
[1.188s] -- Found rmw_fastrtps_cpp: 6.2.4 (/opt/ros/humble/share/rmw_fastrtps_cpp/cmake)
[1.353s] -- Found OpenSSL: /usr/lib/x86_64-linux-gnu/libcrypto.so (found version "3.0.2")  
[1.400s] -- Found FastRTPS: /opt/ros/humble/include  
[1.466s] -- Using RMW implementation 'rmw_fastrtps_cpp' as default
[1.479s] -- Looking for pthread.h
[1.593s] -- Looking for pthread.h - found
[1.594s] -- Performing Test CMAKE_HAVE_LIBC_PTHREAD
[1.695s] -- Performing Test CMAKE_HAVE_LIBC_PTHREAD - Success
[1.696s] -- Found Threads: TRUE  
[1.867s] -- Found ament_lint_auto: 0.12.8 (/opt/ros/humble/share/ament_lint_auto/cmake)
[1.942s] -- Found rosidl_default_generators: 1.2.0 (/opt/ros/humble/share/rosidl_default_generators/cmake)
[2.223s] -- Found ament_cmake_ros: 0.10.0 (/opt/ros/humble/share/ament_cmake_ros/cmake)
[2.651s] -- Using all available rosidl_typesupport_c: rosidl_typesupport_fastrtps_c;rosidl_typesupport_introspection_c
[2.855s] -- Using all available rosidl_typesupport_cpp: rosidl_typesupport_fastrtps_cpp;rosidl_typesupport_introspection_cpp
[2.890s] -- Found PythonInterp: /usr/bin/python3 (found suitable version "3.10.12", minimum required is "3.6") 
[2.894s] -- Found python_cmake_module: 0.10.0 (/opt/ros/humble/share/python_cmake_module/cmake)
[2.921s] -- Found PythonLibs: /usr/lib/x86_64-linux-gnu/libpython3.10.so (found suitable version "3.10.12", minimum required is "3.5") 
[2.921s] -- Using PYTHON_EXECUTABLE: /usr/bin/python3
[2.921s] -- Using PYTHON_INCLUDE_DIRS: /usr/include/python3.10
[2.921s] -- Using PYTHON_LIBRARIES: /usr/lib/x86_64-linux-gnu/libpython3.10.so
[2.942s] -- Found PythonExtra: .so  
[3.166s] -- Using numpy include directory: /home/umut_ubuntu/.local/lib/python3.10/site-packages/numpy/core/include
[3.176s] -- Added test 'cppcheck' to perform static code analysis on C / C++ code
[3.176s] -- Configured cppcheck include dirs: 
[3.176s] -- Configured cppcheck exclude dirs and/or files: 
[3.177s] -- Added test 'lint_cmake' to check CMake code style
[3.178s] -- Added test 'uncrustify' to check C / C++ code style
[3.178s] -- Configured uncrustify additional arguments: 
[3.179s] -- Added test 'xmllint' to check XML markup files
[3.186s] -- Configuring done
[3.221s] -- Generating done
[3.224s] -- Build files have been written to: /home/umut_ubuntu/ros2_ws/build/more_interfaces
[3.237s] Invoked command in '/home/umut_ubuntu/ros2_ws/build/more_interfaces' returned '0': CMAKE_PREFIX_PATH=/opt/ros/humble /usr/bin/cmake /home/umut_ubuntu/ros2_ws/src/more_interfaces -DCMAKE_INSTALL_PREFIX=/home/umut_ubuntu/ros2_ws/install/more_interfaces
[3.240s] Invoking command in '/home/umut_ubuntu/ros2_ws/build/more_interfaces': CMAKE_PREFIX_PATH=/opt/ros/humble /usr/bin/cmake --build /home/umut_ubuntu/ros2_ws/build/more_interfaces -- -j12 -l12
[3.295s] [  3%] [34m[1mGenerating C code for ROS interfaces[0m
[3.307s] [  6%] [34m[1mGenerating C++ code for ROS interfaces[0m
[3.322s] [  6%] Built target ament_cmake_python_copy_more_interfaces
[3.561s] running egg_info
[3.561s] creating more_interfaces.egg-info
[3.561s] writing more_interfaces.egg-info/PKG-INFO
[3.561s] writing dependency_links to more_interfaces.egg-info/dependency_links.txt
[3.561s] writing top-level names to more_interfaces.egg-info/top_level.txt
[3.562s] writing manifest file 'more_interfaces.egg-info/SOURCES.txt'
[3.564s] reading manifest file 'more_interfaces.egg-info/SOURCES.txt'
[3.565s] writing manifest file 'more_interfaces.egg-info/SOURCES.txt'
[3.568s] [  6%] Built target more_interfaces__cpp
[3.575s] [  9%] [32mBuilding C object CMakeFiles/more_interfaces__rosidl_generator_c.dir/rosidl_generator_c/more_interfaces/msg/detail/address_book__functions.c.o[0m
[3.583s] [ 15%] [34m[1mGenerating C++ type support for eProsima Fast-RTPS[0m
[3.583s] [ 15%] [34m[1mGenerating C++ type support dispatch for ROS interfaces[0m
[3.591s] [ 18%] [34m[1mGenerating C++ introspection for ROS interfaces[0m
[3.605s] [ 18%] Built target ament_cmake_python_build_more_interfaces_egg
[3.648s] [ 21%] [32m[1mLinking C shared library libmore_interfaces__rosidl_generator_c.so[0m
[3.688s] [ 21%] Built target more_interfaces__rosidl_generator_c
[3.699s] [ 27%] [34m[1mGenerating C introspection for ROS interfaces[0m
[3.699s] [ 27%] [34m[1mGenerating C type support for eProsima Fast-RTPS[0m
[3.700s] [ 30%] [34m[1mGenerating C type support dispatch for ROS interfaces[0m
[3.798s] [ 33%] [32mBuilding CXX object CMakeFiles/more_interfaces__rosidl_typesupport_cpp.dir/rosidl_typesupport_cpp/more_interfaces/msg/address_book__type_support.cpp.o[0m
[3.819s] [ 36%] [32mBuilding CXX object CMakeFiles/more_interfaces__rosidl_typesupport_fastrtps_cpp.dir/rosidl_typesupport_fastrtps_cpp/more_interfaces/msg/detail/dds_fastrtps/address_book__type_support.cpp.o[0m
[3.824s] [ 39%] [32mBuilding CXX object CMakeFiles/more_interfaces__rosidl_typesupport_introspection_cpp.dir/rosidl_typesupport_introspection_cpp/more_interfaces/msg/detail/address_book__type_support.cpp.o[0m
[3.937s] [ 42%] [32mBuilding CXX object CMakeFiles/more_interfaces__rosidl_typesupport_c.dir/rosidl_typesupport_c/more_interfaces/msg/address_book__type_support.cpp.o[0m
[3.950s] [ 45%] [32mBuilding C object CMakeFiles/more_interfaces__rosidl_typesupport_introspection_c.dir/rosidl_typesupport_introspection_c/more_interfaces/msg/detail/address_book__type_support.c.o[0m
[3.950s] [ 48%] [32mBuilding CXX object CMakeFiles/more_interfaces__rosidl_typesupport_fastrtps_c.dir/rosidl_typesupport_fastrtps_c/more_interfaces/msg/detail/address_book__type_support_c.cpp.o[0m
[3.973s] [ 51%] [32m[1mLinking CXX shared library libmore_interfaces__rosidl_typesupport_c.so[0m
[3.991s] [ 54%] [32m[1mLinking C shared library libmore_interfaces__rosidl_typesupport_introspection_c.so[0m
[4.020s] [ 54%] Built target more_interfaces__rosidl_typesupport_c
[4.029s] [ 54%] Built target more_interfaces__rosidl_typesupport_introspection_c
[4.083s] [ 57%] [32m[1mLinking CXX shared library libmore_interfaces__rosidl_typesupport_cpp.so[0m
[4.131s] [ 57%] Built target more_interfaces__rosidl_typesupport_cpp
[4.155s] [ 60%] [32mBuilding CXX object CMakeFiles/publish_address_book.dir/src/publish_address_book.cpp.o[0m
[4.191s] [ 63%] [32m[1mLinking CXX shared library libmore_interfaces__rosidl_typesupport_fastrtps_cpp.so[0m
[4.191s] [ 66%] [32m[1mLinking CXX shared library libmore_interfaces__rosidl_typesupport_introspection_cpp.so[0m
[4.263s] [ 69%] [32m[1mLinking CXX shared library libmore_interfaces__rosidl_typesupport_fastrtps_c.so[0m
[4.296s] [ 69%] Built target more_interfaces__rosidl_typesupport_fastrtps_cpp
[4.296s] [ 69%] Built target more_interfaces__rosidl_typesupport_introspection_cpp
[4.367s] [ 69%] Built target more_interfaces__rosidl_typesupport_fastrtps_c
[4.403s] [ 69%] Built target more_interfaces
[4.429s] [ 72%] [34m[1mGenerating Python code for ROS interfaces[0m
[4.708s] [ 72%] Built target more_interfaces__py
[4.754s] [ 75%] [32mBuilding C object CMakeFiles/more_interfaces__rosidl_generator_py.dir/rosidl_generator_py/more_interfaces/msg/_address_book_s.c.o[0m
[4.899s] [ 78%] [32m[1mLinking C shared library rosidl_generator_py/more_interfaces/libmore_interfaces__rosidl_generator_py.so[0m
[4.992s] [ 78%] Built target more_interfaces__rosidl_generator_py
[5.020s] [ 81%] [32mBuilding C object CMakeFiles/more_interfaces__rosidl_typesupport_introspection_c__pyext.dir/rosidl_generator_py/more_interfaces/_more_interfaces_s.ep.rosidl_typesupport_introspection_c.c.o[0m
[5.026s] [ 87%] [32mBuilding C object CMakeFiles/more_interfaces__rosidl_typesupport_c__pyext.dir/rosidl_generator_py/more_interfaces/_more_interfaces_s.ep.rosidl_typesupport_c.c.o[0m
[5.027s] [ 87%] [32mBuilding C object CMakeFiles/more_interfaces__rosidl_typesupport_fastrtps_c__pyext.dir/rosidl_generator_py/more_interfaces/_more_interfaces_s.ep.rosidl_typesupport_fastrtps_c.c.o[0m
[5.117s] [ 90%] [32m[1mLinking C shared library rosidl_generator_py/more_interfaces/more_interfaces_s__rosidl_typesupport_introspection_c.cpython-310-x86_64-linux-gnu.so[0m
[5.119s] [ 93%] [32m[1mLinking C shared library rosidl_generator_py/more_interfaces/more_interfaces_s__rosidl_typesupport_fastrtps_c.cpython-310-x86_64-linux-gnu.so[0m
[5.122s] [ 96%] [32m[1mLinking C shared library rosidl_generator_py/more_interfaces/more_interfaces_s__rosidl_typesupport_c.cpython-310-x86_64-linux-gnu.so[0m
[5.159s] [ 96%] Built target more_interfaces__rosidl_typesupport_c__pyext
[5.166s] [ 96%] Built target more_interfaces__rosidl_typesupport_introspection_c__pyext
[5.179s] [ 96%] Built target more_interfaces__rosidl_typesupport_fastrtps_c__pyext
[7.798s] [100%] [32m[1mLinking CXX executable publish_address_book[0m
[8.025s] [100%] Built target publish_address_book
[8.041s] Invoked command in '/home/umut_ubuntu/ros2_ws/build/more_interfaces' returned '0': CMAKE_PREFIX_PATH=/opt/ros/humble /usr/bin/cmake --build /home/umut_ubuntu/ros2_ws/build/more_interfaces -- -j12 -l12
[8.200s] Invoking command in '/home/umut_ubuntu/ros2_ws/build/more_interfaces': CMAKE_PREFIX_PATH=/opt/ros/humble /usr/bin/cmake --install /home/umut_ubuntu/ros2_ws/build/more_interfaces
[8.220s] -- Install configuration: ""
[8.220s] -- Installing: /home/umut_ubuntu/ros2_ws/install/more_interfaces/lib/more_interfaces/publish_address_book
[8.225s] -- Set runtime path of "/home/umut_ubuntu/ros2_ws/install/more_interfaces/lib/more_interfaces/publish_address_book" to ""
[8.225s] -- Installing: /home/umut_ubuntu/ros2_ws/install/more_interfaces/share/ament_index/resource_index/rosidl_interfaces/more_interfaces
[8.225s] -- Installing: /home/umut_ubuntu/ros2_ws/install/more_interfaces/include/more_interfaces/more_interfaces
[8.226s] -- Installing: /home/umut_ubuntu/ros2_ws/install/more_interfaces/include/more_interfaces/more_interfaces/msg
[8.226s] -- Installing: /home/umut_ubuntu/ros2_ws/install/more_interfaces/include/more_interfaces/more_interfaces/msg/rosidl_generator_c__visibility_control.h
[8.226s] -- Installing: /home/umut_ubuntu/ros2_ws/install/more_interfaces/include/more_interfaces/more_interfaces/msg/address_book.h
[8.226s] -- Installing: /home/umut_ubuntu/ros2_ws/install/more_interfaces/include/more_interfaces/more_interfaces/msg/detail
[8.227s] -- Installing: /home/umut_ubuntu/ros2_ws/install/more_interfaces/include/more_interfaces/more_interfaces/msg/detail/address_book__type_support.h
[8.227s] -- Installing: /home/umut_ubuntu/ros2_ws/install/more_interfaces/include/more_interfaces/more_interfaces/msg/detail/address_book__functions.h
[8.227s] -- Installing: /home/umut_ubuntu/ros2_ws/install/more_interfaces/include/more_interfaces/more_interfaces/msg/detail/address_book__struct.h
[8.227s] -- Installing: /home/umut_ubuntu/ros2_ws/install/more_interfaces/include/more_interfaces/more_interfaces/msg/detail/address_book__functions.c
[8.228s] -- Installing: /home/umut_ubuntu/ros2_ws/install/more_interfaces/share/more_interfaces/environment/library_path.sh
[8.229s] -- Installing: /home/umut_ubuntu/ros2_ws/install/more_interfaces/share/more_interfaces/environment/library_path.dsv
[8.229s] -- Installing: /home/umut_ubuntu/ros2_ws/install/more_interfaces/lib/libmore_interfaces__rosidl_generator_c.so
[8.230s] -- Set runtime path of "/home/umut_ubuntu/ros2_ws/install/more_interfaces/lib/libmore_interfaces__rosidl_generator_c.so" to ""
[8.230s] -- Up-to-date: /home/umut_ubuntu/ros2_ws/install/more_interfaces/include/more_interfaces/more_interfaces
[8.230s] -- Up-to-date: /home/umut_ubuntu/ros2_ws/install/more_interfaces/include/more_interfaces/more_interfaces/msg
[8.231s] -- Installing: /home/umut_ubuntu/ros2_ws/install/more_interfaces/include/more_interfaces/more_interfaces/msg/rosidl_typesupport_fastrtps_c__visibility_control.h
[8.231s] -- Up-to-date: /home/umut_ubuntu/ros2_ws/install/more_interfaces/include/more_interfaces/more_interfaces/msg/detail
[8.231s] -- Installing: /home/umut_ubuntu/ros2_ws/install/more_interfaces/include/more_interfaces/more_interfaces/msg/detail/address_book__rosidl_typesupport_fastrtps_c.h
[8.231s] -- Installing: /home/umut_ubuntu/ros2_ws/install/more_interfaces/lib/libmore_interfaces__rosidl_typesupport_fastrtps_c.so
[8.232s] -- Set runtime path of "/home/umut_ubuntu/ros2_ws/install/more_interfaces/lib/libmore_interfaces__rosidl_typesupport_fastrtps_c.so" to ""
[8.232s] -- Up-to-date: /home/umut_ubuntu/ros2_ws/install/more_interfaces/include/more_interfaces/more_interfaces
[8.232s] -- Up-to-date: /home/umut_ubuntu/ros2_ws/install/more_interfaces/include/more_interfaces/more_interfaces/msg
[8.233s] -- Up-to-date: /home/umut_ubuntu/ros2_ws/install/more_interfaces/include/more_interfaces/more_interfaces/msg/detail
[8.233s] -- Installing: /home/umut_ubuntu/ros2_ws/install/more_interfaces/include/more_interfaces/more_interfaces/msg/detail/address_book__struct.hpp
[8.233s] -- Installing: /home/umut_ubuntu/ros2_ws/install/more_interfaces/include/more_interfaces/more_interfaces/msg/detail/address_book__builder.hpp
[8.233s] -- Installing: /home/umut_ubuntu/ros2_ws/install/more_interfaces/include/more_interfaces/more_interfaces/msg/detail/address_book__traits.hpp
[8.234s] -- Installing: /home/umut_ubuntu/ros2_ws/install/more_interfaces/include/more_interfaces/more_interfaces/msg/address_book.hpp
[8.234s] -- Up-to-date: /home/umut_ubuntu/ros2_ws/install/more_interfaces/include/more_interfaces/more_interfaces
[8.234s] -- Up-to-date: /home/umut_ubuntu/ros2_ws/install/more_interfaces/include/more_interfaces/more_interfaces/msg
[8.234s] -- Up-to-date: /home/umut_ubuntu/ros2_ws/install/more_interfaces/include/more_interfaces/more_interfaces/msg/detail
[8.235s] -- Installing: /home/umut_ubuntu/ros2_ws/install/more_interfaces/include/more_interfaces/more_interfaces/msg/detail/dds_fastrtps
[8.235s] -- Installing: /home/umut_ubuntu/ros2_ws/install/more_interfaces/include/more_interfaces/more_interfaces/msg/detail/address_book__rosidl_typesupport_fastrtps_cpp.hpp
[8.235s] -- Installing: /home/umut_ubuntu/ros2_ws/install/more_interfaces/include/more_interfaces/more_interfaces/msg/rosidl_typesupport_fastrtps_cpp__visibility_control.h
[8.235s] -- Installing: /home/umut_ubuntu/ros2_ws/install/more_interfaces/lib/libmore_interfaces__rosidl_typesupport_fastrtps_cpp.so
[8.236s] -- Set runtime path of "/home/umut_ubuntu/ros2_ws/install/more_interfaces/lib/libmore_interfaces__rosidl_typesupport_fastrtps_cpp.so" to ""
[8.237s] -- Up-to-date: /home/umut_ubuntu/ros2_ws/install/more_interfaces/include/more_interfaces/more_interfaces
[8.237s] -- Up-to-date: /home/umut_ubuntu/ros2_ws/install/more_interfaces/include/more_interfaces/more_interfaces/msg
[8.237s] -- Installing: /home/umut_ubuntu/ros2_ws/install/more_interfaces/include/more_interfaces/more_interfaces/msg/rosidl_typesupport_introspection_c__visibility_control.h
[8.237s] -- Up-to-date: /home/umut_ubuntu/ros2_ws/install/more_interfaces/include/more_interfaces/more_interfaces/msg/detail
[8.237s] -- Installing: /home/umut_ubuntu/ros2_ws/install/more_interfaces/include/more_interfaces/more_interfaces/msg/detail/address_book__type_support.c
[8.237s] -- Installing: /home/umut_ubuntu/ros2_ws/install/more_interfaces/include/more_interfaces/more_interfaces/msg/detail/address_book__rosidl_typesupport_introspection_c.h
[8.238s] -- Installing: /home/umut_ubuntu/ros2_ws/install/more_interfaces/lib/libmore_interfaces__rosidl_typesupport_introspection_c.so
[8.239s] -- Set runtime path of "/home/umut_ubuntu/ros2_ws/install/more_interfaces/lib/libmore_interfaces__rosidl_typesupport_introspection_c.so" to ""
[8.239s] -- Installing: /home/umut_ubuntu/ros2_ws/install/more_interfaces/lib/libmore_interfaces__rosidl_typesupport_c.so
[8.240s] -- Set runtime path of "/home/umut_ubuntu/ros2_ws/install/more_interfaces/lib/libmore_interfaces__rosidl_typesupport_c.so" to ""
[8.240s] -- Up-to-date: /home/umut_ubuntu/ros2_ws/install/more_interfaces/include/more_interfaces/more_interfaces
[8.240s] -- Up-to-date: /home/umut_ubuntu/ros2_ws/install/more_interfaces/include/more_interfaces/more_interfaces/msg
[8.240s] -- Up-to-date: /home/umut_ubuntu/ros2_ws/install/more_interfaces/include/more_interfaces/more_interfaces/msg/detail
[8.240s] -- Installing: /home/umut_ubuntu/ros2_ws/install/more_interfaces/include/more_interfaces/more_interfaces/msg/detail/address_book__type_support.cpp
[8.241s] -- Installing: /home/umut_ubuntu/ros2_ws/install/more_interfaces/include/more_interfaces/more_interfaces/msg/detail/address_book__rosidl_typesupport_introspection_cpp.hpp
[8.241s] -- Installing: /home/umut_ubuntu/ros2_ws/install/more_interfaces/lib/libmore_interfaces__rosidl_typesupport_introspection_cpp.so
[8.242s] -- Set runtime path of "/home/umut_ubuntu/ros2_ws/install/more_interfaces/lib/libmore_interfaces__rosidl_typesupport_introspection_cpp.so" to ""
[8.242s] -- Installing: /home/umut_ubuntu/ros2_ws/install/more_interfaces/lib/libmore_interfaces__rosidl_typesupport_cpp.so
[8.243s] -- Set runtime path of "/home/umut_ubuntu/ros2_ws/install/more_interfaces/lib/libmore_interfaces__rosidl_typesupport_cpp.so" to ""
[8.243s] -- Installing: /home/umut_ubuntu/ros2_ws/install/more_interfaces/share/more_interfaces/environment/pythonpath.sh
[8.244s] -- Installing: /home/umut_ubuntu/ros2_ws/install/more_interfaces/share/more_interfaces/environment/pythonpath.dsv
[8.244s] -- Installing: /home/umut_ubuntu/ros2_ws/install/more_interfaces/local/lib/python3.10/dist-packages/more_interfaces-0.0.0-py3.10.egg-info
[8.245s] -- Installing: /home/umut_ubuntu/ros2_ws/install/more_interfaces/local/lib/python3.10/dist-packages/more_interfaces-0.0.0-py3.10.egg-info/top_level.txt
[8.245s] -- Installing: /home/umut_ubuntu/ros2_ws/install/more_interfaces/local/lib/python3.10/dist-packages/more_interfaces-0.0.0-py3.10.egg-info/dependency_links.txt
[8.245s] -- Installing: /home/umut_ubuntu/ros2_ws/install/more_interfaces/local/lib/python3.10/dist-packages/more_interfaces-0.0.0-py3.10.egg-info/PKG-INFO
[8.245s] -- Installing: /home/umut_ubuntu/ros2_ws/install/more_interfaces/local/lib/python3.10/dist-packages/more_interfaces-0.0.0-py3.10.egg-info/SOURCES.txt
[8.246s] -- Installing: /home/umut_ubuntu/ros2_ws/install/more_interfaces/local/lib/python3.10/dist-packages/more_interfaces
[8.246s] -- Installing: /home/umut_ubuntu/ros2_ws/install/more_interfaces/local/lib/python3.10/dist-packages/more_interfaces/libmore_interfaces__rosidl_generator_py.so
[8.246s] -- Installing: /home/umut_ubuntu/ros2_ws/install/more_interfaces/local/lib/python3.10/dist-packages/more_interfaces/msg
[8.246s] -- Installing: /home/umut_ubuntu/ros2_ws/install/more_interfaces/local/lib/python3.10/dist-packages/more_interfaces/msg/_address_book_s.c
[8.247s] -- Installing: /home/umut_ubuntu/ros2_ws/install/more_interfaces/local/lib/python3.10/dist-packages/more_interfaces/msg/_address_book.py
[8.247s] -- Installing: /home/umut_ubuntu/ros2_ws/install/more_interfaces/local/lib/python3.10/dist-packages/more_interfaces/msg/__init__.py
[8.247s] -- Installing: /home/umut_ubuntu/ros2_ws/install/more_interfaces/local/lib/python3.10/dist-packages/more_interfaces/more_interfaces_s__rosidl_typesupport_c.cpython-310-x86_64-linux-gnu.so
[8.248s] -- Installing: /home/umut_ubuntu/ros2_ws/install/more_interfaces/local/lib/python3.10/dist-packages/more_interfaces/__init__.py
[8.248s] -- Installing: /home/umut_ubuntu/ros2_ws/install/more_interfaces/local/lib/python3.10/dist-packages/more_interfaces/_more_interfaces_s.ep.rosidl_typesupport_c.c
[8.248s] -- Installing: /home/umut_ubuntu/ros2_ws/install/more_interfaces/local/lib/python3.10/dist-packages/more_interfaces/_more_interfaces_s.ep.rosidl_typesupport_fastrtps_c.c
[8.249s] -- Installing: /home/umut_ubuntu/ros2_ws/install/more_interfaces/local/lib/python3.10/dist-packages/more_interfaces/_more_interfaces_s.ep.rosidl_typesupport_introspection_c.c
[8.249s] -- Installing: /home/umut_ubuntu/ros2_ws/install/more_interfaces/local/lib/python3.10/dist-packages/more_interfaces/more_interfaces_s__rosidl_typesupport_fastrtps_c.cpython-310-x86_64-linux-gnu.so
[8.249s] -- Installing: /home/umut_ubuntu/ros2_ws/install/more_interfaces/local/lib/python3.10/dist-packages/more_interfaces/more_interfaces_s__rosidl_typesupport_introspection_c.cpython-310-x86_64-linux-gnu.so
[8.291s] Listing '/home/umut_ubuntu/ros2_ws/install/more_interfaces/local/lib/python3.10/dist-packages/more_interfaces'...
[8.291s] Compiling '/home/umut_ubuntu/ros2_ws/install/more_interfaces/local/lib/python3.10/dist-packages/more_interfaces/__init__.py'...
[8.291s] Listing '/home/umut_ubuntu/ros2_ws/install/more_interfaces/local/lib/python3.10/dist-packages/more_interfaces/msg'...
[8.291s] Compiling '/home/umut_ubuntu/ros2_ws/install/more_interfaces/local/lib/python3.10/dist-packages/more_interfaces/msg/__init__.py'...
[8.292s] Compiling '/home/umut_ubuntu/ros2_ws/install/more_interfaces/local/lib/python3.10/dist-packages/more_interfaces/msg/_address_book.py'...
[8.296s] -- Installing: /home/umut_ubuntu/ros2_ws/install/more_interfaces/local/lib/python3.10/dist-packages/more_interfaces/more_interfaces_s__rosidl_typesupport_fastrtps_c.cpython-310-x86_64-linux-gnu.so
[8.297s] -- Set runtime path of "/home/umut_ubuntu/ros2_ws/install/more_interfaces/local/lib/python3.10/dist-packages/more_interfaces/more_interfaces_s__rosidl_typesupport_fastrtps_c.cpython-310-x86_64-linux-gnu.so" to ""
[8.297s] -- Installing: /home/umut_ubuntu/ros2_ws/install/more_interfaces/local/lib/python3.10/dist-packages/more_interfaces/more_interfaces_s__rosidl_typesupport_introspection_c.cpython-310-x86_64-linux-gnu.so
[8.297s] -- Set runtime path of "/home/umut_ubuntu/ros2_ws/install/more_interfaces/local/lib/python3.10/dist-packages/more_interfaces/more_interfaces_s__rosidl_typesupport_introspection_c.cpython-310-x86_64-linux-gnu.so" to ""
[8.297s] -- Installing: /home/umut_ubuntu/ros2_ws/install/more_interfaces/local/lib/python3.10/dist-packages/more_interfaces/more_interfaces_s__rosidl_typesupport_c.cpython-310-x86_64-linux-gnu.so
[8.298s] -- Set runtime path of "/home/umut_ubuntu/ros2_ws/install/more_interfaces/local/lib/python3.10/dist-packages/more_interfaces/more_interfaces_s__rosidl_typesupport_c.cpython-310-x86_64-linux-gnu.so" to ""
[8.298s] -- Installing: /home/umut_ubuntu/ros2_ws/install/more_interfaces/lib/libmore_interfaces__rosidl_generator_py.so
[8.298s] -- Set runtime path of "/home/umut_ubuntu/ros2_ws/install/more_interfaces/lib/libmore_interfaces__rosidl_generator_py.so" to ""
[8.298s] -- Installing: /home/umut_ubuntu/ros2_ws/install/more_interfaces/share/more_interfaces/msg/AddressBook.idl
[8.298s] -- Installing: /home/umut_ubuntu/ros2_ws/install/more_interfaces/share/more_interfaces/msg/AddressBook.msg
[8.299s] -- Installing: /home/umut_ubuntu/ros2_ws/install/more_interfaces/share/ament_index/resource_index/package_run_dependencies/more_interfaces
[8.299s] -- Installing: /home/umut_ubuntu/ros2_ws/install/more_interfaces/share/ament_index/resource_index/parent_prefix_path/more_interfaces
[8.299s] -- Installing: /home/umut_ubuntu/ros2_ws/install/more_interfaces/share/more_interfaces/environment/ament_prefix_path.sh
[8.299s] -- Installing: /home/umut_ubuntu/ros2_ws/install/more_interfaces/share/more_interfaces/environment/ament_prefix_path.dsv
[8.299s] -- Installing: /home/umut_ubuntu/ros2_ws/install/more_interfaces/share/more_interfaces/environment/path.sh
[8.299s] -- Installing: /home/umut_ubuntu/ros2_ws/install/more_interfaces/share/more_interfaces/environment/path.dsv
[8.300s] -- Installing: /home/umut_ubuntu/ros2_ws/install/more_interfaces/share/more_interfaces/local_setup.bash
[8.300s] -- Installing: /home/umut_ubuntu/ros2_ws/install/more_interfaces/share/more_interfaces/local_setup.sh
[8.300s] -- Installing: /home/umut_ubuntu/ros2_ws/install/more_interfaces/share/more_interfaces/local_setup.zsh
[8.300s] -- Installing: /home/umut_ubuntu/ros2_ws/install/more_interfaces/share/more_interfaces/local_setup.dsv
[8.300s] -- Installing: /home/umut_ubuntu/ros2_ws/install/more_interfaces/share/more_interfaces/package.dsv
[8.300s] -- Installing: /home/umut_ubuntu/ros2_ws/install/more_interfaces/share/ament_index/resource_index/packages/more_interfaces
[8.300s] -- Installing: /home/umut_ubuntu/ros2_ws/install/more_interfaces/share/more_interfaces/cmake/export_more_interfaces__rosidl_generator_cExport.cmake
[8.301s] -- Installing: /home/umut_ubuntu/ros2_ws/install/more_interfaces/share/more_interfaces/cmake/export_more_interfaces__rosidl_generator_cExport-noconfig.cmake
[8.301s] -- Installing: /home/umut_ubuntu/ros2_ws/install/more_interfaces/share/more_interfaces/cmake/export_more_interfaces__rosidl_typesupport_fastrtps_cExport.cmake
[8.301s] -- Installing: /home/umut_ubuntu/ros2_ws/install/more_interfaces/share/more_interfaces/cmake/export_more_interfaces__rosidl_typesupport_fastrtps_cExport-noconfig.cmake
[8.301s] -- Installing: /home/umut_ubuntu/ros2_ws/install/more_interfaces/share/more_interfaces/cmake/export_more_interfaces__rosidl_generator_cppExport.cmake
[8.301s] -- Installing: /home/umut_ubuntu/ros2_ws/install/more_interfaces/share/more_interfaces/cmake/export_more_interfaces__rosidl_typesupport_fastrtps_cppExport.cmake
[8.301s] -- Installing: /home/umut_ubuntu/ros2_ws/install/more_interfaces/share/more_interfaces/cmake/export_more_interfaces__rosidl_typesupport_fastrtps_cppExport-noconfig.cmake
[8.302s] -- Installing: /home/umut_ubuntu/ros2_ws/install/more_interfaces/share/more_interfaces/cmake/more_interfaces__rosidl_typesupport_introspection_cExport.cmake
[8.302s] -- Installing: /home/umut_ubuntu/ros2_ws/install/more_interfaces/share/more_interfaces/cmake/more_interfaces__rosidl_typesupport_introspection_cExport-noconfig.cmake
[8.302s] -- Installing: /home/umut_ubuntu/ros2_ws/install/more_interfaces/share/more_interfaces/cmake/more_interfaces__rosidl_typesupport_cExport.cmake
[8.302s] -- Installing: /home/umut_ubuntu/ros2_ws/install/more_interfaces/share/more_interfaces/cmake/more_interfaces__rosidl_typesupport_cExport-noconfig.cmake
[8.302s] -- Installing: /home/umut_ubuntu/ros2_ws/install/more_interfaces/share/more_interfaces/cmake/more_interfaces__rosidl_typesupport_introspection_cppExport.cmake
[8.302s] -- Installing: /home/umut_ubuntu/ros2_ws/install/more_interfaces/share/more_interfaces/cmake/more_interfaces__rosidl_typesupport_introspection_cppExport-noconfig.cmake
[8.302s] -- Installing: /home/umut_ubuntu/ros2_ws/install/more_interfaces/share/more_interfaces/cmake/more_interfaces__rosidl_typesupport_cppExport.cmake
[8.303s] -- Installing: /home/umut_ubuntu/ros2_ws/install/more_interfaces/share/more_interfaces/cmake/more_interfaces__rosidl_typesupport_cppExport-noconfig.cmake
[8.303s] -- Installing: /home/umut_ubuntu/ros2_ws/install/more_interfaces/share/more_interfaces/cmake/export_more_interfaces__rosidl_generator_pyExport.cmake
[8.303s] -- Installing: /home/umut_ubuntu/ros2_ws/install/more_interfaces/share/more_interfaces/cmake/export_more_interfaces__rosidl_generator_pyExport-noconfig.cmake
[8.303s] -- Installing: /home/umut_ubuntu/ros2_ws/install/more_interfaces/share/more_interfaces/cmake/rosidl_cmake-extras.cmake
[8.303s] -- Installing: /home/umut_ubuntu/ros2_ws/install/more_interfaces/share/more_interfaces/cmake/ament_cmake_export_include_directories-extras.cmake
[8.303s] -- Installing: /home/umut_ubuntu/ros2_ws/install/more_interfaces/share/more_interfaces/cmake/ament_cmake_export_libraries-extras.cmake
[8.304s] -- Installing: /home/umut_ubuntu/ros2_ws/install/more_interfaces/share/more_interfaces/cmake/ament_cmake_export_targets-extras.cmake
[8.304s] -- Installing: /home/umut_ubuntu/ros2_ws/install/more_interfaces/share/more_interfaces/cmake/rosidl_cmake_export_typesupport_targets-extras.cmake
[8.304s] -- Installing: /home/umut_ubuntu/ros2_ws/install/more_interfaces/share/more_interfaces/cmake/ament_cmake_export_dependencies-extras.cmake
[8.304s] -- Installing: /home/umut_ubuntu/ros2_ws/install/more_interfaces/share/more_interfaces/cmake/rosidl_cmake_export_typesupport_libraries-extras.cmake
[8.304s] -- Installing: /home/umut_ubuntu/ros2_ws/install/more_interfaces/share/more_interfaces/cmake/more_interfacesConfig.cmake
[8.304s] -- Installing: /home/umut_ubuntu/ros2_ws/install/more_interfaces/share/more_interfaces/cmake/more_interfacesConfig-version.cmake
[8.304s] -- Installing: /home/umut_ubuntu/ros2_ws/install/more_interfaces/share/more_interfaces/package.xml
[8.307s] Invoked command in '/home/umut_ubuntu/ros2_ws/build/more_interfaces' returned '0': CMAKE_PREFIX_PATH=/opt/ros/humble /usr/bin/cmake --install /home/umut_ubuntu/ros2_ws/build/more_interfaces
