[0.054s] Invoking command in '/home/umut_ubuntu/ros2_ws/build/turtlesim': CMAKE_PREFIX_PATH=/opt/ros/humble /usr/bin/cmake /home/umut_ubuntu/ros2_ws/src/ros_tutorials/turtlesim -DCMAKE_INSTALL_PREFIX=/home/umut_ubuntu/ros2_ws/install/turtlesim
[0.203s] -- The C compiler identification is GNU 11.4.0
[0.318s] -- The CXX compiler identification is GNU 11.4.0
[0.336s] -- Detecting C compiler ABI info
[0.446s] -- Detecting C compiler ABI info - done
[0.464s] -- Check for working C compiler: /usr/bin/cc - skipped
[0.464s] -- Detecting C compile features
[0.466s] -- Detecting C compile features - done
[0.474s] -- Detecting CXX compiler ABI info
[0.636s] -- Detecting CXX compiler ABI info - done
[0.655s] -- Check for working CXX compiler: /usr/bin/c++ - skipped
[0.656s] -- Detecting CXX compile features
[0.657s] -- Detecting CXX compile features - done
[0.677s] -- Found ament_cmake: 1.3.5 (/opt/ros/humble/share/ament_cmake/cmake)
[1.008s] -- Found Python3: /usr/bin/python3.10 (found version "3.10.12") found components: Interpreter 
[1.137s] -- Found ament_index_cpp: 1.4.0 (/opt/ros/humble/share/ament_index_cpp/cmake)
[1.140s] -- Found geometry_msgs: 4.2.3 (/opt/ros/humble/share/geometry_msgs/cmake)
[1.189s] -- Found rosidl_generator_c: 3.1.5 (/opt/ros/humble/share/rosidl_generator_c/cmake)
[1.194s] -- Found rosidl_adapter: 3.1.5 (/opt/ros/humble/share/rosidl_adapter/cmake)
[1.218s] -- Found rosidl_generator_cpp: 3.1.5 (/opt/ros/humble/share/rosidl_generator_cpp/cmake)
[1.246s] -- Using all available rosidl_typesupport_c: rosidl_typesupport_fastrtps_c;rosidl_typesupport_introspection_c
[1.270s] -- Using all available rosidl_typesupport_cpp: rosidl_typesupport_fastrtps_cpp;rosidl_typesupport_introspection_cpp
[1.417s] -- Found rclcpp: 16.0.6 (/opt/ros/humble/share/rclcpp/cmake)
[1.485s] -- Found rmw_implementation_cmake: 6.1.1 (/opt/ros/humble/share/rmw_implementation_cmake/cmake)
[1.488s] -- Found rmw_fastrtps_cpp: 6.2.4 (/opt/ros/humble/share/rmw_fastrtps_cpp/cmake)
[1.690s] -- Found OpenSSL: /usr/lib/x86_64-linux-gnu/libcrypto.so (found version "3.0.2")  
[1.764s] -- Found FastRTPS: /opt/ros/humble/include  
[1.817s] -- Using RMW implementation 'rmw_fastrtps_cpp' as default
[1.829s] -- Looking for pthread.h
[1.944s] -- Looking for pthread.h - found
[1.944s] -- Performing Test CMAKE_HAVE_LIBC_PTHREAD
[2.063s] -- Performing Test CMAKE_HAVE_LIBC_PTHREAD - Success
[2.065s] -- Found Threads: TRUE  
[2.201s] -- Found rclcpp_action: 16.0.6 (/opt/ros/humble/share/rclcpp_action/cmake)
[2.299s] -- Found rosidl_default_generators: 1.2.0 (/opt/ros/humble/share/rosidl_default_generators/cmake)
[2.310s] -- Found std_srvs: 4.2.3 (/opt/ros/humble/share/std_srvs/cmake)
[2.750s] -- Found ament_cmake_ros: 0.10.0 (/opt/ros/humble/share/ament_cmake_ros/cmake)
[3.385s] -- Using all available rosidl_typesupport_c: rosidl_typesupport_fastrtps_c;rosidl_typesupport_introspection_c
[3.672s] -- Using all available rosidl_typesupport_cpp: rosidl_typesupport_fastrtps_cpp;rosidl_typesupport_introspection_cpp
[3.698s] -- Found PythonInterp: /usr/bin/python3 (found suitable version "3.10.12", minimum required is "3.6") 
[3.702s] -- Found python_cmake_module: 0.10.0 (/opt/ros/humble/share/python_cmake_module/cmake)
[3.762s] -- Found PythonLibs: /usr/lib/x86_64-linux-gnu/libpython3.10.so (found suitable version "3.10.12", minimum required is "3.5") 
[3.762s] -- Using PYTHON_EXECUTABLE: /usr/bin/python3
[3.762s] -- Using PYTHON_INCLUDE_DIRS: /usr/include/python3.10
[3.762s] -- Using PYTHON_LIBRARIES: /usr/lib/x86_64-linux-gnu/libpython3.10.so
[3.783s] -- Found PythonExtra: .so  
[3.884s] -- Configuring done
[3.949s] -- Generating done
[3.952s] -- Build files have been written to: /home/umut_ubuntu/ros2_ws/build/turtlesim
[3.967s] Invoked command in '/home/umut_ubuntu/ros2_ws/build/turtlesim' returned '0': CMAKE_PREFIX_PATH=/opt/ros/humble /usr/bin/cmake /home/umut_ubuntu/ros2_ws/src/ros_tutorials/turtlesim -DCMAKE_INSTALL_PREFIX=/home/umut_ubuntu/ros2_ws/install/turtlesim
[3.971s] Invoking command in '/home/umut_ubuntu/ros2_ws/build/turtlesim': CMAKE_PREFIX_PATH=/opt/ros/humble /usr/bin/cmake --build /home/umut_ubuntu/ros2_ws/build/turtlesim -- -j12 -l12
[4.029s] [  1%] [34m[1mGenerating C code for ROS interfaces[0m
[4.047s] [  2%] [34m[1mGenerating C++ code for ROS interfaces[0m
[4.058s] [  2%] Built target ament_cmake_python_copy_turtlesim
[4.301s] running egg_info
[4.302s] creating turtlesim.egg-info
[4.302s] writing turtlesim.egg-info/PKG-INFO
[4.302s] writing dependency_links to turtlesim.egg-info/dependency_links.txt
[4.302s] writing top-level names to turtlesim.egg-info/top_level.txt
[4.303s] writing manifest file 'turtlesim.egg-info/SOURCES.txt'
[4.305s] reading manifest file 'turtlesim.egg-info/SOURCES.txt'
[4.305s] writing manifest file 'turtlesim.egg-info/SOURCES.txt'
[4.337s] [  2%] Built target ament_cmake_python_build_turtlesim_egg
[4.800s] [  2%] Built target turtlesim__cpp
[4.823s] [  3%] [34m[1mGenerating C++ type support for eProsima Fast-RTPS[0m
[4.824s] [  4%] [34m[1mGenerating C++ type support dispatch for ROS interfaces[0m
[4.824s] [  5%] [34m[1mGenerating C++ introspection for ROS interfaces[0m
[4.889s] [  7%] [32mBuilding C object CMakeFiles/turtlesim__rosidl_generator_c.dir/rosidl_generator_c/turtlesim/msg/detail/pose__functions.c.o[0m
[4.889s] [  7%] [32mBuilding C object CMakeFiles/turtlesim__rosidl_generator_c.dir/rosidl_generator_c/turtlesim/action/detail/rotate_absolute__functions.c.o[0m
[4.890s] [  8%] [32mBuilding C object CMakeFiles/turtlesim__rosidl_generator_c.dir/rosidl_generator_c/turtlesim/msg/detail/color__functions.c.o[0m
[4.890s] [ 10%] [32mBuilding C object CMakeFiles/turtlesim__rosidl_generator_c.dir/rosidl_generator_c/turtlesim/srv/detail/spawn__functions.c.o[0m
[4.891s] [ 10%] [32mBuilding C object CMakeFiles/turtlesim__rosidl_generator_c.dir/rosidl_generator_c/turtlesim/srv/detail/teleport_relative__functions.c.o[0m
[4.891s] [ 11%] [32mBuilding C object CMakeFiles/turtlesim__rosidl_generator_c.dir/rosidl_generator_c/turtlesim/srv/detail/teleport_absolute__functions.c.o[0m
[4.893s] [ 13%] [32mBuilding C object CMakeFiles/turtlesim__rosidl_generator_c.dir/rosidl_generator_c/turtlesim/srv/detail/kill__functions.c.o[0m
[4.893s] [ 13%] [32mBuilding C object CMakeFiles/turtlesim__rosidl_generator_c.dir/rosidl_generator_c/turtlesim/srv/detail/set_pen__functions.c.o[0m
[5.048s] [ 14%] [32m[1mLinking C shared library libturtlesim__rosidl_generator_c.so[0m
[5.093s] [ 14%] Built target turtlesim__rosidl_generator_c
[5.105s] [ 16%] [34m[1mGenerating C type support dispatch for ROS interfaces[0m
[5.105s] [ 16%] [34m[1mGenerating C type support for eProsima Fast-RTPS[0m
[5.106s] [ 17%] [34m[1mGenerating C introspection for ROS interfaces[0m
[5.338s] [ 23%] [32mBuilding CXX object CMakeFiles/turtlesim__rosidl_typesupport_cpp.dir/rosidl_typesupport_cpp/turtlesim/srv/teleport_absolute__type_support.cpp.o[0m
[5.338s] [ 23%] [32mBuilding CXX object CMakeFiles/turtlesim__rosidl_typesupport_cpp.dir/rosidl_typesupport_cpp/turtlesim/msg/color__type_support.cpp.o[0m
[5.339s] [ 23%] [32mBuilding CXX object CMakeFiles/turtlesim__rosidl_typesupport_cpp.dir/rosidl_typesupport_cpp/turtlesim/action/rotate_absolute__type_support.cpp.o[0m
[5.339s] [ 24%] [32mBuilding CXX object CMakeFiles/turtlesim__rosidl_typesupport_cpp.dir/rosidl_typesupport_cpp/turtlesim/srv/spawn__type_support.cpp.o[0m
[5.339s] [ 23%] [32mBuilding CXX object CMakeFiles/turtlesim__rosidl_typesupport_cpp.dir/rosidl_typesupport_cpp/turtlesim/msg/pose__type_support.cpp.o[0m
[5.339s] [ 23%] [32mBuilding CXX object CMakeFiles/turtlesim__rosidl_typesupport_cpp.dir/rosidl_typesupport_cpp/turtlesim/srv/set_pen__type_support.cpp.o[0m
[5.339s] [ 23%] [32mBuilding CXX object CMakeFiles/turtlesim__rosidl_typesupport_cpp.dir/rosidl_typesupport_cpp/turtlesim/srv/kill__type_support.cpp.o[0m
[5.745s] [ 25%] [32mBuilding CXX object CMakeFiles/turtlesim__rosidl_typesupport_cpp.dir/rosidl_typesupport_cpp/turtlesim/srv/teleport_relative__type_support.cpp.o[0m
[5.748s] [ 26%] [32mBuilding CXX object CMakeFiles/turtlesim__rosidl_typesupport_introspection_cpp.dir/rosidl_typesupport_introspection_cpp/turtlesim/action/detail/rotate_absolute__type_support.cpp.o[0m
[5.758s] [ 27%] [32mBuilding CXX object CMakeFiles/turtlesim__rosidl_typesupport_introspection_cpp.dir/rosidl_typesupport_introspection_cpp/turtlesim/msg/detail/color__type_support.cpp.o[0m
[5.762s] [ 28%] [32mBuilding CXX object CMakeFiles/turtlesim__rosidl_typesupport_introspection_cpp.dir/rosidl_typesupport_introspection_cpp/turtlesim/srv/detail/kill__type_support.cpp.o[0m
[5.763s] [ 29%] [32mBuilding CXX object CMakeFiles/turtlesim__rosidl_typesupport_introspection_cpp.dir/rosidl_typesupport_introspection_cpp/turtlesim/msg/detail/pose__type_support.cpp.o[0m
[5.776s] [ 30%] [32mBuilding CXX object CMakeFiles/turtlesim__rosidl_typesupport_introspection_cpp.dir/rosidl_typesupport_introspection_cpp/turtlesim/srv/detail/set_pen__type_support.cpp.o[0m
[5.777s] [ 31%] [32mBuilding CXX object CMakeFiles/turtlesim__rosidl_typesupport_c.dir/rosidl_typesupport_c/turtlesim/action/rotate_absolute__type_support.cpp.o[0m
[5.832s] [ 32%] [32mBuilding CXX object CMakeFiles/turtlesim__rosidl_typesupport_c.dir/rosidl_typesupport_c/turtlesim/msg/color__type_support.cpp.o[0m
[5.853s] [ 33%] [32mBuilding CXX object CMakeFiles/turtlesim__rosidl_typesupport_fastrtps_cpp.dir/rosidl_typesupport_fastrtps_cpp/turtlesim/action/detail/dds_fastrtps/rotate_absolute__type_support.cpp.o[0m
[5.856s] [ 34%] [32mBuilding CXX object CMakeFiles/turtlesim__rosidl_typesupport_c.dir/rosidl_typesupport_c/turtlesim/msg/pose__type_support.cpp.o[0m
[5.885s] [ 35%] [32mBuilding CXX object CMakeFiles/turtlesim__rosidl_typesupport_fastrtps_cpp.dir/rosidl_typesupport_fastrtps_cpp/turtlesim/msg/detail/dds_fastrtps/color__type_support.cpp.o[0m
[5.911s] [ 36%] [32mBuilding CXX object CMakeFiles/turtlesim__rosidl_typesupport_c.dir/rosidl_typesupport_c/turtlesim/srv/kill__type_support.cpp.o[0m
[5.969s] [ 37%] [32mBuilding CXX object CMakeFiles/turtlesim__rosidl_typesupport_c.dir/rosidl_typesupport_c/turtlesim/srv/set_pen__type_support.cpp.o[0m
[6.020s] [ 38%] [32mBuilding CXX object CMakeFiles/turtlesim__rosidl_typesupport_c.dir/rosidl_typesupport_c/turtlesim/srv/spawn__type_support.cpp.o[0m
[6.076s] [ 39%] [32mBuilding CXX object CMakeFiles/turtlesim__rosidl_typesupport_c.dir/rosidl_typesupport_c/turtlesim/srv/teleport_absolute__type_support.cpp.o[0m
[6.127s] [ 40%] [32m[1mLinking CXX shared library libturtlesim__rosidl_typesupport_cpp.so[0m
[6.130s] [ 41%] [32mBuilding CXX object CMakeFiles/turtlesim__rosidl_typesupport_c.dir/rosidl_typesupport_c/turtlesim/srv/teleport_relative__type_support.cpp.o[0m
[6.135s] [ 42%] [32mBuilding CXX object CMakeFiles/turtlesim__rosidl_typesupport_introspection_cpp.dir/rosidl_typesupport_introspection_cpp/turtlesim/srv/detail/spawn__type_support.cpp.o[0m
[6.167s] [ 43%] [32mBuilding CXX object CMakeFiles/turtlesim__rosidl_typesupport_fastrtps_c.dir/rosidl_typesupport_fastrtps_c/turtlesim/action/detail/rotate_absolute__type_support_c.cpp.o[0m
[6.186s] [ 44%] [32m[1mLinking CXX shared library libturtlesim__rosidl_typesupport_c.so[0m
[6.187s] [ 45%] [32mBuilding C object CMakeFiles/turtlesim__rosidl_typesupport_introspection_c.dir/rosidl_typesupport_introspection_c/turtlesim/action/detail/rotate_absolute__type_support.c.o[0m
[6.208s] [ 45%] Built target turtlesim__rosidl_typesupport_cpp
[6.227s] [ 46%] [32mBuilding CXX object CMakeFiles/turtlesim__rosidl_typesupport_fastrtps_c.dir/rosidl_typesupport_fastrtps_c/turtlesim/msg/detail/color__type_support_c.cpp.o[0m
[6.272s] [ 46%] Built target turtlesim__rosidl_typesupport_c
[6.278s] [ 47%] [32mBuilding C object CMakeFiles/turtlesim__rosidl_typesupport_introspection_c.dir/rosidl_typesupport_introspection_c/turtlesim/msg/detail/color__type_support.c.o[0m
[6.288s] [ 50%] [32mBuilding C object CMakeFiles/turtlesim__rosidl_typesupport_introspection_c.dir/rosidl_typesupport_introspection_c/turtlesim/msg/detail/pose__type_support.c.o[0m
[6.288s] [ 50%] [34m[1mGenerating include/turtlesim/moc_turtle_frame.cpp[0m
[6.289s] [ 50%] [32mBuilding CXX object CMakeFiles/turtlesim__rosidl_typesupport_introspection_cpp.dir/rosidl_typesupport_introspection_cpp/turtlesim/srv/detail/teleport_absolute__type_support.cpp.o[0m
[6.334s] [ 51%] [32mBuilding CXX object CMakeFiles/turtlesim__rosidl_typesupport_introspection_cpp.dir/rosidl_typesupport_introspection_cpp/turtlesim/srv/detail/teleport_relative__type_support.cpp.o[0m
[6.334s] [ 52%] [32mBuilding C object CMakeFiles/turtlesim__rosidl_typesupport_introspection_c.dir/rosidl_typesupport_introspection_c/turtlesim/srv/detail/kill__type_support.c.o[0m
[6.345s] [ 53%] [32mBuilding C object CMakeFiles/turtlesim__rosidl_typesupport_introspection_c.dir/rosidl_typesupport_introspection_c/turtlesim/srv/detail/set_pen__type_support.c.o[0m
[6.350s] [ 54%] [32mBuilding C object CMakeFiles/turtlesim__rosidl_typesupport_introspection_c.dir/rosidl_typesupport_introspection_c/turtlesim/srv/detail/spawn__type_support.c.o[0m
[6.416s] [ 55%] [32mBuilding C object CMakeFiles/turtlesim__rosidl_typesupport_introspection_c.dir/rosidl_typesupport_introspection_c/turtlesim/srv/detail/teleport_absolute__type_support.c.o[0m
[6.429s] [ 56%] [32mBuilding CXX object CMakeFiles/turtle_teleop_key.dir/tutorials/teleop_turtle_key.cpp.o[0m
[6.436s] [ 57%] [32mBuilding CXX object CMakeFiles/draw_square.dir/tutorials/draw_square.cpp.o[0m
[6.438s] [ 58%] [32mBuilding CXX object CMakeFiles/turtlesim_node.dir/src/turtlesim.cpp.o[0m
[6.479s] [ 59%] [32mBuilding C object CMakeFiles/turtlesim__rosidl_typesupport_introspection_c.dir/rosidl_typesupport_introspection_c/turtlesim/srv/detail/teleport_relative__type_support.c.o[0m
[6.506s] [ 60%] [32mBuilding CXX object CMakeFiles/turtlesim__rosidl_typesupport_fastrtps_cpp.dir/rosidl_typesupport_fastrtps_cpp/turtlesim/msg/detail/dds_fastrtps/pose__type_support.cpp.o[0m
[6.541s] [ 61%] [32m[1mLinking C shared library libturtlesim__rosidl_typesupport_introspection_c.so[0m
[6.605s] [ 61%] Built target turtlesim__rosidl_typesupport_introspection_c
[6.614s] [ 62%] [32mBuilding CXX object CMakeFiles/turtlesim__rosidl_typesupport_fastrtps_cpp.dir/rosidl_typesupport_fastrtps_cpp/turtlesim/srv/detail/dds_fastrtps/kill__type_support.cpp.o[0m
[6.621s] [ 63%] [32mBuilding CXX object CMakeFiles/turtlesim__rosidl_typesupport_fastrtps_cpp.dir/rosidl_typesupport_fastrtps_cpp/turtlesim/srv/detail/dds_fastrtps/set_pen__type_support.cpp.o[0m
[6.674s] [ 64%] [32mBuilding CXX object CMakeFiles/turtlesim__rosidl_typesupport_fastrtps_cpp.dir/rosidl_typesupport_fastrtps_cpp/turtlesim/srv/detail/dds_fastrtps/spawn__type_support.cpp.o[0m
[6.694s] [ 65%] [32mBuilding CXX object CMakeFiles/turtlesim__rosidl_typesupport_fastrtps_c.dir/rosidl_typesupport_fastrtps_c/turtlesim/msg/detail/pose__type_support_c.cpp.o[0m
[6.704s] [ 66%] [32mBuilding CXX object CMakeFiles/turtlesim__rosidl_typesupport_fastrtps_cpp.dir/rosidl_typesupport_fastrtps_cpp/turtlesim/srv/detail/dds_fastrtps/teleport_absolute__type_support.cpp.o[0m
[6.707s] [ 67%] [32mBuilding CXX object CMakeFiles/turtlesim__rosidl_typesupport_fastrtps_c.dir/rosidl_typesupport_fastrtps_c/turtlesim/srv/detail/kill__type_support_c.cpp.o[0m
[6.829s] [ 68%] [32mBuilding CXX object CMakeFiles/turtlesim__rosidl_typesupport_fastrtps_c.dir/rosidl_typesupport_fastrtps_c/turtlesim/srv/detail/set_pen__type_support_c.cpp.o[0m
[6.870s] [ 69%] [32m[1mLinking CXX shared library libturtlesim__rosidl_typesupport_introspection_cpp.so[0m
[7.029s] [ 70%] [32mBuilding CXX object CMakeFiles/turtlesim__rosidl_typesupport_fastrtps_cpp.dir/rosidl_typesupport_fastrtps_cpp/turtlesim/srv/detail/dds_fastrtps/teleport_relative__type_support.cpp.o[0m
[7.075s] [ 70%] Built target turtlesim__rosidl_typesupport_introspection_cpp
[7.114s] [ 71%] [32mBuilding CXX object CMakeFiles/mimic.dir/tutorials/mimic.cpp.o[0m
[7.147s] [ 72%] [32mBuilding CXX object CMakeFiles/turtlesim__rosidl_typesupport_fastrtps_c.dir/rosidl_typesupport_fastrtps_c/turtlesim/srv/detail/spawn__type_support_c.cpp.o[0m
[7.187s] [ 74%] [32mBuilding CXX object CMakeFiles/turtlesim_node.dir/src/turtle.cpp.o[0m
[7.187s] [ 74%] [32mBuilding CXX object CMakeFiles/turtlesim__rosidl_typesupport_fastrtps_c.dir/rosidl_typesupport_fastrtps_c/turtlesim/srv/detail/teleport_absolute__type_support_c.cpp.o[0m
[7.217s] [ 75%] [32mBuilding CXX object CMakeFiles/turtlesim_node.dir/src/turtle_frame.cpp.o[0m
[7.270s] [ 76%] [32mBuilding CXX object CMakeFiles/turtlesim_node.dir/include/turtlesim/moc_turtle_frame.cpp.o[0m
[7.291s] [ 77%] [32mBuilding CXX object CMakeFiles/turtlesim__rosidl_typesupport_fastrtps_c.dir/rosidl_typesupport_fastrtps_c/turtlesim/srv/detail/teleport_relative__type_support_c.cpp.o[0m
[7.541s] [ 78%] [32m[1mLinking CXX shared library libturtlesim__rosidl_typesupport_fastrtps_cpp.so[0m
[7.704s] [ 78%] Built target turtlesim__rosidl_typesupport_fastrtps_cpp
[7.752s] [ 79%] [32m[1mLinking CXX shared library libturtlesim__rosidl_typesupport_fastrtps_c.so[0m
[7.882s] [ 79%] Built target turtlesim__rosidl_typesupport_fastrtps_c
[7.909s] [ 79%] Built target turtlesim
[7.937s] [ 80%] [34m[1mGenerating Python code for ROS interfaces[0m
[10.217s] [ 80%] Built target turtlesim__py
[10.247s] [ 85%] [32mBuilding C object CMakeFiles/turtlesim__rosidl_generator_py.dir/rosidl_generator_py/turtlesim/action/_rotate_absolute_s.c.o[0m
[10.247s] [ 85%] [32mBuilding C object CMakeFiles/turtlesim__rosidl_generator_py.dir/rosidl_generator_py/turtlesim/srv/_set_pen_s.c.o[0m
[10.247s] [ 85%] [32mBuilding C object CMakeFiles/turtlesim__rosidl_generator_py.dir/rosidl_generator_py/turtlesim/msg/_color_s.c.o[0m
[10.247s] [ 85%] [32mBuilding C object CMakeFiles/turtlesim__rosidl_generator_py.dir/rosidl_generator_py/turtlesim/msg/_pose_s.c.o[0m
[10.247s] [ 85%] [32mBuilding C object CMakeFiles/turtlesim__rosidl_generator_py.dir/rosidl_generator_py/turtlesim/srv/_kill_s.c.o[0m
[10.457s] [ 86%] [32mBuilding C object CMakeFiles/turtlesim__rosidl_generator_py.dir/rosidl_generator_py/turtlesim/srv/_teleport_relative_s.c.o[0m
[10.457s] [ 87%] [32mBuilding C object CMakeFiles/turtlesim__rosidl_generator_py.dir/rosidl_generator_py/turtlesim/srv/_spawn_s.c.o[0m
[10.457s] [ 88%] [32mBuilding C object CMakeFiles/turtlesim__rosidl_generator_py.dir/rosidl_generator_py/turtlesim/srv/_teleport_absolute_s.c.o[0m
[10.630s] [ 89%] [32m[1mLinking C shared library rosidl_generator_py/turtlesim/libturtlesim__rosidl_generator_py.so[0m
[10.694s] [ 89%] Built target turtlesim__rosidl_generator_py
[10.727s] [ 92%] [32mBuilding C object CMakeFiles/turtlesim__rosidl_typesupport_fastrtps_c__pyext.dir/rosidl_generator_py/turtlesim/_turtlesim_s.ep.rosidl_typesupport_fastrtps_c.c.o[0m
[10.728s] [ 92%] [32mBuilding C object CMakeFiles/turtlesim__rosidl_typesupport_introspection_c__pyext.dir/rosidl_generator_py/turtlesim/_turtlesim_s.ep.rosidl_typesupport_introspection_c.c.o[0m
[10.728s] [ 92%] [32mBuilding C object CMakeFiles/turtlesim__rosidl_typesupport_c__pyext.dir/rosidl_generator_py/turtlesim/_turtlesim_s.ep.rosidl_typesupport_c.c.o[0m
[10.939s] [ 93%] [32m[1mLinking C shared library rosidl_generator_py/turtlesim/turtlesim_s__rosidl_typesupport_fastrtps_c.cpython-310-x86_64-linux-gnu.so[0m
[10.966s] [ 94%] [32m[1mLinking C shared library rosidl_generator_py/turtlesim/turtlesim_s__rosidl_typesupport_c.cpython-310-x86_64-linux-gnu.so[0m
[10.976s] [ 95%] [32m[1mLinking C shared library rosidl_generator_py/turtlesim/turtlesim_s__rosidl_typesupport_introspection_c.cpython-310-x86_64-linux-gnu.so[0m
[11.009s] [ 95%] Built target turtlesim__rosidl_typesupport_fastrtps_c__pyext
[11.021s] [ 95%] Built target turtlesim__rosidl_typesupport_c__pyext
[11.038s] [ 95%] Built target turtlesim__rosidl_typesupport_introspection_c__pyext
[14.352s] [ 96%] [32m[1mLinking CXX executable turtle_teleop_key[0m
[14.805s] [ 96%] Built target turtle_teleop_key
[16.565s] [ 97%] [32m[1mLinking CXX executable mimic[0m
[16.623s] [ 98%] [32m[1mLinking CXX executable draw_square[0m
[17.223s] [ 98%] Built target mimic
[17.336s] [ 98%] Built target draw_square
[20.548s] [100%] [32m[1mLinking CXX executable turtlesim_node[0m
[23.015s] [100%] Built target turtlesim_node
[23.049s] Invoked command in '/home/umut_ubuntu/ros2_ws/build/turtlesim' returned '0': CMAKE_PREFIX_PATH=/opt/ros/humble /usr/bin/cmake --build /home/umut_ubuntu/ros2_ws/build/turtlesim -- -j12 -l12
[23.499s] Invoking command in '/home/umut_ubuntu/ros2_ws/build/turtlesim': CMAKE_PREFIX_PATH=/opt/ros/humble /usr/bin/cmake --install /home/umut_ubuntu/ros2_ws/build/turtlesim
[23.519s] -- Install configuration: ""
[23.520s] -- Installing: /home/umut_ubuntu/ros2_ws/install/turtlesim/share/ament_index/resource_index/rosidl_interfaces/turtlesim
[23.520s] -- Installing: /home/umut_ubuntu/ros2_ws/install/turtlesim/include/turtlesim/turtlesim
[23.521s] -- Installing: /home/umut_ubuntu/ros2_ws/install/turtlesim/include/turtlesim/turtlesim/msg
[23.521s] -- Installing: /home/umut_ubuntu/ros2_ws/install/turtlesim/include/turtlesim/turtlesim/msg/rosidl_generator_c__visibility_control.h
[23.521s] -- Installing: /home/umut_ubuntu/ros2_ws/install/turtlesim/include/turtlesim/turtlesim/msg/detail
[23.522s] -- Installing: /home/umut_ubuntu/ros2_ws/install/turtlesim/include/turtlesim/turtlesim/msg/detail/color__struct.h
[23.522s] -- Installing: /home/umut_ubuntu/ros2_ws/install/turtlesim/include/turtlesim/turtlesim/msg/detail/pose__functions.c
[23.522s] -- Installing: /home/umut_ubuntu/ros2_ws/install/turtlesim/include/turtlesim/turtlesim/msg/detail/pose__struct.h
[23.523s] -- Installing: /home/umut_ubuntu/ros2_ws/install/turtlesim/include/turtlesim/turtlesim/msg/detail/pose__functions.h
[23.523s] -- Installing: /home/umut_ubuntu/ros2_ws/install/turtlesim/include/turtlesim/turtlesim/msg/detail/pose__type_support.h
[23.523s] -- Installing: /home/umut_ubuntu/ros2_ws/install/turtlesim/include/turtlesim/turtlesim/msg/detail/color__type_support.h
[23.524s] -- Installing: /home/umut_ubuntu/ros2_ws/install/turtlesim/include/turtlesim/turtlesim/msg/detail/color__functions.h
[23.524s] -- Installing: /home/umut_ubuntu/ros2_ws/install/turtlesim/include/turtlesim/turtlesim/msg/detail/color__functions.c
[23.524s] -- Installing: /home/umut_ubuntu/ros2_ws/install/turtlesim/include/turtlesim/turtlesim/msg/pose.h
[23.525s] -- Installing: /home/umut_ubuntu/ros2_ws/install/turtlesim/include/turtlesim/turtlesim/msg/color.h
[23.525s] -- Installing: /home/umut_ubuntu/ros2_ws/install/turtlesim/include/turtlesim/turtlesim/action
[23.525s] -- Installing: /home/umut_ubuntu/ros2_ws/install/turtlesim/include/turtlesim/turtlesim/action/rotate_absolute.h
[23.526s] -- Installing: /home/umut_ubuntu/ros2_ws/install/turtlesim/include/turtlesim/turtlesim/action/detail
[23.526s] -- Installing: /home/umut_ubuntu/ros2_ws/install/turtlesim/include/turtlesim/turtlesim/action/detail/rotate_absolute__struct.h
[23.526s] -- Installing: /home/umut_ubuntu/ros2_ws/install/turtlesim/include/turtlesim/turtlesim/action/detail/rotate_absolute__type_support.h
[23.527s] -- Installing: /home/umut_ubuntu/ros2_ws/install/turtlesim/include/turtlesim/turtlesim/action/detail/rotate_absolute__functions.h
[23.527s] -- Installing: /home/umut_ubuntu/ros2_ws/install/turtlesim/include/turtlesim/turtlesim/action/detail/rotate_absolute__functions.c
[23.528s] -- Installing: /home/umut_ubuntu/ros2_ws/install/turtlesim/include/turtlesim/turtlesim/srv
[23.528s] -- Installing: /home/umut_ubuntu/ros2_ws/install/turtlesim/include/turtlesim/turtlesim/srv/spawn.h
[23.529s] -- Installing: /home/umut_ubuntu/ros2_ws/install/turtlesim/include/turtlesim/turtlesim/srv/teleport_relative.h
[23.529s] -- Installing: /home/umut_ubuntu/ros2_ws/install/turtlesim/include/turtlesim/turtlesim/srv/kill.h
[23.529s] -- Installing: /home/umut_ubuntu/ros2_ws/install/turtlesim/include/turtlesim/turtlesim/srv/detail
[23.530s] -- Installing: /home/umut_ubuntu/ros2_ws/install/turtlesim/include/turtlesim/turtlesim/srv/detail/spawn__functions.c
[23.530s] -- Installing: /home/umut_ubuntu/ros2_ws/install/turtlesim/include/turtlesim/turtlesim/srv/detail/set_pen__functions.c
[23.530s] -- Installing: /home/umut_ubuntu/ros2_ws/install/turtlesim/include/turtlesim/turtlesim/srv/detail/set_pen__functions.h
[23.531s] -- Installing: /home/umut_ubuntu/ros2_ws/install/turtlesim/include/turtlesim/turtlesim/srv/detail/teleport_relative__struct.h
[23.531s] -- Installing: /home/umut_ubuntu/ros2_ws/install/turtlesim/include/turtlesim/turtlesim/srv/detail/kill__type_support.h
[23.532s] -- Installing: /home/umut_ubuntu/ros2_ws/install/turtlesim/include/turtlesim/turtlesim/srv/detail/teleport_relative__type_support.h
[23.532s] -- Installing: /home/umut_ubuntu/ros2_ws/install/turtlesim/include/turtlesim/turtlesim/srv/detail/teleport_relative__functions.c
[23.532s] -- Installing: /home/umut_ubuntu/ros2_ws/install/turtlesim/include/turtlesim/turtlesim/srv/detail/teleport_relative__functions.h
[23.533s] -- Installing: /home/umut_ubuntu/ros2_ws/install/turtlesim/include/turtlesim/turtlesim/srv/detail/set_pen__struct.h
[23.533s] -- Installing: /home/umut_ubuntu/ros2_ws/install/turtlesim/include/turtlesim/turtlesim/srv/detail/teleport_absolute__struct.h
[23.534s] -- Installing: /home/umut_ubuntu/ros2_ws/install/turtlesim/include/turtlesim/turtlesim/srv/detail/spawn__struct.h
[23.534s] -- Installing: /home/umut_ubuntu/ros2_ws/install/turtlesim/include/turtlesim/turtlesim/srv/detail/kill__struct.h
[23.534s] -- Installing: /home/umut_ubuntu/ros2_ws/install/turtlesim/include/turtlesim/turtlesim/srv/detail/kill__functions.c
[23.535s] -- Installing: /home/umut_ubuntu/ros2_ws/install/turtlesim/include/turtlesim/turtlesim/srv/detail/teleport_absolute__functions.h
[23.535s] -- Installing: /home/umut_ubuntu/ros2_ws/install/turtlesim/include/turtlesim/turtlesim/srv/detail/set_pen__type_support.h
[23.535s] -- Installing: /home/umut_ubuntu/ros2_ws/install/turtlesim/include/turtlesim/turtlesim/srv/detail/spawn__functions.h
[23.536s] -- Installing: /home/umut_ubuntu/ros2_ws/install/turtlesim/include/turtlesim/turtlesim/srv/detail/teleport_absolute__type_support.h
[23.536s] -- Installing: /home/umut_ubuntu/ros2_ws/install/turtlesim/include/turtlesim/turtlesim/srv/detail/kill__functions.h
[23.537s] -- Installing: /home/umut_ubuntu/ros2_ws/install/turtlesim/include/turtlesim/turtlesim/srv/detail/teleport_absolute__functions.c
[23.537s] -- Installing: /home/umut_ubuntu/ros2_ws/install/turtlesim/include/turtlesim/turtlesim/srv/detail/spawn__type_support.h
[23.538s] -- Installing: /home/umut_ubuntu/ros2_ws/install/turtlesim/include/turtlesim/turtlesim/srv/teleport_absolute.h
[23.538s] -- Installing: /home/umut_ubuntu/ros2_ws/install/turtlesim/include/turtlesim/turtlesim/srv/set_pen.h
[23.539s] -- Installing: /home/umut_ubuntu/ros2_ws/install/turtlesim/share/turtlesim/environment/library_path.sh
[23.539s] -- Installing: /home/umut_ubuntu/ros2_ws/install/turtlesim/share/turtlesim/environment/library_path.dsv
[23.540s] -- Installing: /home/umut_ubuntu/ros2_ws/install/turtlesim/lib/libturtlesim__rosidl_generator_c.so
[23.541s] -- Set runtime path of "/home/umut_ubuntu/ros2_ws/install/turtlesim/lib/libturtlesim__rosidl_generator_c.so" to ""
[23.541s] -- Up-to-date: /home/umut_ubuntu/ros2_ws/install/turtlesim/include/turtlesim/turtlesim
[23.542s] -- Up-to-date: /home/umut_ubuntu/ros2_ws/install/turtlesim/include/turtlesim/turtlesim/msg
[23.542s] -- Installing: /home/umut_ubuntu/ros2_ws/install/turtlesim/include/turtlesim/turtlesim/msg/rosidl_typesupport_fastrtps_c__visibility_control.h
[23.542s] -- Up-to-date: /home/umut_ubuntu/ros2_ws/install/turtlesim/include/turtlesim/turtlesim/msg/detail
[23.542s] -- Installing: /home/umut_ubuntu/ros2_ws/install/turtlesim/include/turtlesim/turtlesim/msg/detail/color__rosidl_typesupport_fastrtps_c.h
[23.542s] -- Installing: /home/umut_ubuntu/ros2_ws/install/turtlesim/include/turtlesim/turtlesim/msg/detail/pose__rosidl_typesupport_fastrtps_c.h
[23.543s] -- Up-to-date: /home/umut_ubuntu/ros2_ws/install/turtlesim/include/turtlesim/turtlesim/action
[23.543s] -- Up-to-date: /home/umut_ubuntu/ros2_ws/install/turtlesim/include/turtlesim/turtlesim/action/detail
[23.543s] -- Installing: /home/umut_ubuntu/ros2_ws/install/turtlesim/include/turtlesim/turtlesim/action/detail/rotate_absolute__rosidl_typesupport_fastrtps_c.h
[23.543s] -- Up-to-date: /home/umut_ubuntu/ros2_ws/install/turtlesim/include/turtlesim/turtlesim/srv
[23.544s] -- Up-to-date: /home/umut_ubuntu/ros2_ws/install/turtlesim/include/turtlesim/turtlesim/srv/detail
[23.544s] -- Installing: /home/umut_ubuntu/ros2_ws/install/turtlesim/include/turtlesim/turtlesim/srv/detail/set_pen__rosidl_typesupport_fastrtps_c.h
[23.544s] -- Installing: /home/umut_ubuntu/ros2_ws/install/turtlesim/include/turtlesim/turtlesim/srv/detail/spawn__rosidl_typesupport_fastrtps_c.h
[23.545s] -- Installing: /home/umut_ubuntu/ros2_ws/install/turtlesim/include/turtlesim/turtlesim/srv/detail/kill__rosidl_typesupport_fastrtps_c.h
[23.545s] -- Installing: /home/umut_ubuntu/ros2_ws/install/turtlesim/include/turtlesim/turtlesim/srv/detail/teleport_absolute__rosidl_typesupport_fastrtps_c.h
[23.545s] -- Installing: /home/umut_ubuntu/ros2_ws/install/turtlesim/include/turtlesim/turtlesim/srv/detail/teleport_relative__rosidl_typesupport_fastrtps_c.h
[23.546s] -- Installing: /home/umut_ubuntu/ros2_ws/install/turtlesim/lib/libturtlesim__rosidl_typesupport_fastrtps_c.so
[23.547s] -- Set runtime path of "/home/umut_ubuntu/ros2_ws/install/turtlesim/lib/libturtlesim__rosidl_typesupport_fastrtps_c.so" to ""
[23.547s] -- Up-to-date: /home/umut_ubuntu/ros2_ws/install/turtlesim/include/turtlesim/turtlesim
[23.547s] -- Up-to-date: /home/umut_ubuntu/ros2_ws/install/turtlesim/include/turtlesim/turtlesim/msg
[23.547s] -- Installing: /home/umut_ubuntu/ros2_ws/install/turtlesim/include/turtlesim/turtlesim/msg/color.hpp
[23.548s] -- Up-to-date: /home/umut_ubuntu/ros2_ws/install/turtlesim/include/turtlesim/turtlesim/msg/detail
[23.548s] -- Installing: /home/umut_ubuntu/ros2_ws/install/turtlesim/include/turtlesim/turtlesim/msg/detail/color__struct.hpp
[23.548s] -- Installing: /home/umut_ubuntu/ros2_ws/install/turtlesim/include/turtlesim/turtlesim/msg/detail/pose__traits.hpp
[23.548s] -- Installing: /home/umut_ubuntu/ros2_ws/install/turtlesim/include/turtlesim/turtlesim/msg/detail/pose__struct.hpp
[23.548s] -- Installing: /home/umut_ubuntu/ros2_ws/install/turtlesim/include/turtlesim/turtlesim/msg/detail/color__traits.hpp
[23.549s] -- Installing: /home/umut_ubuntu/ros2_ws/install/turtlesim/include/turtlesim/turtlesim/msg/detail/pose__builder.hpp
[23.549s] -- Installing: /home/umut_ubuntu/ros2_ws/install/turtlesim/include/turtlesim/turtlesim/msg/detail/color__builder.hpp
[23.549s] -- Installing: /home/umut_ubuntu/ros2_ws/install/turtlesim/include/turtlesim/turtlesim/msg/pose.hpp
[23.549s] -- Up-to-date: /home/umut_ubuntu/ros2_ws/install/turtlesim/include/turtlesim/turtlesim/action
[23.550s] -- Up-to-date: /home/umut_ubuntu/ros2_ws/install/turtlesim/include/turtlesim/turtlesim/action/detail
[23.550s] -- Installing: /home/umut_ubuntu/ros2_ws/install/turtlesim/include/turtlesim/turtlesim/action/detail/rotate_absolute__traits.hpp
[23.550s] -- Installing: /home/umut_ubuntu/ros2_ws/install/turtlesim/include/turtlesim/turtlesim/action/detail/rotate_absolute__struct.hpp
[23.550s] -- Installing: /home/umut_ubuntu/ros2_ws/install/turtlesim/include/turtlesim/turtlesim/action/detail/rotate_absolute__builder.hpp
[23.550s] -- Installing: /home/umut_ubuntu/ros2_ws/install/turtlesim/include/turtlesim/turtlesim/action/rotate_absolute.hpp
[23.550s] -- Up-to-date: /home/umut_ubuntu/ros2_ws/install/turtlesim/include/turtlesim/turtlesim/srv
[23.551s] -- Installing: /home/umut_ubuntu/ros2_ws/install/turtlesim/include/turtlesim/turtlesim/srv/teleport_relative.hpp
[23.551s] -- Installing: /home/umut_ubuntu/ros2_ws/install/turtlesim/include/turtlesim/turtlesim/srv/kill.hpp
[23.551s] -- Up-to-date: /home/umut_ubuntu/ros2_ws/install/turtlesim/include/turtlesim/turtlesim/srv/detail
[23.551s] -- Installing: /home/umut_ubuntu/ros2_ws/install/turtlesim/include/turtlesim/turtlesim/srv/detail/kill__traits.hpp
[23.551s] -- Installing: /home/umut_ubuntu/ros2_ws/install/turtlesim/include/turtlesim/turtlesim/srv/detail/kill__builder.hpp
[23.551s] -- Installing: /home/umut_ubuntu/ros2_ws/install/turtlesim/include/turtlesim/turtlesim/srv/detail/teleport_absolute__struct.hpp
[23.551s] -- Installing: /home/umut_ubuntu/ros2_ws/install/turtlesim/include/turtlesim/turtlesim/srv/detail/spawn__struct.hpp
[23.552s] -- Installing: /home/umut_ubuntu/ros2_ws/install/turtlesim/include/turtlesim/turtlesim/srv/detail/teleport_relative__struct.hpp
[23.552s] -- Installing: /home/umut_ubuntu/ros2_ws/install/turtlesim/include/turtlesim/turtlesim/srv/detail/set_pen__traits.hpp
[23.552s] -- Installing: /home/umut_ubuntu/ros2_ws/install/turtlesim/include/turtlesim/turtlesim/srv/detail/teleport_absolute__builder.hpp
[23.552s] -- Installing: /home/umut_ubuntu/ros2_ws/install/turtlesim/include/turtlesim/turtlesim/srv/detail/teleport_absolute__traits.hpp
[23.552s] -- Installing: /home/umut_ubuntu/ros2_ws/install/turtlesim/include/turtlesim/turtlesim/srv/detail/spawn__traits.hpp
[23.552s] -- Installing: /home/umut_ubuntu/ros2_ws/install/turtlesim/include/turtlesim/turtlesim/srv/detail/set_pen__builder.hpp
[23.553s] -- Installing: /home/umut_ubuntu/ros2_ws/install/turtlesim/include/turtlesim/turtlesim/srv/detail/spawn__builder.hpp
[23.553s] -- Installing: /home/umut_ubuntu/ros2_ws/install/turtlesim/include/turtlesim/turtlesim/srv/detail/teleport_relative__traits.hpp
[23.553s] -- Installing: /home/umut_ubuntu/ros2_ws/install/turtlesim/include/turtlesim/turtlesim/srv/detail/kill__struct.hpp
[23.553s] -- Installing: /home/umut_ubuntu/ros2_ws/install/turtlesim/include/turtlesim/turtlesim/srv/detail/teleport_relative__builder.hpp
[23.553s] -- Installing: /home/umut_ubuntu/ros2_ws/install/turtlesim/include/turtlesim/turtlesim/srv/detail/set_pen__struct.hpp
[23.553s] -- Installing: /home/umut_ubuntu/ros2_ws/install/turtlesim/include/turtlesim/turtlesim/srv/set_pen.hpp
[23.553s] -- Installing: /home/umut_ubuntu/ros2_ws/install/turtlesim/include/turtlesim/turtlesim/srv/spawn.hpp
[23.553s] -- Installing: /home/umut_ubuntu/ros2_ws/install/turtlesim/include/turtlesim/turtlesim/srv/teleport_absolute.hpp
[23.554s] -- Up-to-date: /home/umut_ubuntu/ros2_ws/install/turtlesim/include/turtlesim/turtlesim
[23.554s] -- Up-to-date: /home/umut_ubuntu/ros2_ws/install/turtlesim/include/turtlesim/turtlesim/msg
[23.554s] -- Up-to-date: /home/umut_ubuntu/ros2_ws/install/turtlesim/include/turtlesim/turtlesim/msg/detail
[23.554s] -- Installing: /home/umut_ubuntu/ros2_ws/install/turtlesim/include/turtlesim/turtlesim/msg/detail/color__rosidl_typesupport_fastrtps_cpp.hpp
[23.554s] -- Installing: /home/umut_ubuntu/ros2_ws/install/turtlesim/include/turtlesim/turtlesim/msg/detail/dds_fastrtps
[23.554s] -- Installing: /home/umut_ubuntu/ros2_ws/install/turtlesim/include/turtlesim/turtlesim/msg/detail/pose__rosidl_typesupport_fastrtps_cpp.hpp
[23.554s] -- Installing: /home/umut_ubuntu/ros2_ws/install/turtlesim/include/turtlesim/turtlesim/msg/rosidl_typesupport_fastrtps_cpp__visibility_control.h
[23.555s] -- Up-to-date: /home/umut_ubuntu/ros2_ws/install/turtlesim/include/turtlesim/turtlesim/action
[23.555s] -- Up-to-date: /home/umut_ubuntu/ros2_ws/install/turtlesim/include/turtlesim/turtlesim/action/detail
[23.555s] -- Installing: /home/umut_ubuntu/ros2_ws/install/turtlesim/include/turtlesim/turtlesim/action/detail/dds_fastrtps
[23.555s] -- Installing: /home/umut_ubuntu/ros2_ws/install/turtlesim/include/turtlesim/turtlesim/action/detail/rotate_absolute__rosidl_typesupport_fastrtps_cpp.hpp
[23.555s] -- Up-to-date: /home/umut_ubuntu/ros2_ws/install/turtlesim/include/turtlesim/turtlesim/srv
[23.555s] -- Up-to-date: /home/umut_ubuntu/ros2_ws/install/turtlesim/include/turtlesim/turtlesim/srv/detail
[23.555s] -- Installing: /home/umut_ubuntu/ros2_ws/install/turtlesim/include/turtlesim/turtlesim/srv/detail/teleport_relative__rosidl_typesupport_fastrtps_cpp.hpp
[23.555s] -- Installing: /home/umut_ubuntu/ros2_ws/install/turtlesim/include/turtlesim/turtlesim/srv/detail/kill__rosidl_typesupport_fastrtps_cpp.hpp
[23.556s] -- Installing: /home/umut_ubuntu/ros2_ws/install/turtlesim/include/turtlesim/turtlesim/srv/detail/dds_fastrtps
[23.556s] -- Installing: /home/umut_ubuntu/ros2_ws/install/turtlesim/include/turtlesim/turtlesim/srv/detail/set_pen__rosidl_typesupport_fastrtps_cpp.hpp
[23.556s] -- Installing: /home/umut_ubuntu/ros2_ws/install/turtlesim/include/turtlesim/turtlesim/srv/detail/teleport_absolute__rosidl_typesupport_fastrtps_cpp.hpp
[23.556s] -- Installing: /home/umut_ubuntu/ros2_ws/install/turtlesim/include/turtlesim/turtlesim/srv/detail/spawn__rosidl_typesupport_fastrtps_cpp.hpp
[23.556s] -- Installing: /home/umut_ubuntu/ros2_ws/install/turtlesim/lib/libturtlesim__rosidl_typesupport_fastrtps_cpp.so
[23.556s] -- Set runtime path of "/home/umut_ubuntu/ros2_ws/install/turtlesim/lib/libturtlesim__rosidl_typesupport_fastrtps_cpp.so" to ""
[23.557s] -- Up-to-date: /home/umut_ubuntu/ros2_ws/install/turtlesim/include/turtlesim/turtlesim
[23.557s] -- Up-to-date: /home/umut_ubuntu/ros2_ws/install/turtlesim/include/turtlesim/turtlesim/msg
[23.557s] -- Installing: /home/umut_ubuntu/ros2_ws/install/turtlesim/include/turtlesim/turtlesim/msg/rosidl_typesupport_introspection_c__visibility_control.h
[23.557s] -- Up-to-date: /home/umut_ubuntu/ros2_ws/install/turtlesim/include/turtlesim/turtlesim/msg/detail
[23.557s] -- Installing: /home/umut_ubuntu/ros2_ws/install/turtlesim/include/turtlesim/turtlesim/msg/detail/color__rosidl_typesupport_introspection_c.h
[23.557s] -- Installing: /home/umut_ubuntu/ros2_ws/install/turtlesim/include/turtlesim/turtlesim/msg/detail/pose__rosidl_typesupport_introspection_c.h
[23.558s] -- Installing: /home/umut_ubuntu/ros2_ws/install/turtlesim/include/turtlesim/turtlesim/msg/detail/pose__type_support.c
[23.558s] -- Installing: /home/umut_ubuntu/ros2_ws/install/turtlesim/include/turtlesim/turtlesim/msg/detail/color__type_support.c
[23.558s] -- Up-to-date: /home/umut_ubuntu/ros2_ws/install/turtlesim/include/turtlesim/turtlesim/action
[23.558s] -- Up-to-date: /home/umut_ubuntu/ros2_ws/install/turtlesim/include/turtlesim/turtlesim/action/detail
[23.558s] -- Installing: /home/umut_ubuntu/ros2_ws/install/turtlesim/include/turtlesim/turtlesim/action/detail/rotate_absolute__type_support.c
[23.558s] -- Installing: /home/umut_ubuntu/ros2_ws/install/turtlesim/include/turtlesim/turtlesim/action/detail/rotate_absolute__rosidl_typesupport_introspection_c.h
[23.558s] -- Up-to-date: /home/umut_ubuntu/ros2_ws/install/turtlesim/include/turtlesim/turtlesim/srv
[23.559s] -- Up-to-date: /home/umut_ubuntu/ros2_ws/install/turtlesim/include/turtlesim/turtlesim/srv/detail
[23.559s] -- Installing: /home/umut_ubuntu/ros2_ws/install/turtlesim/include/turtlesim/turtlesim/srv/detail/spawn__rosidl_typesupport_introspection_c.h
[23.559s] -- Installing: /home/umut_ubuntu/ros2_ws/install/turtlesim/include/turtlesim/turtlesim/srv/detail/teleport_relative__rosidl_typesupport_introspection_c.h
[23.559s] -- Installing: /home/umut_ubuntu/ros2_ws/install/turtlesim/include/turtlesim/turtlesim/srv/detail/spawn__type_support.c
[23.559s] -- Installing: /home/umut_ubuntu/ros2_ws/install/turtlesim/include/turtlesim/turtlesim/srv/detail/set_pen__rosidl_typesupport_introspection_c.h
[23.559s] -- Installing: /home/umut_ubuntu/ros2_ws/install/turtlesim/include/turtlesim/turtlesim/srv/detail/kill__rosidl_typesupport_introspection_c.h
[23.559s] -- Installing: /home/umut_ubuntu/ros2_ws/install/turtlesim/include/turtlesim/turtlesim/srv/detail/kill__type_support.c
[23.559s] -- Installing: /home/umut_ubuntu/ros2_ws/install/turtlesim/include/turtlesim/turtlesim/srv/detail/set_pen__type_support.c
[23.560s] -- Installing: /home/umut_ubuntu/ros2_ws/install/turtlesim/include/turtlesim/turtlesim/srv/detail/teleport_absolute__type_support.c
[23.560s] -- Installing: /home/umut_ubuntu/ros2_ws/install/turtlesim/include/turtlesim/turtlesim/srv/detail/teleport_absolute__rosidl_typesupport_introspection_c.h
[23.560s] -- Installing: /home/umut_ubuntu/ros2_ws/install/turtlesim/include/turtlesim/turtlesim/srv/detail/teleport_relative__type_support.c
[23.560s] -- Installing: /home/umut_ubuntu/ros2_ws/install/turtlesim/lib/libturtlesim__rosidl_typesupport_introspection_c.so
[23.560s] -- Set runtime path of "/home/umut_ubuntu/ros2_ws/install/turtlesim/lib/libturtlesim__rosidl_typesupport_introspection_c.so" to ""
[23.560s] -- Installing: /home/umut_ubuntu/ros2_ws/install/turtlesim/lib/libturtlesim__rosidl_typesupport_c.so
[23.560s] -- Set runtime path of "/home/umut_ubuntu/ros2_ws/install/turtlesim/lib/libturtlesim__rosidl_typesupport_c.so" to ""
[23.561s] -- Up-to-date: /home/umut_ubuntu/ros2_ws/install/turtlesim/include/turtlesim/turtlesim
[23.561s] -- Up-to-date: /home/umut_ubuntu/ros2_ws/install/turtlesim/include/turtlesim/turtlesim/msg
[23.561s] -- Up-to-date: /home/umut_ubuntu/ros2_ws/install/turtlesim/include/turtlesim/turtlesim/msg/detail
[23.561s] -- Installing: /home/umut_ubuntu/ros2_ws/install/turtlesim/include/turtlesim/turtlesim/msg/detail/pose__rosidl_typesupport_introspection_cpp.hpp
[23.561s] -- Installing: /home/umut_ubuntu/ros2_ws/install/turtlesim/include/turtlesim/turtlesim/msg/detail/color__type_support.cpp
[23.561s] -- Installing: /home/umut_ubuntu/ros2_ws/install/turtlesim/include/turtlesim/turtlesim/msg/detail/color__rosidl_typesupport_introspection_cpp.hpp
[23.561s] -- Installing: /home/umut_ubuntu/ros2_ws/install/turtlesim/include/turtlesim/turtlesim/msg/detail/pose__type_support.cpp
[23.562s] -- Up-to-date: /home/umut_ubuntu/ros2_ws/install/turtlesim/include/turtlesim/turtlesim/action
[23.562s] -- Up-to-date: /home/umut_ubuntu/ros2_ws/install/turtlesim/include/turtlesim/turtlesim/action/detail
[23.562s] -- Installing: /home/umut_ubuntu/ros2_ws/install/turtlesim/include/turtlesim/turtlesim/action/detail/rotate_absolute__rosidl_typesupport_introspection_cpp.hpp
[23.562s] -- Installing: /home/umut_ubuntu/ros2_ws/install/turtlesim/include/turtlesim/turtlesim/action/detail/rotate_absolute__type_support.cpp
[23.562s] -- Up-to-date: /home/umut_ubuntu/ros2_ws/install/turtlesim/include/turtlesim/turtlesim/srv
[23.562s] -- Up-to-date: /home/umut_ubuntu/ros2_ws/install/turtlesim/include/turtlesim/turtlesim/srv/detail
[23.563s] -- Installing: /home/umut_ubuntu/ros2_ws/install/turtlesim/include/turtlesim/turtlesim/srv/detail/teleport_absolute__rosidl_typesupport_introspection_cpp.hpp
[23.563s] -- Installing: /home/umut_ubuntu/ros2_ws/install/turtlesim/include/turtlesim/turtlesim/srv/detail/teleport_relative__rosidl_typesupport_introspection_cpp.hpp
[23.563s] -- Installing: /home/umut_ubuntu/ros2_ws/install/turtlesim/include/turtlesim/turtlesim/srv/detail/kill__type_support.cpp
[23.563s] -- Installing: /home/umut_ubuntu/ros2_ws/install/turtlesim/include/turtlesim/turtlesim/srv/detail/spawn__type_support.cpp
[23.563s] -- Installing: /home/umut_ubuntu/ros2_ws/install/turtlesim/include/turtlesim/turtlesim/srv/detail/kill__rosidl_typesupport_introspection_cpp.hpp
[23.563s] -- Installing: /home/umut_ubuntu/ros2_ws/install/turtlesim/include/turtlesim/turtlesim/srv/detail/teleport_relative__type_support.cpp
[23.563s] -- Installing: /home/umut_ubuntu/ros2_ws/install/turtlesim/include/turtlesim/turtlesim/srv/detail/set_pen__rosidl_typesupport_introspection_cpp.hpp
[23.564s] -- Installing: /home/umut_ubuntu/ros2_ws/install/turtlesim/include/turtlesim/turtlesim/srv/detail/spawn__rosidl_typesupport_introspection_cpp.hpp
[23.564s] -- Installing: /home/umut_ubuntu/ros2_ws/install/turtlesim/include/turtlesim/turtlesim/srv/detail/teleport_absolute__type_support.cpp
[23.564s] -- Installing: /home/umut_ubuntu/ros2_ws/install/turtlesim/include/turtlesim/turtlesim/srv/detail/set_pen__type_support.cpp
[23.564s] -- Installing: /home/umut_ubuntu/ros2_ws/install/turtlesim/lib/libturtlesim__rosidl_typesupport_introspection_cpp.so
[23.564s] -- Set runtime path of "/home/umut_ubuntu/ros2_ws/install/turtlesim/lib/libturtlesim__rosidl_typesupport_introspection_cpp.so" to ""
[23.564s] -- Installing: /home/umut_ubuntu/ros2_ws/install/turtlesim/lib/libturtlesim__rosidl_typesupport_cpp.so
[23.564s] -- Set runtime path of "/home/umut_ubuntu/ros2_ws/install/turtlesim/lib/libturtlesim__rosidl_typesupport_cpp.so" to ""
[23.565s] -- Installing: /home/umut_ubuntu/ros2_ws/install/turtlesim/share/turtlesim/environment/pythonpath.sh
[23.565s] -- Installing: /home/umut_ubuntu/ros2_ws/install/turtlesim/share/turtlesim/environment/pythonpath.dsv
[23.565s] -- Installing: /home/umut_ubuntu/ros2_ws/install/turtlesim/local/lib/python3.10/dist-packages/turtlesim-1.4.2-py3.10.egg-info
[23.565s] -- Installing: /home/umut_ubuntu/ros2_ws/install/turtlesim/local/lib/python3.10/dist-packages/turtlesim-1.4.2-py3.10.egg-info/top_level.txt
[23.565s] -- Installing: /home/umut_ubuntu/ros2_ws/install/turtlesim/local/lib/python3.10/dist-packages/turtlesim-1.4.2-py3.10.egg-info/dependency_links.txt
[23.565s] -- Installing: /home/umut_ubuntu/ros2_ws/install/turtlesim/local/lib/python3.10/dist-packages/turtlesim-1.4.2-py3.10.egg-info/PKG-INFO
[23.565s] -- Installing: /home/umut_ubuntu/ros2_ws/install/turtlesim/local/lib/python3.10/dist-packages/turtlesim-1.4.2-py3.10.egg-info/SOURCES.txt
[23.566s] -- Installing: /home/umut_ubuntu/ros2_ws/install/turtlesim/local/lib/python3.10/dist-packages/turtlesim
[23.566s] -- Installing: /home/umut_ubuntu/ros2_ws/install/turtlesim/local/lib/python3.10/dist-packages/turtlesim/turtlesim_s__rosidl_typesupport_c.cpython-310-x86_64-linux-gnu.so
[23.566s] -- Installing: /home/umut_ubuntu/ros2_ws/install/turtlesim/local/lib/python3.10/dist-packages/turtlesim/libturtlesim__rosidl_generator_py.so
[23.566s] -- Installing: /home/umut_ubuntu/ros2_ws/install/turtlesim/local/lib/python3.10/dist-packages/turtlesim/msg
[23.566s] -- Installing: /home/umut_ubuntu/ros2_ws/install/turtlesim/local/lib/python3.10/dist-packages/turtlesim/msg/_pose_s.c
[23.566s] -- Installing: /home/umut_ubuntu/ros2_ws/install/turtlesim/local/lib/python3.10/dist-packages/turtlesim/msg/__init__.py
[23.566s] -- Installing: /home/umut_ubuntu/ros2_ws/install/turtlesim/local/lib/python3.10/dist-packages/turtlesim/msg/_color.py
[23.567s] -- Installing: /home/umut_ubuntu/ros2_ws/install/turtlesim/local/lib/python3.10/dist-packages/turtlesim/msg/_color_s.c
[23.567s] -- Installing: /home/umut_ubuntu/ros2_ws/install/turtlesim/local/lib/python3.10/dist-packages/turtlesim/msg/_pose.py
[23.567s] -- Installing: /home/umut_ubuntu/ros2_ws/install/turtlesim/local/lib/python3.10/dist-packages/turtlesim/turtlesim_s__rosidl_typesupport_introspection_c.cpython-310-x86_64-linux-gnu.so
[23.567s] -- Installing: /home/umut_ubuntu/ros2_ws/install/turtlesim/local/lib/python3.10/dist-packages/turtlesim/__init__.py
[23.567s] -- Installing: /home/umut_ubuntu/ros2_ws/install/turtlesim/local/lib/python3.10/dist-packages/turtlesim/turtlesim_s__rosidl_typesupport_fastrtps_c.cpython-310-x86_64-linux-gnu.so
[23.567s] -- Installing: /home/umut_ubuntu/ros2_ws/install/turtlesim/local/lib/python3.10/dist-packages/turtlesim/action
[23.567s] -- Installing: /home/umut_ubuntu/ros2_ws/install/turtlesim/local/lib/python3.10/dist-packages/turtlesim/action/_rotate_absolute_s.c
[23.567s] -- Installing: /home/umut_ubuntu/ros2_ws/install/turtlesim/local/lib/python3.10/dist-packages/turtlesim/action/__init__.py
[23.568s] -- Installing: /home/umut_ubuntu/ros2_ws/install/turtlesim/local/lib/python3.10/dist-packages/turtlesim/action/_rotate_absolute.py
[23.568s] -- Installing: /home/umut_ubuntu/ros2_ws/install/turtlesim/local/lib/python3.10/dist-packages/turtlesim/srv
[23.568s] -- Installing: /home/umut_ubuntu/ros2_ws/install/turtlesim/local/lib/python3.10/dist-packages/turtlesim/srv/_set_pen_s.c
[23.568s] -- Installing: /home/umut_ubuntu/ros2_ws/install/turtlesim/local/lib/python3.10/dist-packages/turtlesim/srv/_teleport_relative.py
[23.568s] -- Installing: /home/umut_ubuntu/ros2_ws/install/turtlesim/local/lib/python3.10/dist-packages/turtlesim/srv/_kill.py
[23.568s] -- Installing: /home/umut_ubuntu/ros2_ws/install/turtlesim/local/lib/python3.10/dist-packages/turtlesim/srv/__init__.py
[23.569s] -- Installing: /home/umut_ubuntu/ros2_ws/install/turtlesim/local/lib/python3.10/dist-packages/turtlesim/srv/_spawn_s.c
[23.569s] -- Installing: /home/umut_ubuntu/ros2_ws/install/turtlesim/local/lib/python3.10/dist-packages/turtlesim/srv/_spawn.py
[23.569s] -- Installing: /home/umut_ubuntu/ros2_ws/install/turtlesim/local/lib/python3.10/dist-packages/turtlesim/srv/_teleport_relative_s.c
[23.569s] -- Installing: /home/umut_ubuntu/ros2_ws/install/turtlesim/local/lib/python3.10/dist-packages/turtlesim/srv/_teleport_absolute_s.c
[23.569s] -- Installing: /home/umut_ubuntu/ros2_ws/install/turtlesim/local/lib/python3.10/dist-packages/turtlesim/srv/_teleport_absolute.py
[23.569s] -- Installing: /home/umut_ubuntu/ros2_ws/install/turtlesim/local/lib/python3.10/dist-packages/turtlesim/srv/_set_pen.py
[23.570s] -- Installing: /home/umut_ubuntu/ros2_ws/install/turtlesim/local/lib/python3.10/dist-packages/turtlesim/srv/_kill_s.c
[23.570s] -- Installing: /home/umut_ubuntu/ros2_ws/install/turtlesim/local/lib/python3.10/dist-packages/turtlesim/_turtlesim_s.ep.rosidl_typesupport_fastrtps_c.c
[23.570s] -- Installing: /home/umut_ubuntu/ros2_ws/install/turtlesim/local/lib/python3.10/dist-packages/turtlesim/_turtlesim_s.ep.rosidl_typesupport_introspection_c.c
[23.570s] -- Installing: /home/umut_ubuntu/ros2_ws/install/turtlesim/local/lib/python3.10/dist-packages/turtlesim/_turtlesim_s.ep.rosidl_typesupport_c.c
[23.661s] Listing '/home/umut_ubuntu/ros2_ws/install/turtlesim/local/lib/python3.10/dist-packages/turtlesim'...
[23.661s] Compiling '/home/umut_ubuntu/ros2_ws/install/turtlesim/local/lib/python3.10/dist-packages/turtlesim/__init__.py'...
[23.661s] Listing '/home/umut_ubuntu/ros2_ws/install/turtlesim/local/lib/python3.10/dist-packages/turtlesim/action'...
[23.661s] Compiling '/home/umut_ubuntu/ros2_ws/install/turtlesim/local/lib/python3.10/dist-packages/turtlesim/action/__init__.py'...
[23.661s] Compiling '/home/umut_ubuntu/ros2_ws/install/turtlesim/local/lib/python3.10/dist-packages/turtlesim/action/_rotate_absolute.py'...
[23.662s] Listing '/home/umut_ubuntu/ros2_ws/install/turtlesim/local/lib/python3.10/dist-packages/turtlesim/msg'...
[23.662s] Compiling '/home/umut_ubuntu/ros2_ws/install/turtlesim/local/lib/python3.10/dist-packages/turtlesim/msg/__init__.py'...
[23.662s] Compiling '/home/umut_ubuntu/ros2_ws/install/turtlesim/local/lib/python3.10/dist-packages/turtlesim/msg/_color.py'...
[23.662s] Compiling '/home/umut_ubuntu/ros2_ws/install/turtlesim/local/lib/python3.10/dist-packages/turtlesim/msg/_pose.py'...
[23.662s] Listing '/home/umut_ubuntu/ros2_ws/install/turtlesim/local/lib/python3.10/dist-packages/turtlesim/srv'...
[23.662s] Compiling '/home/umut_ubuntu/ros2_ws/install/turtlesim/local/lib/python3.10/dist-packages/turtlesim/srv/__init__.py'...
[23.662s] Compiling '/home/umut_ubuntu/ros2_ws/install/turtlesim/local/lib/python3.10/dist-packages/turtlesim/srv/_kill.py'...
[23.662s] Compiling '/home/umut_ubuntu/ros2_ws/install/turtlesim/local/lib/python3.10/dist-packages/turtlesim/srv/_set_pen.py'...
[23.663s] Compiling '/home/umut_ubuntu/ros2_ws/install/turtlesim/local/lib/python3.10/dist-packages/turtlesim/srv/_spawn.py'...
[23.663s] Compiling '/home/umut_ubuntu/ros2_ws/install/turtlesim/local/lib/python3.10/dist-packages/turtlesim/srv/_teleport_absolute.py'...
[23.663s] Compiling '/home/umut_ubuntu/ros2_ws/install/turtlesim/local/lib/python3.10/dist-packages/turtlesim/srv/_teleport_relative.py'...
[23.666s] -- Installing: /home/umut_ubuntu/ros2_ws/install/turtlesim/local/lib/python3.10/dist-packages/turtlesim/turtlesim_s__rosidl_typesupport_fastrtps_c.cpython-310-x86_64-linux-gnu.so
[23.666s] -- Set runtime path of "/home/umut_ubuntu/ros2_ws/install/turtlesim/local/lib/python3.10/dist-packages/turtlesim/turtlesim_s__rosidl_typesupport_fastrtps_c.cpython-310-x86_64-linux-gnu.so" to ""
[23.666s] -- Installing: /home/umut_ubuntu/ros2_ws/install/turtlesim/local/lib/python3.10/dist-packages/turtlesim/turtlesim_s__rosidl_typesupport_introspection_c.cpython-310-x86_64-linux-gnu.so
[23.667s] -- Set runtime path of "/home/umut_ubuntu/ros2_ws/install/turtlesim/local/lib/python3.10/dist-packages/turtlesim/turtlesim_s__rosidl_typesupport_introspection_c.cpython-310-x86_64-linux-gnu.so" to ""
[23.667s] -- Installing: /home/umut_ubuntu/ros2_ws/install/turtlesim/local/lib/python3.10/dist-packages/turtlesim/turtlesim_s__rosidl_typesupport_c.cpython-310-x86_64-linux-gnu.so
[23.667s] -- Set runtime path of "/home/umut_ubuntu/ros2_ws/install/turtlesim/local/lib/python3.10/dist-packages/turtlesim/turtlesim_s__rosidl_typesupport_c.cpython-310-x86_64-linux-gnu.so" to ""
[23.667s] -- Installing: /home/umut_ubuntu/ros2_ws/install/turtlesim/lib/libturtlesim__rosidl_generator_py.so
[23.668s] -- Set runtime path of "/home/umut_ubuntu/ros2_ws/install/turtlesim/lib/libturtlesim__rosidl_generator_py.so" to ""
[23.668s] -- Installing: /home/umut_ubuntu/ros2_ws/install/turtlesim/share/turtlesim/action/RotateAbsolute.idl
[23.668s] -- Installing: /home/umut_ubuntu/ros2_ws/install/turtlesim/share/turtlesim/msg/Color.idl
[23.668s] -- Installing: /home/umut_ubuntu/ros2_ws/install/turtlesim/share/turtlesim/msg/Pose.idl
[23.669s] -- Installing: /home/umut_ubuntu/ros2_ws/install/turtlesim/share/turtlesim/srv/Kill.idl
[23.669s] -- Installing: /home/umut_ubuntu/ros2_ws/install/turtlesim/share/turtlesim/srv/SetPen.idl
[23.669s] -- Installing: /home/umut_ubuntu/ros2_ws/install/turtlesim/share/turtlesim/srv/Spawn.idl
[23.669s] -- Installing: /home/umut_ubuntu/ros2_ws/install/turtlesim/share/turtlesim/srv/TeleportAbsolute.idl
[23.669s] -- Installing: /home/umut_ubuntu/ros2_ws/install/turtlesim/share/turtlesim/srv/TeleportRelative.idl
[23.669s] -- Installing: /home/umut_ubuntu/ros2_ws/install/turtlesim/share/turtlesim/action/RotateAbsolute.action
[23.669s] -- Installing: /home/umut_ubuntu/ros2_ws/install/turtlesim/share/turtlesim/msg/Color.msg
[23.670s] -- Installing: /home/umut_ubuntu/ros2_ws/install/turtlesim/share/turtlesim/msg/Pose.msg
[23.670s] -- Installing: /home/umut_ubuntu/ros2_ws/install/turtlesim/share/turtlesim/srv/Kill.srv
[23.670s] -- Installing: /home/umut_ubuntu/ros2_ws/install/turtlesim/share/turtlesim/srv/Kill_Request.msg
[23.670s] -- Installing: /home/umut_ubuntu/ros2_ws/install/turtlesim/share/turtlesim/srv/Kill_Response.msg
[23.670s] -- Installing: /home/umut_ubuntu/ros2_ws/install/turtlesim/share/turtlesim/srv/SetPen.srv
[23.670s] -- Installing: /home/umut_ubuntu/ros2_ws/install/turtlesim/share/turtlesim/srv/SetPen_Request.msg
[23.670s] -- Installing: /home/umut_ubuntu/ros2_ws/install/turtlesim/share/turtlesim/srv/SetPen_Response.msg
[23.671s] -- Installing: /home/umut_ubuntu/ros2_ws/install/turtlesim/share/turtlesim/srv/Spawn.srv
[23.671s] -- Installing: /home/umut_ubuntu/ros2_ws/install/turtlesim/share/turtlesim/srv/Spawn_Request.msg
[23.671s] -- Installing: /home/umut_ubuntu/ros2_ws/install/turtlesim/share/turtlesim/srv/Spawn_Response.msg
[23.671s] -- Installing: /home/umut_ubuntu/ros2_ws/install/turtlesim/share/turtlesim/srv/TeleportAbsolute.srv
[23.671s] -- Installing: /home/umut_ubuntu/ros2_ws/install/turtlesim/share/turtlesim/srv/TeleportAbsolute_Request.msg
[23.671s] -- Installing: /home/umut_ubuntu/ros2_ws/install/turtlesim/share/turtlesim/srv/TeleportAbsolute_Response.msg
[23.671s] -- Installing: /home/umut_ubuntu/ros2_ws/install/turtlesim/share/turtlesim/srv/TeleportRelative.srv
[23.671s] -- Installing: /home/umut_ubuntu/ros2_ws/install/turtlesim/share/turtlesim/srv/TeleportRelative_Request.msg
[23.672s] -- Installing: /home/umut_ubuntu/ros2_ws/install/turtlesim/share/turtlesim/srv/TeleportRelative_Response.msg
[23.672s] -- Installing: /home/umut_ubuntu/ros2_ws/install/turtlesim/lib/turtlesim/turtlesim_node
[23.683s] -- Set runtime path of "/home/umut_ubuntu/ros2_ws/install/turtlesim/lib/turtlesim/turtlesim_node" to ""
[23.683s] -- Installing: /home/umut_ubuntu/ros2_ws/install/turtlesim/lib/turtlesim/turtle_teleop_key
[23.685s] -- Set runtime path of "/home/umut_ubuntu/ros2_ws/install/turtlesim/lib/turtlesim/turtle_teleop_key" to ""
[23.685s] -- Installing: /home/umut_ubuntu/ros2_ws/install/turtlesim/lib/turtlesim/draw_square
[23.691s] -- Set runtime path of "/home/umut_ubuntu/ros2_ws/install/turtlesim/lib/turtlesim/draw_square" to ""
[23.691s] -- Installing: /home/umut_ubuntu/ros2_ws/install/turtlesim/lib/turtlesim/mimic
[23.696s] -- Set runtime path of "/home/umut_ubuntu/ros2_ws/install/turtlesim/lib/turtlesim/mimic" to ""
[23.696s] -- Installing: /home/umut_ubuntu/ros2_ws/install/turtlesim/share/turtlesim/images
[23.696s] -- Installing: /home/umut_ubuntu/ros2_ws/install/turtlesim/share/turtlesim/images/humble.png
[23.696s] -- Installing: /home/umut_ubuntu/ros2_ws/install/turtlesim/share/turtlesim/images/foxy.png
[23.697s] -- Installing: /home/umut_ubuntu/ros2_ws/install/turtlesim/share/turtlesim/images/dashing.png
[23.697s] -- Installing: /home/umut_ubuntu/ros2_ws/install/turtlesim/share/turtlesim/images/galactic.png
[23.697s] -- Installing: /home/umut_ubuntu/ros2_ws/install/turtlesim/share/turtlesim/images/eloquent.png
[23.697s] -- Installing: /home/umut_ubuntu/ros2_ws/install/turtlesim/share/turtlesim/images/rolling.png
[23.697s] -- Installing: /home/umut_ubuntu/ros2_ws/install/turtlesim/share/turtlesim/images/ardent.png
[23.697s] -- Installing: /home/umut_ubuntu/ros2_ws/install/turtlesim/share/turtlesim/images/crystal.png
[23.697s] -- Installing: /home/umut_ubuntu/ros2_ws/install/turtlesim/share/turtlesim/images/bouncy.png
[23.698s] -- Installing: /home/umut_ubuntu/ros2_ws/install/turtlesim/share/turtlesim/launch
[23.698s] -- Installing: /home/umut_ubuntu/ros2_ws/install/turtlesim/share/turtlesim/launch/multisim.launch.py
[23.698s] -- Installing: /home/umut_ubuntu/ros2_ws/install/turtlesim/share/ament_index/resource_index/package_run_dependencies/turtlesim
[23.698s] -- Installing: /home/umut_ubuntu/ros2_ws/install/turtlesim/share/ament_index/resource_index/parent_prefix_path/turtlesim
[23.698s] -- Installing: /home/umut_ubuntu/ros2_ws/install/turtlesim/share/turtlesim/environment/ament_prefix_path.sh
[23.698s] -- Installing: /home/umut_ubuntu/ros2_ws/install/turtlesim/share/turtlesim/environment/ament_prefix_path.dsv
[23.699s] -- Installing: /home/umut_ubuntu/ros2_ws/install/turtlesim/share/turtlesim/environment/path.sh
[23.699s] -- Installing: /home/umut_ubuntu/ros2_ws/install/turtlesim/share/turtlesim/environment/path.dsv
[23.699s] -- Installing: /home/umut_ubuntu/ros2_ws/install/turtlesim/share/turtlesim/local_setup.bash
[23.699s] -- Installing: /home/umut_ubuntu/ros2_ws/install/turtlesim/share/turtlesim/local_setup.sh
[23.699s] -- Installing: /home/umut_ubuntu/ros2_ws/install/turtlesim/share/turtlesim/local_setup.zsh
[23.699s] -- Installing: /home/umut_ubuntu/ros2_ws/install/turtlesim/share/turtlesim/local_setup.dsv
[23.699s] -- Installing: /home/umut_ubuntu/ros2_ws/install/turtlesim/share/turtlesim/package.dsv
[23.700s] -- Installing: /home/umut_ubuntu/ros2_ws/install/turtlesim/share/ament_index/resource_index/packages/turtlesim
[23.700s] -- Installing: /home/umut_ubuntu/ros2_ws/install/turtlesim/share/turtlesim/cmake/export_turtlesim__rosidl_generator_cExport.cmake
[23.700s] -- Installing: /home/umut_ubuntu/ros2_ws/install/turtlesim/share/turtlesim/cmake/export_turtlesim__rosidl_generator_cExport-noconfig.cmake
[23.700s] -- Installing: /home/umut_ubuntu/ros2_ws/install/turtlesim/share/turtlesim/cmake/export_turtlesim__rosidl_typesupport_fastrtps_cExport.cmake
[23.700s] -- Installing: /home/umut_ubuntu/ros2_ws/install/turtlesim/share/turtlesim/cmake/export_turtlesim__rosidl_typesupport_fastrtps_cExport-noconfig.cmake
[23.700s] -- Installing: /home/umut_ubuntu/ros2_ws/install/turtlesim/share/turtlesim/cmake/export_turtlesim__rosidl_generator_cppExport.cmake
[23.700s] -- Installing: /home/umut_ubuntu/ros2_ws/install/turtlesim/share/turtlesim/cmake/export_turtlesim__rosidl_typesupport_fastrtps_cppExport.cmake
[23.701s] -- Installing: /home/umut_ubuntu/ros2_ws/install/turtlesim/share/turtlesim/cmake/export_turtlesim__rosidl_typesupport_fastrtps_cppExport-noconfig.cmake
[23.701s] -- Installing: /home/umut_ubuntu/ros2_ws/install/turtlesim/share/turtlesim/cmake/turtlesim__rosidl_typesupport_introspection_cExport.cmake
[23.701s] -- Installing: /home/umut_ubuntu/ros2_ws/install/turtlesim/share/turtlesim/cmake/turtlesim__rosidl_typesupport_introspection_cExport-noconfig.cmake
[23.701s] -- Installing: /home/umut_ubuntu/ros2_ws/install/turtlesim/share/turtlesim/cmake/turtlesim__rosidl_typesupport_cExport.cmake
[23.701s] -- Installing: /home/umut_ubuntu/ros2_ws/install/turtlesim/share/turtlesim/cmake/turtlesim__rosidl_typesupport_cExport-noconfig.cmake
[23.701s] -- Installing: /home/umut_ubuntu/ros2_ws/install/turtlesim/share/turtlesim/cmake/turtlesim__rosidl_typesupport_introspection_cppExport.cmake
[23.701s] -- Installing: /home/umut_ubuntu/ros2_ws/install/turtlesim/share/turtlesim/cmake/turtlesim__rosidl_typesupport_introspection_cppExport-noconfig.cmake
[23.702s] -- Installing: /home/umut_ubuntu/ros2_ws/install/turtlesim/share/turtlesim/cmake/turtlesim__rosidl_typesupport_cppExport.cmake
[23.702s] -- Installing: /home/umut_ubuntu/ros2_ws/install/turtlesim/share/turtlesim/cmake/turtlesim__rosidl_typesupport_cppExport-noconfig.cmake
[23.702s] -- Installing: /home/umut_ubuntu/ros2_ws/install/turtlesim/share/turtlesim/cmake/export_turtlesim__rosidl_generator_pyExport.cmake
[23.702s] -- Installing: /home/umut_ubuntu/ros2_ws/install/turtlesim/share/turtlesim/cmake/export_turtlesim__rosidl_generator_pyExport-noconfig.cmake
[23.702s] -- Installing: /home/umut_ubuntu/ros2_ws/install/turtlesim/share/turtlesim/cmake/rosidl_cmake-extras.cmake
[23.702s] -- Installing: /home/umut_ubuntu/ros2_ws/install/turtlesim/share/turtlesim/cmake/ament_cmake_export_dependencies-extras.cmake
[23.702s] -- Installing: /home/umut_ubuntu/ros2_ws/install/turtlesim/share/turtlesim/cmake/ament_cmake_export_include_directories-extras.cmake
[23.703s] -- Installing: /home/umut_ubuntu/ros2_ws/install/turtlesim/share/turtlesim/cmake/ament_cmake_export_libraries-extras.cmake
[23.703s] -- Installing: /home/umut_ubuntu/ros2_ws/install/turtlesim/share/turtlesim/cmake/ament_cmake_export_targets-extras.cmake
[23.703s] -- Installing: /home/umut_ubuntu/ros2_ws/install/turtlesim/share/turtlesim/cmake/rosidl_cmake_export_typesupport_targets-extras.cmake
[23.703s] -- Installing: /home/umut_ubuntu/ros2_ws/install/turtlesim/share/turtlesim/cmake/rosidl_cmake_export_typesupport_libraries-extras.cmake
[23.703s] -- Installing: /home/umut_ubuntu/ros2_ws/install/turtlesim/share/turtlesim/cmake/turtlesimConfig.cmake
[23.703s] -- Installing: /home/umut_ubuntu/ros2_ws/install/turtlesim/share/turtlesim/cmake/turtlesimConfig-version.cmake
[23.703s] -- Installing: /home/umut_ubuntu/ros2_ws/install/turtlesim/share/turtlesim/package.xml
[23.706s] Invoked command in '/home/umut_ubuntu/ros2_ws/build/turtlesim' returned '0': CMAKE_PREFIX_PATH=/opt/ros/humble /usr/bin/cmake --install /home/umut_ubuntu/ros2_ws/build/turtlesim
