[0.791s] Invoking command in '/home/umut_ubuntu/ros2_ws/src/py_pubsub': AMENT_PREFIX_PATH=/home/umut_ubuntu/ros2_ws/install/tutorial_interfaces:${AMENT_PREFIX_PATH} CMAKE_PREFIX_PATH=/home/umut_ubuntu/ros2_ws/install/tutorial_interfaces LD_LIBRARY_PATH=/home/umut_ubuntu/ros2_ws/install/tutorial_interfaces/lib:${LD_LIBRARY_PATH} PYTHONPATH=/home/umut_ubuntu/ros2_ws/build/py_pubsub/prefix_override:/home/umut_ubuntu/ros2_ws/install/py_pubsub/lib/python3.10/site-packages:/home/umut_ubuntu/ros2_ws/install/tutorial_interfaces/local/lib/python3.10/dist-packages:${PYTHONPATH} /usr/bin/python3 setup.py egg_info --egg-base ../../build/py_pubsub build --build-base /home/umut_ubuntu/ros2_ws/build/py_pubsub/build install --record /home/umut_ubuntu/ros2_ws/build/py_pubsub/install.log --single-version-externally-managed
[1.005s] running egg_info
[1.006s] writing ../../build/py_pubsub/py_pubsub.egg-info/PKG-INFO
[1.006s] writing dependency_links to ../../build/py_pubsub/py_pubsub.egg-info/dependency_links.txt
[1.006s] writing entry points to ../../build/py_pubsub/py_pubsub.egg-info/entry_points.txt
[1.006s] writing requirements to ../../build/py_pubsub/py_pubsub.egg-info/requires.txt
[1.007s] writing top-level names to ../../build/py_pubsub/py_pubsub.egg-info/top_level.txt
[1.008s] reading manifest file '../../build/py_pubsub/py_pubsub.egg-info/SOURCES.txt'
[1.008s] writing manifest file '../../build/py_pubsub/py_pubsub.egg-info/SOURCES.txt'
[1.009s] running build
[1.009s] running build_py
[1.009s] /usr/lib/python3/dist-packages/setuptools/command/install.py:34: SetuptoolsDeprecationWarning: setup.py install is deprecated. Use build and pip and other standards-based tools.
[1.009s]   warnings.warn(
[1.009s] running install
[1.010s] running install_lib
[1.011s] running install_data
[1.012s] copying package.xml -> /home/umut_ubuntu/ros2_ws/install/py_pubsub/share/py_pubsub
[1.012s] running install_egg_info
[1.013s] removing '/home/umut_ubuntu/ros2_ws/install/py_pubsub/lib/python3.10/site-packages/py_pubsub-0.0.0-py3.10.egg-info' (and everything under it)
[1.013s] Copying ../../build/py_pubsub/py_pubsub.egg-info to /home/umut_ubuntu/ros2_ws/install/py_pubsub/lib/python3.10/site-packages/py_pubsub-0.0.0-py3.10.egg-info
[1.014s] running install_scripts
[1.032s] Installing listener script to /home/umut_ubuntu/ros2_ws/install/py_pubsub/lib/py_pubsub
[1.032s] Installing talker script to /home/umut_ubuntu/ros2_ws/install/py_pubsub/lib/py_pubsub
[1.032s] writing list of installed files to '/home/umut_ubuntu/ros2_ws/build/py_pubsub/install.log'
[1.062s] Invoked command in '/home/umut_ubuntu/ros2_ws/src/py_pubsub' returned '0': AMENT_PREFIX_PATH=/home/umut_ubuntu/ros2_ws/install/tutorial_interfaces:${AMENT_PREFIX_PATH} CMAKE_PREFIX_PATH=/home/umut_ubuntu/ros2_ws/install/tutorial_interfaces LD_LIBRARY_PATH=/home/umut_ubuntu/ros2_ws/install/tutorial_interfaces/lib:${LD_LIBRARY_PATH} PYTHONPATH=/home/umut_ubuntu/ros2_ws/build/py_pubsub/prefix_override:/home/umut_ubuntu/ros2_ws/install/py_pubsub/lib/python3.10/site-packages:/home/umut_ubuntu/ros2_ws/install/tutorial_interfaces/local/lib/python3.10/dist-packages:${PYTHONPATH} /usr/bin/python3 setup.py egg_info --egg-base ../../build/py_pubsub build --build-base /home/umut_ubuntu/ros2_ws/build/py_pubsub/build install --record /home/umut_ubuntu/ros2_ws/build/py_pubsub/install.log --single-version-externally-managed
