[1.063s] Invoking command in '/home/umut_ubuntu/ros2_ws/src/my_package': PYTHONPATH=/home/umut_ubuntu/ros2_ws/build/my_package/prefix_override:/home/umut_ubuntu/ros2_ws/install/my_package/lib/python3.10/site-packages:${PYTHONPATH} /usr/bin/python3 setup.py egg_info --egg-base ../../build/my_package build --build-base /home/umut_ubuntu/ros2_ws/build/my_package/build install --record /home/umut_ubuntu/ros2_ws/build/my_package/install.log --single-version-externally-managed
[1.403s] running egg_info
[1.404s] writing ../../build/my_package/my_package.egg-info/PKG-INFO
[1.404s] writing dependency_links to ../../build/my_package/my_package.egg-info/dependency_links.txt
[1.404s] writing entry points to ../../build/my_package/my_package.egg-info/entry_points.txt
[1.405s] writing requirements to ../../build/my_package/my_package.egg-info/requires.txt
[1.405s] writing top-level names to ../../build/my_package/my_package.egg-info/top_level.txt
[1.407s] reading manifest file '../../build/my_package/my_package.egg-info/SOURCES.txt'
[1.408s] writing manifest file '../../build/my_package/my_package.egg-info/SOURCES.txt'
[1.408s] running build
[1.408s] running build_py
[1.409s] running install
[1.409s] /usr/lib/python3/dist-packages/setuptools/command/install.py:34: SetuptoolsDeprecationWarning: setup.py install is deprecated. Use build and pip and other standards-based tools.
[1.409s]   warnings.warn(
[1.409s] running install_lib
[1.412s] running install_data
[1.412s] running install_egg_info
[1.414s] removing '/home/umut_ubuntu/ros2_ws/install/my_package/lib/python3.10/site-packages/my_package-0.0.0-py3.10.egg-info' (and everything under it)
[1.415s] Copying ../../build/my_package/my_package.egg-info to /home/umut_ubuntu/ros2_ws/install/my_package/lib/python3.10/site-packages/my_package-0.0.0-py3.10.egg-info
[1.416s] running install_scripts
[1.442s] Installing my_node script to /home/umut_ubuntu/ros2_ws/install/my_package/lib/my_package
[1.442s] writing list of installed files to '/home/umut_ubuntu/ros2_ws/build/my_package/install.log'
[1.477s] Invoked command in '/home/umut_ubuntu/ros2_ws/src/my_package' returned '0': PYTHONPATH=/home/umut_ubuntu/ros2_ws/build/my_package/prefix_override:/home/umut_ubuntu/ros2_ws/install/my_package/lib/python3.10/site-packages:${PYTHONPATH} /usr/bin/python3 setup.py egg_info --egg-base ../../build/my_package build --build-base /home/umut_ubuntu/ros2_ws/build/my_package/build install --record /home/umut_ubuntu/ros2_ws/build/my_package/install.log --single-version-externally-managed
