[0.667s] Invoking command in '/home/umut_ubuntu/ros2_ws/src/py_pubsub': AMENT_PREFIX_PATH=/home/umut_ubuntu/ros2_ws/install/tutorial_interfaces:${AMENT_PREFIX_PATH} CMAKE_PREFIX_PATH=/home/umut_ubuntu/ros2_ws/install/tutorial_interfaces LD_LIBRARY_PATH=/home/umut_ubuntu/ros2_ws/install/tutorial_interfaces/lib:${LD_LIBRARY_PATH} PYTHONPATH=/home/umut_ubuntu/ros2_ws/build/py_pubsub/prefix_override:/home/umut_ubuntu/ros2_ws/install/py_pubsub/lib/python3.10/site-packages:/home/umut_ubuntu/ros2_ws/install/tutorial_interfaces/local/lib/python3.10/dist-packages:${PYTHONPATH} /usr/bin/python3 setup.py egg_info --egg-base ../../build/py_pubsub build --build-base /home/umut_ubuntu/ros2_ws/build/py_pubsub/build install --record /home/umut_ubuntu/ros2_ws/build/py_pubsub/install.log --single-version-externally-managed
[0.886s] running egg_info
[0.886s] writing ../../build/py_pubsub/py_pubsub.egg-info/PKG-INFO
[0.887s] writing dependency_links to ../../build/py_pubsub/py_pubsub.egg-info/dependency_links.txt
[0.887s] writing entry points to ../../build/py_pubsub/py_pubsub.egg-info/entry_points.txt
[0.887s] writing requirements to ../../build/py_pubsub/py_pubsub.egg-info/requires.txt
[0.887s] writing top-level names to ../../build/py_pubsub/py_pubsub.egg-info/top_level.txt
[0.889s] reading manifest file '../../build/py_pubsub/py_pubsub.egg-info/SOURCES.txt'
[0.889s] writing manifest file '../../build/py_pubsub/py_pubsub.egg-info/SOURCES.txt'
[0.890s] running build
[0.890s] running build_py
[0.890s] running install
[0.890s] /usr/lib/python3/dist-packages/setuptools/command/install.py:34: SetuptoolsDeprecationWarning: setup.py install is deprecated. Use build and pip and other standards-based tools.
[0.890s]   warnings.warn(
[0.890s] running install_lib
[0.892s] running install_data
[0.893s] running install_egg_info
[0.894s] removing '/home/umut_ubuntu/ros2_ws/install/py_pubsub/lib/python3.10/site-packages/py_pubsub-0.0.0-py3.10.egg-info' (and everything under it)
[0.895s] Copying ../../build/py_pubsub/py_pubsub.egg-info to /home/umut_ubuntu/ros2_ws/install/py_pubsub/lib/python3.10/site-packages/py_pubsub-0.0.0-py3.10.egg-info
[0.895s] running install_scripts
[0.916s] Installing listener script to /home/umut_ubuntu/ros2_ws/install/py_pubsub/lib/py_pubsub
[0.916s] Installing talker script to /home/umut_ubuntu/ros2_ws/install/py_pubsub/lib/py_pubsub
[0.916s] writing list of installed files to '/home/umut_ubuntu/ros2_ws/build/py_pubsub/install.log'
[0.959s] Invoked command in '/home/umut_ubuntu/ros2_ws/src/py_pubsub' returned '0': AMENT_PREFIX_PATH=/home/umut_ubuntu/ros2_ws/install/tutorial_interfaces:${AMENT_PREFIX_PATH} CMAKE_PREFIX_PATH=/home/umut_ubuntu/ros2_ws/install/tutorial_interfaces LD_LIBRARY_PATH=/home/umut_ubuntu/ros2_ws/install/tutorial_interfaces/lib:${LD_LIBRARY_PATH} PYTHONPATH=/home/umut_ubuntu/ros2_ws/build/py_pubsub/prefix_override:/home/umut_ubuntu/ros2_ws/install/py_pubsub/lib/python3.10/site-packages:/home/umut_ubuntu/ros2_ws/install/tutorial_interfaces/local/lib/python3.10/dist-packages:${PYTHONPATH} /usr/bin/python3 setup.py egg_info --egg-base ../../build/py_pubsub build --build-base /home/umut_ubuntu/ros2_ws/build/py_pubsub/build install --record /home/umut_ubuntu/ros2_ws/build/py_pubsub/install.log --single-version-externally-managed
