[0.628s] Invoking command in '/home/umut_ubuntu/ros2_ws/build/tutorial_interfaces': CMAKE_PREFIX_PATH=/opt/ros/humble /usr/bin/cmake --build /home/umut_ubuntu/ros2_ws/build/tutorial_interfaces -- -j12 -l12
[2.032s] [  2%] Built target tutorial_interfaces__cpp
[2.033s] [ 12%] Built target tutorial_interfaces__rosidl_generator_c
[2.033s] [ 12%] Built target ament_cmake_python_copy_tutorial_interfaces
[2.033s] [ 23%] Built target tutorial_interfaces__rosidl_typesupport_introspection_cpp
[2.033s] [ 34%] Built target tutorial_interfaces__rosidl_typesupport_cpp
[2.033s] [ 44%] Built target tutorial_interfaces__rosidl_typesupport_fastrtps_cpp
[2.034s] [ 55%] Built target tutorial_interfaces__rosidl_typesupport_c
[2.034s] [ 65%] Built target tutorial_interfaces__rosidl_typesupport_introspection_c
[2.034s] [ 76%] Built target tutorial_interfaces__rosidl_typesupport_fastrtps_c
[2.034s] [ 76%] Built target tutorial_interfaces
[2.034s] [ 78%] Built target tutorial_interfaces__py
[2.034s] [ 87%] Built target tutorial_interfaces__rosidl_generator_py
[2.034s] [100%] Built target tutorial_interfaces__rosidl_typesupport_introspection_c__pyext
[2.034s] [100%] Built target tutorial_interfaces__rosidl_typesupport_fastrtps_c__pyext
[2.034s] [100%] Built target tutorial_interfaces__rosidl_typesupport_c__pyext
[2.034s] running egg_info
[2.035s] writing tutorial_interfaces.egg-info/PKG-INFO
[2.035s] writing dependency_links to tutorial_interfaces.egg-info/dependency_links.txt
[2.035s] writing top-level names to tutorial_interfaces.egg-info/top_level.txt
[2.035s] reading manifest file 'tutorial_interfaces.egg-info/SOURCES.txt'
[2.035s] writing manifest file 'tutorial_interfaces.egg-info/SOURCES.txt'
[2.035s] [100%] Built target ament_cmake_python_build_tutorial_interfaces_egg
[2.042s] Invoked command in '/home/umut_ubuntu/ros2_ws/build/tutorial_interfaces' returned '0': CMAKE_PREFIX_PATH=/opt/ros/humble /usr/bin/cmake --build /home/umut_ubuntu/ros2_ws/build/tutorial_interfaces -- -j12 -l12
[2.264s] Invoking command in '/home/umut_ubuntu/ros2_ws/build/tutorial_interfaces': CMAKE_PREFIX_PATH=/opt/ros/humble /usr/bin/cmake --install /home/umut_ubuntu/ros2_ws/build/tutorial_interfaces
[2.282s] -- Install configuration: ""
[2.283s] -- Up-to-date: /home/umut_ubuntu/ros2_ws/install/tutorial_interfaces/share/ament_index/resource_index/rosidl_interfaces/tutorial_interfaces
[2.284s] -- Up-to-date: /home/umut_ubuntu/ros2_ws/install/tutorial_interfaces/include/tutorial_interfaces/tutorial_interfaces
[2.284s] -- Up-to-date: /home/umut_ubuntu/ros2_ws/install/tutorial_interfaces/include/tutorial_interfaces/tutorial_interfaces/msg
[2.284s] -- Up-to-date: /home/umut_ubuntu/ros2_ws/install/tutorial_interfaces/include/tutorial_interfaces/tutorial_interfaces/msg/rosidl_generator_c__visibility_control.h
[2.284s] -- Up-to-date: /home/umut_ubuntu/ros2_ws/install/tutorial_interfaces/include/tutorial_interfaces/tutorial_interfaces/msg/num.h
[2.284s] -- Up-to-date: /home/umut_ubuntu/ros2_ws/install/tutorial_interfaces/include/tutorial_interfaces/tutorial_interfaces/msg/detail
[2.284s] -- Up-to-date: /home/umut_ubuntu/ros2_ws/install/tutorial_interfaces/include/tutorial_interfaces/tutorial_interfaces/msg/detail/num__functions.h
[2.285s] -- Up-to-date: /home/umut_ubuntu/ros2_ws/install/tutorial_interfaces/include/tutorial_interfaces/tutorial_interfaces/msg/detail/sphere__functions.c
[2.285s] -- Up-to-date: /home/umut_ubuntu/ros2_ws/install/tutorial_interfaces/include/tutorial_interfaces/tutorial_interfaces/msg/detail/sphere__struct.h
[2.285s] -- Up-to-date: /home/umut_ubuntu/ros2_ws/install/tutorial_interfaces/include/tutorial_interfaces/tutorial_interfaces/msg/detail/sphere__type_support.h
[2.285s] -- Up-to-date: /home/umut_ubuntu/ros2_ws/install/tutorial_interfaces/include/tutorial_interfaces/tutorial_interfaces/msg/detail/sphere__functions.h
[2.285s] -- Up-to-date: /home/umut_ubuntu/ros2_ws/install/tutorial_interfaces/include/tutorial_interfaces/tutorial_interfaces/msg/detail/num__struct.h
[2.285s] -- Up-to-date: /home/umut_ubuntu/ros2_ws/install/tutorial_interfaces/include/tutorial_interfaces/tutorial_interfaces/msg/detail/num__type_support.h
[2.286s] -- Up-to-date: /home/umut_ubuntu/ros2_ws/install/tutorial_interfaces/include/tutorial_interfaces/tutorial_interfaces/msg/detail/num__functions.c
[2.286s] -- Up-to-date: /home/umut_ubuntu/ros2_ws/install/tutorial_interfaces/include/tutorial_interfaces/tutorial_interfaces/msg/sphere.h
[2.286s] -- Up-to-date: /home/umut_ubuntu/ros2_ws/install/tutorial_interfaces/include/tutorial_interfaces/tutorial_interfaces/srv
[2.286s] -- Up-to-date: /home/umut_ubuntu/ros2_ws/install/tutorial_interfaces/include/tutorial_interfaces/tutorial_interfaces/srv/detail
[2.286s] -- Up-to-date: /home/umut_ubuntu/ros2_ws/install/tutorial_interfaces/include/tutorial_interfaces/tutorial_interfaces/srv/detail/add_three_ints__functions.c
[2.286s] -- Up-to-date: /home/umut_ubuntu/ros2_ws/install/tutorial_interfaces/include/tutorial_interfaces/tutorial_interfaces/srv/detail/add_three_ints__functions.h
[2.287s] -- Up-to-date: /home/umut_ubuntu/ros2_ws/install/tutorial_interfaces/include/tutorial_interfaces/tutorial_interfaces/srv/detail/add_three_ints__struct.h
[2.287s] -- Up-to-date: /home/umut_ubuntu/ros2_ws/install/tutorial_interfaces/include/tutorial_interfaces/tutorial_interfaces/srv/detail/add_three_ints__type_support.h
[2.287s] -- Up-to-date: /home/umut_ubuntu/ros2_ws/install/tutorial_interfaces/include/tutorial_interfaces/tutorial_interfaces/srv/add_three_ints.h
[2.287s] -- Up-to-date: /home/umut_ubuntu/ros2_ws/install/tutorial_interfaces/share/tutorial_interfaces/environment/library_path.sh
[2.287s] -- Installing: /home/umut_ubuntu/ros2_ws/install/tutorial_interfaces/share/tutorial_interfaces/environment/library_path.dsv
[2.289s] -- Up-to-date: /home/umut_ubuntu/ros2_ws/install/tutorial_interfaces/lib/libtutorial_interfaces__rosidl_generator_c.so
[2.290s] -- Up-to-date: /home/umut_ubuntu/ros2_ws/install/tutorial_interfaces/include/tutorial_interfaces/tutorial_interfaces
[2.290s] -- Up-to-date: /home/umut_ubuntu/ros2_ws/install/tutorial_interfaces/include/tutorial_interfaces/tutorial_interfaces/msg
[2.291s] -- Up-to-date: /home/umut_ubuntu/ros2_ws/install/tutorial_interfaces/include/tutorial_interfaces/tutorial_interfaces/msg/rosidl_typesupport_fastrtps_c__visibility_control.h
[2.291s] -- Up-to-date: /home/umut_ubuntu/ros2_ws/install/tutorial_interfaces/include/tutorial_interfaces/tutorial_interfaces/msg/detail
[2.291s] -- Up-to-date: /home/umut_ubuntu/ros2_ws/install/tutorial_interfaces/include/tutorial_interfaces/tutorial_interfaces/msg/detail/sphere__rosidl_typesupport_fastrtps_c.h
[2.291s] -- Up-to-date: /home/umut_ubuntu/ros2_ws/install/tutorial_interfaces/include/tutorial_interfaces/tutorial_interfaces/msg/detail/num__rosidl_typesupport_fastrtps_c.h
[2.291s] -- Up-to-date: /home/umut_ubuntu/ros2_ws/install/tutorial_interfaces/include/tutorial_interfaces/tutorial_interfaces/srv
[2.291s] -- Up-to-date: /home/umut_ubuntu/ros2_ws/install/tutorial_interfaces/include/tutorial_interfaces/tutorial_interfaces/srv/detail
[2.292s] -- Up-to-date: /home/umut_ubuntu/ros2_ws/install/tutorial_interfaces/include/tutorial_interfaces/tutorial_interfaces/srv/detail/add_three_ints__rosidl_typesupport_fastrtps_c.h
[2.294s] -- Up-to-date: /home/umut_ubuntu/ros2_ws/install/tutorial_interfaces/lib/libtutorial_interfaces__rosidl_typesupport_fastrtps_c.so
[2.295s] -- Up-to-date: /home/umut_ubuntu/ros2_ws/install/tutorial_interfaces/include/tutorial_interfaces/tutorial_interfaces
[2.295s] -- Up-to-date: /home/umut_ubuntu/ros2_ws/install/tutorial_interfaces/include/tutorial_interfaces/tutorial_interfaces/msg
[2.295s] -- Up-to-date: /home/umut_ubuntu/ros2_ws/install/tutorial_interfaces/include/tutorial_interfaces/tutorial_interfaces/msg/sphere.hpp
[2.295s] -- Up-to-date: /home/umut_ubuntu/ros2_ws/install/tutorial_interfaces/include/tutorial_interfaces/tutorial_interfaces/msg/num.hpp
[2.295s] -- Up-to-date: /home/umut_ubuntu/ros2_ws/install/tutorial_interfaces/include/tutorial_interfaces/tutorial_interfaces/msg/detail
[2.296s] -- Up-to-date: /home/umut_ubuntu/ros2_ws/install/tutorial_interfaces/include/tutorial_interfaces/tutorial_interfaces/msg/detail/num__builder.hpp
[2.296s] -- Up-to-date: /home/umut_ubuntu/ros2_ws/install/tutorial_interfaces/include/tutorial_interfaces/tutorial_interfaces/msg/detail/num__traits.hpp
[2.296s] -- Up-to-date: /home/umut_ubuntu/ros2_ws/install/tutorial_interfaces/include/tutorial_interfaces/tutorial_interfaces/msg/detail/num__struct.hpp
[2.296s] -- Up-to-date: /home/umut_ubuntu/ros2_ws/install/tutorial_interfaces/include/tutorial_interfaces/tutorial_interfaces/msg/detail/sphere__traits.hpp
[2.296s] -- Up-to-date: /home/umut_ubuntu/ros2_ws/install/tutorial_interfaces/include/tutorial_interfaces/tutorial_interfaces/msg/detail/sphere__struct.hpp
[2.296s] -- Up-to-date: /home/umut_ubuntu/ros2_ws/install/tutorial_interfaces/include/tutorial_interfaces/tutorial_interfaces/msg/detail/sphere__builder.hpp
[2.296s] -- Up-to-date: /home/umut_ubuntu/ros2_ws/install/tutorial_interfaces/include/tutorial_interfaces/tutorial_interfaces/srv
[2.297s] -- Up-to-date: /home/umut_ubuntu/ros2_ws/install/tutorial_interfaces/include/tutorial_interfaces/tutorial_interfaces/srv/add_three_ints.hpp
[2.297s] -- Up-to-date: /home/umut_ubuntu/ros2_ws/install/tutorial_interfaces/include/tutorial_interfaces/tutorial_interfaces/srv/detail
[2.297s] -- Up-to-date: /home/umut_ubuntu/ros2_ws/install/tutorial_interfaces/include/tutorial_interfaces/tutorial_interfaces/srv/detail/add_three_ints__struct.hpp
[2.297s] -- Up-to-date: /home/umut_ubuntu/ros2_ws/install/tutorial_interfaces/include/tutorial_interfaces/tutorial_interfaces/srv/detail/add_three_ints__traits.hpp
[2.297s] -- Up-to-date: /home/umut_ubuntu/ros2_ws/install/tutorial_interfaces/include/tutorial_interfaces/tutorial_interfaces/srv/detail/add_three_ints__builder.hpp
[2.297s] -- Up-to-date: /home/umut_ubuntu/ros2_ws/install/tutorial_interfaces/include/tutorial_interfaces/tutorial_interfaces
[2.298s] -- Up-to-date: /home/umut_ubuntu/ros2_ws/install/tutorial_interfaces/include/tutorial_interfaces/tutorial_interfaces/msg
[2.298s] -- Up-to-date: /home/umut_ubuntu/ros2_ws/install/tutorial_interfaces/include/tutorial_interfaces/tutorial_interfaces/msg/detail
[2.298s] -- Up-to-date: /home/umut_ubuntu/ros2_ws/install/tutorial_interfaces/include/tutorial_interfaces/tutorial_interfaces/msg/detail/dds_fastrtps
[2.298s] -- Up-to-date: /home/umut_ubuntu/ros2_ws/install/tutorial_interfaces/include/tutorial_interfaces/tutorial_interfaces/msg/detail/sphere__rosidl_typesupport_fastrtps_cpp.hpp
[2.298s] -- Up-to-date: /home/umut_ubuntu/ros2_ws/install/tutorial_interfaces/include/tutorial_interfaces/tutorial_interfaces/msg/detail/num__rosidl_typesupport_fastrtps_cpp.hpp
[2.298s] -- Up-to-date: /home/umut_ubuntu/ros2_ws/install/tutorial_interfaces/include/tutorial_interfaces/tutorial_interfaces/msg/rosidl_typesupport_fastrtps_cpp__visibility_control.h
[2.298s] -- Up-to-date: /home/umut_ubuntu/ros2_ws/install/tutorial_interfaces/include/tutorial_interfaces/tutorial_interfaces/srv
[2.299s] -- Up-to-date: /home/umut_ubuntu/ros2_ws/install/tutorial_interfaces/include/tutorial_interfaces/tutorial_interfaces/srv/detail
[2.299s] -- Up-to-date: /home/umut_ubuntu/ros2_ws/install/tutorial_interfaces/include/tutorial_interfaces/tutorial_interfaces/srv/detail/dds_fastrtps
[2.299s] -- Up-to-date: /home/umut_ubuntu/ros2_ws/install/tutorial_interfaces/include/tutorial_interfaces/tutorial_interfaces/srv/detail/add_three_ints__rosidl_typesupport_fastrtps_cpp.hpp
[2.300s] -- Up-to-date: /home/umut_ubuntu/ros2_ws/install/tutorial_interfaces/lib/libtutorial_interfaces__rosidl_typesupport_fastrtps_cpp.so
[2.300s] -- Up-to-date: /home/umut_ubuntu/ros2_ws/install/tutorial_interfaces/include/tutorial_interfaces/tutorial_interfaces
[2.300s] -- Up-to-date: /home/umut_ubuntu/ros2_ws/install/tutorial_interfaces/include/tutorial_interfaces/tutorial_interfaces/msg
[2.300s] -- Up-to-date: /home/umut_ubuntu/ros2_ws/install/tutorial_interfaces/include/tutorial_interfaces/tutorial_interfaces/msg/rosidl_typesupport_introspection_c__visibility_control.h
[2.300s] -- Up-to-date: /home/umut_ubuntu/ros2_ws/install/tutorial_interfaces/include/tutorial_interfaces/tutorial_interfaces/msg/detail
[2.300s] -- Up-to-date: /home/umut_ubuntu/ros2_ws/install/tutorial_interfaces/include/tutorial_interfaces/tutorial_interfaces/msg/detail/num__rosidl_typesupport_introspection_c.h
[2.301s] -- Up-to-date: /home/umut_ubuntu/ros2_ws/install/tutorial_interfaces/include/tutorial_interfaces/tutorial_interfaces/msg/detail/sphere__type_support.c
[2.301s] -- Up-to-date: /home/umut_ubuntu/ros2_ws/install/tutorial_interfaces/include/tutorial_interfaces/tutorial_interfaces/msg/detail/num__type_support.c
[2.301s] -- Up-to-date: /home/umut_ubuntu/ros2_ws/install/tutorial_interfaces/include/tutorial_interfaces/tutorial_interfaces/msg/detail/sphere__rosidl_typesupport_introspection_c.h
[2.301s] -- Up-to-date: /home/umut_ubuntu/ros2_ws/install/tutorial_interfaces/include/tutorial_interfaces/tutorial_interfaces/srv
[2.301s] -- Up-to-date: /home/umut_ubuntu/ros2_ws/install/tutorial_interfaces/include/tutorial_interfaces/tutorial_interfaces/srv/detail
[2.301s] -- Up-to-date: /home/umut_ubuntu/ros2_ws/install/tutorial_interfaces/include/tutorial_interfaces/tutorial_interfaces/srv/detail/add_three_ints__type_support.c
[2.301s] -- Up-to-date: /home/umut_ubuntu/ros2_ws/install/tutorial_interfaces/include/tutorial_interfaces/tutorial_interfaces/srv/detail/add_three_ints__rosidl_typesupport_introspection_c.h
[2.302s] -- Up-to-date: /home/umut_ubuntu/ros2_ws/install/tutorial_interfaces/lib/libtutorial_interfaces__rosidl_typesupport_introspection_c.so
[2.303s] -- Up-to-date: /home/umut_ubuntu/ros2_ws/install/tutorial_interfaces/lib/libtutorial_interfaces__rosidl_typesupport_c.so
[2.303s] -- Up-to-date: /home/umut_ubuntu/ros2_ws/install/tutorial_interfaces/include/tutorial_interfaces/tutorial_interfaces
[2.303s] -- Up-to-date: /home/umut_ubuntu/ros2_ws/install/tutorial_interfaces/include/tutorial_interfaces/tutorial_interfaces/msg
[2.303s] -- Up-to-date: /home/umut_ubuntu/ros2_ws/install/tutorial_interfaces/include/tutorial_interfaces/tutorial_interfaces/msg/detail
[2.304s] -- Up-to-date: /home/umut_ubuntu/ros2_ws/install/tutorial_interfaces/include/tutorial_interfaces/tutorial_interfaces/msg/detail/num__type_support.cpp
[2.304s] -- Up-to-date: /home/umut_ubuntu/ros2_ws/install/tutorial_interfaces/include/tutorial_interfaces/tutorial_interfaces/msg/detail/sphere__rosidl_typesupport_introspection_cpp.hpp
[2.304s] -- Up-to-date: /home/umut_ubuntu/ros2_ws/install/tutorial_interfaces/include/tutorial_interfaces/tutorial_interfaces/msg/detail/num__rosidl_typesupport_introspection_cpp.hpp
[2.304s] -- Up-to-date: /home/umut_ubuntu/ros2_ws/install/tutorial_interfaces/include/tutorial_interfaces/tutorial_interfaces/msg/detail/sphere__type_support.cpp
[2.304s] -- Up-to-date: /home/umut_ubuntu/ros2_ws/install/tutorial_interfaces/include/tutorial_interfaces/tutorial_interfaces/srv
[2.304s] -- Up-to-date: /home/umut_ubuntu/ros2_ws/install/tutorial_interfaces/include/tutorial_interfaces/tutorial_interfaces/srv/detail
[2.304s] -- Up-to-date: /home/umut_ubuntu/ros2_ws/install/tutorial_interfaces/include/tutorial_interfaces/tutorial_interfaces/srv/detail/add_three_ints__rosidl_typesupport_introspection_cpp.hpp
[2.304s] -- Up-to-date: /home/umut_ubuntu/ros2_ws/install/tutorial_interfaces/include/tutorial_interfaces/tutorial_interfaces/srv/detail/add_three_ints__type_support.cpp
[2.305s] -- Up-to-date: /home/umut_ubuntu/ros2_ws/install/tutorial_interfaces/lib/libtutorial_interfaces__rosidl_typesupport_introspection_cpp.so
[2.307s] -- Up-to-date: /home/umut_ubuntu/ros2_ws/install/tutorial_interfaces/lib/libtutorial_interfaces__rosidl_typesupport_cpp.so
[2.307s] -- Up-to-date: /home/umut_ubuntu/ros2_ws/install/tutorial_interfaces/share/tutorial_interfaces/environment/pythonpath.sh
[2.307s] -- Installing: /home/umut_ubuntu/ros2_ws/install/tutorial_interfaces/share/tutorial_interfaces/environment/pythonpath.dsv
[2.308s] -- Up-to-date: /home/umut_ubuntu/ros2_ws/install/tutorial_interfaces/local/lib/python3.10/dist-packages/tutorial_interfaces-0.0.0-py3.10.egg-info
[2.310s] -- Installing: /home/umut_ubuntu/ros2_ws/install/tutorial_interfaces/local/lib/python3.10/dist-packages/tutorial_interfaces-0.0.0-py3.10.egg-info/top_level.txt
[2.310s] -- Installing: /home/umut_ubuntu/ros2_ws/install/tutorial_interfaces/local/lib/python3.10/dist-packages/tutorial_interfaces-0.0.0-py3.10.egg-info/dependency_links.txt
[2.312s] -- Installing: /home/umut_ubuntu/ros2_ws/install/tutorial_interfaces/local/lib/python3.10/dist-packages/tutorial_interfaces-0.0.0-py3.10.egg-info/PKG-INFO
[2.316s] -- Installing: /home/umut_ubuntu/ros2_ws/install/tutorial_interfaces/local/lib/python3.10/dist-packages/tutorial_interfaces-0.0.0-py3.10.egg-info/SOURCES.txt
[2.316s] -- Up-to-date: /home/umut_ubuntu/ros2_ws/install/tutorial_interfaces/local/lib/python3.10/dist-packages/tutorial_interfaces
[2.321s] -- Up-to-date: /home/umut_ubuntu/ros2_ws/install/tutorial_interfaces/local/lib/python3.10/dist-packages/tutorial_interfaces/_tutorial_interfaces_s.ep.rosidl_typesupport_fastrtps_c.c
[2.321s] -- Up-to-date: /home/umut_ubuntu/ros2_ws/install/tutorial_interfaces/local/lib/python3.10/dist-packages/tutorial_interfaces/_tutorial_interfaces_s.ep.rosidl_typesupport_c.c
[2.321s] -- Up-to-date: /home/umut_ubuntu/ros2_ws/install/tutorial_interfaces/local/lib/python3.10/dist-packages/tutorial_interfaces/tutorial_interfaces_s__rosidl_typesupport_introspection_c.cpython-310-x86_64-linux-gnu.so
[2.321s] -- Up-to-date: /home/umut_ubuntu/ros2_ws/install/tutorial_interfaces/local/lib/python3.10/dist-packages/tutorial_interfaces/msg
[2.322s] -- Up-to-date: /home/umut_ubuntu/ros2_ws/install/tutorial_interfaces/local/lib/python3.10/dist-packages/tutorial_interfaces/msg/_sphere.py
[2.322s] -- Up-to-date: /home/umut_ubuntu/ros2_ws/install/tutorial_interfaces/local/lib/python3.10/dist-packages/tutorial_interfaces/msg/_num_s.c
[2.322s] -- Up-to-date: /home/umut_ubuntu/ros2_ws/install/tutorial_interfaces/local/lib/python3.10/dist-packages/tutorial_interfaces/msg/_sphere_s.c
[2.322s] -- Up-to-date: /home/umut_ubuntu/ros2_ws/install/tutorial_interfaces/local/lib/python3.10/dist-packages/tutorial_interfaces/msg/__init__.py
[2.322s] -- Up-to-date: /home/umut_ubuntu/ros2_ws/install/tutorial_interfaces/local/lib/python3.10/dist-packages/tutorial_interfaces/msg/_num.py
[2.322s] -- Up-to-date: /home/umut_ubuntu/ros2_ws/install/tutorial_interfaces/local/lib/python3.10/dist-packages/tutorial_interfaces/_tutorial_interfaces_s.ep.rosidl_typesupport_introspection_c.c
[2.322s] -- Installing: /home/umut_ubuntu/ros2_ws/install/tutorial_interfaces/local/lib/python3.10/dist-packages/tutorial_interfaces/__init__.py
[2.323s] -- Up-to-date: /home/umut_ubuntu/ros2_ws/install/tutorial_interfaces/local/lib/python3.10/dist-packages/tutorial_interfaces/tutorial_interfaces_s__rosidl_typesupport_c.cpython-310-x86_64-linux-gnu.so
[2.323s] -- Up-to-date: /home/umut_ubuntu/ros2_ws/install/tutorial_interfaces/local/lib/python3.10/dist-packages/tutorial_interfaces/libtutorial_interfaces__rosidl_generator_py.so
[2.323s] -- Up-to-date: /home/umut_ubuntu/ros2_ws/install/tutorial_interfaces/local/lib/python3.10/dist-packages/tutorial_interfaces/srv
[2.323s] -- Up-to-date: /home/umut_ubuntu/ros2_ws/install/tutorial_interfaces/local/lib/python3.10/dist-packages/tutorial_interfaces/srv/__init__.py
[2.323s] -- Up-to-date: /home/umut_ubuntu/ros2_ws/install/tutorial_interfaces/local/lib/python3.10/dist-packages/tutorial_interfaces/srv/_add_three_ints.py
[2.323s] -- Up-to-date: /home/umut_ubuntu/ros2_ws/install/tutorial_interfaces/local/lib/python3.10/dist-packages/tutorial_interfaces/srv/_add_three_ints_s.c
[2.323s] -- Up-to-date: /home/umut_ubuntu/ros2_ws/install/tutorial_interfaces/local/lib/python3.10/dist-packages/tutorial_interfaces/tutorial_interfaces_s__rosidl_typesupport_fastrtps_c.cpython-310-x86_64-linux-gnu.so
[2.370s] Listing '/home/umut_ubuntu/ros2_ws/install/tutorial_interfaces/local/lib/python3.10/dist-packages/tutorial_interfaces'...
[2.371s] Compiling '/home/umut_ubuntu/ros2_ws/install/tutorial_interfaces/local/lib/python3.10/dist-packages/tutorial_interfaces/__init__.py'...
[2.371s] Listing '/home/umut_ubuntu/ros2_ws/install/tutorial_interfaces/local/lib/python3.10/dist-packages/tutorial_interfaces/msg'...
[2.371s] Listing '/home/umut_ubuntu/ros2_ws/install/tutorial_interfaces/local/lib/python3.10/dist-packages/tutorial_interfaces/srv'...
[2.379s] -- Up-to-date: /home/umut_ubuntu/ros2_ws/install/tutorial_interfaces/local/lib/python3.10/dist-packages/tutorial_interfaces/tutorial_interfaces_s__rosidl_typesupport_fastrtps_c.cpython-310-x86_64-linux-gnu.so
[2.380s] -- Up-to-date: /home/umut_ubuntu/ros2_ws/install/tutorial_interfaces/local/lib/python3.10/dist-packages/tutorial_interfaces/tutorial_interfaces_s__rosidl_typesupport_introspection_c.cpython-310-x86_64-linux-gnu.so
[2.382s] -- Up-to-date: /home/umut_ubuntu/ros2_ws/install/tutorial_interfaces/local/lib/python3.10/dist-packages/tutorial_interfaces/tutorial_interfaces_s__rosidl_typesupport_c.cpython-310-x86_64-linux-gnu.so
[2.383s] -- Up-to-date: /home/umut_ubuntu/ros2_ws/install/tutorial_interfaces/lib/libtutorial_interfaces__rosidl_generator_py.so
[2.384s] -- Up-to-date: /home/umut_ubuntu/ros2_ws/install/tutorial_interfaces/share/tutorial_interfaces/msg/Num.idl
[2.384s] -- Up-to-date: /home/umut_ubuntu/ros2_ws/install/tutorial_interfaces/share/tutorial_interfaces/msg/Sphere.idl
[2.384s] -- Up-to-date: /home/umut_ubuntu/ros2_ws/install/tutorial_interfaces/share/tutorial_interfaces/srv/AddThreeInts.idl
[2.384s] -- Up-to-date: /home/umut_ubuntu/ros2_ws/install/tutorial_interfaces/share/tutorial_interfaces/msg/Num.msg
[2.385s] -- Up-to-date: /home/umut_ubuntu/ros2_ws/install/tutorial_interfaces/share/tutorial_interfaces/msg/Sphere.msg
[2.385s] -- Up-to-date: /home/umut_ubuntu/ros2_ws/install/tutorial_interfaces/share/tutorial_interfaces/srv/AddThreeInts.srv
[2.385s] -- Up-to-date: /home/umut_ubuntu/ros2_ws/install/tutorial_interfaces/share/tutorial_interfaces/srv/AddThreeInts_Request.msg
[2.385s] -- Up-to-date: /home/umut_ubuntu/ros2_ws/install/tutorial_interfaces/share/tutorial_interfaces/srv/AddThreeInts_Response.msg
[2.385s] -- Up-to-date: /home/umut_ubuntu/ros2_ws/install/tutorial_interfaces/share/ament_index/resource_index/package_run_dependencies/tutorial_interfaces
[2.386s] -- Up-to-date: /home/umut_ubuntu/ros2_ws/install/tutorial_interfaces/share/ament_index/resource_index/parent_prefix_path/tutorial_interfaces
[2.386s] -- Up-to-date: /home/umut_ubuntu/ros2_ws/install/tutorial_interfaces/share/tutorial_interfaces/environment/ament_prefix_path.sh
[2.386s] -- Installing: /home/umut_ubuntu/ros2_ws/install/tutorial_interfaces/share/tutorial_interfaces/environment/ament_prefix_path.dsv
[2.386s] -- Up-to-date: /home/umut_ubuntu/ros2_ws/install/tutorial_interfaces/share/tutorial_interfaces/environment/path.sh
[2.387s] -- Installing: /home/umut_ubuntu/ros2_ws/install/tutorial_interfaces/share/tutorial_interfaces/environment/path.dsv
[2.387s] -- Up-to-date: /home/umut_ubuntu/ros2_ws/install/tutorial_interfaces/share/tutorial_interfaces/local_setup.bash
[2.387s] -- Up-to-date: /home/umut_ubuntu/ros2_ws/install/tutorial_interfaces/share/tutorial_interfaces/local_setup.sh
[2.387s] -- Up-to-date: /home/umut_ubuntu/ros2_ws/install/tutorial_interfaces/share/tutorial_interfaces/local_setup.zsh
[2.387s] -- Installing: /home/umut_ubuntu/ros2_ws/install/tutorial_interfaces/share/tutorial_interfaces/local_setup.dsv
[2.388s] -- Installing: /home/umut_ubuntu/ros2_ws/install/tutorial_interfaces/share/tutorial_interfaces/package.dsv
[2.388s] -- Up-to-date: /home/umut_ubuntu/ros2_ws/install/tutorial_interfaces/share/ament_index/resource_index/packages/tutorial_interfaces
[2.390s] -- Up-to-date: /home/umut_ubuntu/ros2_ws/install/tutorial_interfaces/share/tutorial_interfaces/cmake/export_tutorial_interfaces__rosidl_generator_cExport.cmake
[2.390s] -- Up-to-date: /home/umut_ubuntu/ros2_ws/install/tutorial_interfaces/share/tutorial_interfaces/cmake/export_tutorial_interfaces__rosidl_generator_cExport-noconfig.cmake
[2.391s] -- Up-to-date: /home/umut_ubuntu/ros2_ws/install/tutorial_interfaces/share/tutorial_interfaces/cmake/export_tutorial_interfaces__rosidl_typesupport_fastrtps_cExport.cmake
[2.391s] -- Up-to-date: /home/umut_ubuntu/ros2_ws/install/tutorial_interfaces/share/tutorial_interfaces/cmake/export_tutorial_interfaces__rosidl_typesupport_fastrtps_cExport-noconfig.cmake
[2.392s] -- Up-to-date: /home/umut_ubuntu/ros2_ws/install/tutorial_interfaces/share/tutorial_interfaces/cmake/export_tutorial_interfaces__rosidl_generator_cppExport.cmake
[2.392s] -- Up-to-date: /home/umut_ubuntu/ros2_ws/install/tutorial_interfaces/share/tutorial_interfaces/cmake/export_tutorial_interfaces__rosidl_typesupport_fastrtps_cppExport.cmake
[2.392s] -- Up-to-date: /home/umut_ubuntu/ros2_ws/install/tutorial_interfaces/share/tutorial_interfaces/cmake/export_tutorial_interfaces__rosidl_typesupport_fastrtps_cppExport-noconfig.cmake
[2.393s] -- Up-to-date: /home/umut_ubuntu/ros2_ws/install/tutorial_interfaces/share/tutorial_interfaces/cmake/tutorial_interfaces__rosidl_typesupport_introspection_cExport.cmake
[2.393s] -- Up-to-date: /home/umut_ubuntu/ros2_ws/install/tutorial_interfaces/share/tutorial_interfaces/cmake/tutorial_interfaces__rosidl_typesupport_introspection_cExport-noconfig.cmake
[2.394s] -- Up-to-date: /home/umut_ubuntu/ros2_ws/install/tutorial_interfaces/share/tutorial_interfaces/cmake/tutorial_interfaces__rosidl_typesupport_cExport.cmake
[2.394s] -- Up-to-date: /home/umut_ubuntu/ros2_ws/install/tutorial_interfaces/share/tutorial_interfaces/cmake/tutorial_interfaces__rosidl_typesupport_cExport-noconfig.cmake
[2.396s] -- Up-to-date: /home/umut_ubuntu/ros2_ws/install/tutorial_interfaces/share/tutorial_interfaces/cmake/tutorial_interfaces__rosidl_typesupport_introspection_cppExport.cmake
[2.397s] -- Up-to-date: /home/umut_ubuntu/ros2_ws/install/tutorial_interfaces/share/tutorial_interfaces/cmake/tutorial_interfaces__rosidl_typesupport_introspection_cppExport-noconfig.cmake
[2.398s] -- Up-to-date: /home/umut_ubuntu/ros2_ws/install/tutorial_interfaces/share/tutorial_interfaces/cmake/tutorial_interfaces__rosidl_typesupport_cppExport.cmake
[2.399s] -- Up-to-date: /home/umut_ubuntu/ros2_ws/install/tutorial_interfaces/share/tutorial_interfaces/cmake/tutorial_interfaces__rosidl_typesupport_cppExport-noconfig.cmake
[2.400s] -- Up-to-date: /home/umut_ubuntu/ros2_ws/install/tutorial_interfaces/share/tutorial_interfaces/cmake/export_tutorial_interfaces__rosidl_generator_pyExport.cmake
[2.401s] -- Up-to-date: /home/umut_ubuntu/ros2_ws/install/tutorial_interfaces/share/tutorial_interfaces/cmake/export_tutorial_interfaces__rosidl_generator_pyExport-noconfig.cmake
[2.401s] -- Up-to-date: /home/umut_ubuntu/ros2_ws/install/tutorial_interfaces/share/tutorial_interfaces/cmake/rosidl_cmake-extras.cmake
[2.401s] -- Up-to-date: /home/umut_ubuntu/ros2_ws/install/tutorial_interfaces/share/tutorial_interfaces/cmake/ament_cmake_export_dependencies-extras.cmake
[2.401s] -- Up-to-date: /home/umut_ubuntu/ros2_ws/install/tutorial_interfaces/share/tutorial_interfaces/cmake/ament_cmake_export_include_directories-extras.cmake
[2.401s] -- Up-to-date: /home/umut_ubuntu/ros2_ws/install/tutorial_interfaces/share/tutorial_interfaces/cmake/ament_cmake_export_libraries-extras.cmake
[2.401s] -- Up-to-date: /home/umut_ubuntu/ros2_ws/install/tutorial_interfaces/share/tutorial_interfaces/cmake/ament_cmake_export_targets-extras.cmake
[2.402s] -- Up-to-date: /home/umut_ubuntu/ros2_ws/install/tutorial_interfaces/share/tutorial_interfaces/cmake/rosidl_cmake_export_typesupport_targets-extras.cmake
[2.402s] -- Up-to-date: /home/umut_ubuntu/ros2_ws/install/tutorial_interfaces/share/tutorial_interfaces/cmake/rosidl_cmake_export_typesupport_libraries-extras.cmake
[2.402s] -- Up-to-date: /home/umut_ubuntu/ros2_ws/install/tutorial_interfaces/share/tutorial_interfaces/cmake/tutorial_interfacesConfig.cmake
[2.402s] -- Up-to-date: /home/umut_ubuntu/ros2_ws/install/tutorial_interfaces/share/tutorial_interfaces/cmake/tutorial_interfacesConfig-version.cmake
[2.402s] -- Installing: /home/umut_ubuntu/ros2_ws/install/tutorial_interfaces/share/tutorial_interfaces/package.xml
[2.549s] Invoked command in '/home/umut_ubuntu/ros2_ws/build/tutorial_interfaces' returned '0': CMAKE_PREFIX_PATH=/opt/ros/humble /usr/bin/cmake --install /home/umut_ubuntu/ros2_ws/build/tutorial_interfaces
