[0.712s] Invoking command in '/home/umut_ubuntu/ros2_ws/src/py_pubsub': AMENT_PREFIX_PATH=/home/umut_ubuntu/ros2_ws/install/tutorial_interfaces:${AMENT_PREFIX_PATH} CMAKE_PREFIX_PATH=/home/umut_ubuntu/ros2_ws/install/tutorial_interfaces LD_LIBRARY_PATH=/home/umut_ubuntu/ros2_ws/install/tutorial_interfaces/lib:${LD_LIBRARY_PATH} PYTHONPATH=/home/umut_ubuntu/ros2_ws/build/py_pubsub/prefix_override:/home/umut_ubuntu/ros2_ws/install/py_pubsub/lib/python3.10/site-packages:/home/umut_ubuntu/ros2_ws/install/tutorial_interfaces/local/lib/python3.10/dist-packages:${PYTHONPATH} /usr/bin/python3 setup.py egg_info --egg-base ../../build/py_pubsub build --build-base /home/umut_ubuntu/ros2_ws/build/py_pubsub/build install --record /home/umut_ubuntu/ros2_ws/build/py_pubsub/install.log --single-version-externally-managed
[0.912s] running egg_info
[0.912s] writing ../../build/py_pubsub/py_pubsub.egg-info/PKG-INFO
[0.913s] writing dependency_links to ../../build/py_pubsub/py_pubsub.egg-info/dependency_links.txt
[0.913s] writing entry points to ../../build/py_pubsub/py_pubsub.egg-info/entry_points.txt
[0.913s] writing requirements to ../../build/py_pubsub/py_pubsub.egg-info/requires.txt
[0.913s] writing top-level names to ../../build/py_pubsub/py_pubsub.egg-info/top_level.txt
[0.914s] reading manifest file '../../build/py_pubsub/py_pubsub.egg-info/SOURCES.txt'
[0.915s] writing manifest file '../../build/py_pubsub/py_pubsub.egg-info/SOURCES.txt'
[0.915s] running build
[0.915s] running build_py
[0.915s] copying py_pubsub/subscriber_member_function.py -> /home/umut_ubuntu/ros2_ws/build/py_pubsub/build/lib/py_pubsub
[0.916s] copying py_pubsub/publisher_member_function.py -> /home/umut_ubuntu/ros2_ws/build/py_pubsub/build/lib/py_pubsub
[0.916s] running install
[0.916s] /usr/lib/python3/dist-packages/setuptools/command/install.py:34: SetuptoolsDeprecationWarning: setup.py install is deprecated. Use build and pip and other standards-based tools.
[0.916s]   warnings.warn(
[0.916s] running install_lib
[0.917s] copying /home/umut_ubuntu/ros2_ws/build/py_pubsub/build/lib/py_pubsub/subscriber_member_function.py -> /home/umut_ubuntu/ros2_ws/install/py_pubsub/lib/python3.10/site-packages/py_pubsub
[0.917s] copying /home/umut_ubuntu/ros2_ws/build/py_pubsub/build/lib/py_pubsub/publisher_member_function.py -> /home/umut_ubuntu/ros2_ws/install/py_pubsub/lib/python3.10/site-packages/py_pubsub
[0.918s] byte-compiling /home/umut_ubuntu/ros2_ws/install/py_pubsub/lib/python3.10/site-packages/py_pubsub/subscriber_member_function.py to subscriber_member_function.cpython-310.pyc
[0.918s] byte-compiling /home/umut_ubuntu/ros2_ws/install/py_pubsub/lib/python3.10/site-packages/py_pubsub/publisher_member_function.py to publisher_member_function.cpython-310.pyc
[0.919s] running install_data
[0.919s] copying package.xml -> /home/umut_ubuntu/ros2_ws/install/py_pubsub/share/py_pubsub
[0.919s] running install_egg_info
[0.921s] removing '/home/umut_ubuntu/ros2_ws/install/py_pubsub/lib/python3.10/site-packages/py_pubsub-0.0.0-py3.10.egg-info' (and everything under it)
[0.921s] Copying ../../build/py_pubsub/py_pubsub.egg-info to /home/umut_ubuntu/ros2_ws/install/py_pubsub/lib/python3.10/site-packages/py_pubsub-0.0.0-py3.10.egg-info
[0.922s] running install_scripts
[0.938s] Installing listener script to /home/umut_ubuntu/ros2_ws/install/py_pubsub/lib/py_pubsub
[0.939s] Installing talker script to /home/umut_ubuntu/ros2_ws/install/py_pubsub/lib/py_pubsub
[0.939s] writing list of installed files to '/home/umut_ubuntu/ros2_ws/build/py_pubsub/install.log'
[0.967s] Invoked command in '/home/umut_ubuntu/ros2_ws/src/py_pubsub' returned '0': AMENT_PREFIX_PATH=/home/umut_ubuntu/ros2_ws/install/tutorial_interfaces:${AMENT_PREFIX_PATH} CMAKE_PREFIX_PATH=/home/umut_ubuntu/ros2_ws/install/tutorial_interfaces LD_LIBRARY_PATH=/home/umut_ubuntu/ros2_ws/install/tutorial_interfaces/lib:${LD_LIBRARY_PATH} PYTHONPATH=/home/umut_ubuntu/ros2_ws/build/py_pubsub/prefix_override:/home/umut_ubuntu/ros2_ws/install/py_pubsub/lib/python3.10/site-packages:/home/umut_ubuntu/ros2_ws/install/tutorial_interfaces/local/lib/python3.10/dist-packages:${PYTHONPATH} /usr/bin/python3 setup.py egg_info --egg-base ../../build/py_pubsub build --build-base /home/umut_ubuntu/ros2_ws/build/py_pubsub/build install --record /home/umut_ubuntu/ros2_ws/build/py_pubsub/install.log --single-version-externally-managed
