[0.552s] Invoking command in '/home/umut_ubuntu/ros2_ws/build/action_tutorials_interfaces': CMAKE_PREFIX_PATH=/opt/ros/humble /usr/bin/cmake /home/umut_ubuntu/ros2_ws/src/action_tutorials_interfaces -DCMAKE_INSTALL_PREFIX=/home/umut_ubuntu/ros2_ws/install/action_tutorials_interfaces
[1.951s] -- Found ament_cmake: 1.3.5 (/opt/ros/humble/share/ament_cmake/cmake)
[1.951s] -- Found ament_lint_auto: 0.12.8 (/opt/ros/humble/share/ament_lint_auto/cmake)
[1.951s] -- Found rosidl_default_generators: 1.2.0 (/opt/ros/humble/share/rosidl_default_generators/cmake)
[1.951s] -- Using all available rosidl_typesupport_c: rosidl_typesupport_fastrtps_c;rosidl_typesupport_introspection_c
[1.951s] -- Found rosidl_adapter: 3.1.5 (/opt/ros/humble/share/rosidl_adapter/cmake)
[1.951s] -- Using all available rosidl_typesupport_cpp: rosidl_typesupport_fastrtps_cpp;rosidl_typesupport_introspection_cpp
[1.951s] -- Found ament_cmake_ros: 0.10.0 (/opt/ros/humble/share/ament_cmake_ros/cmake)
[1.951s] -- Using all available rosidl_typesupport_c: rosidl_typesupport_fastrtps_c;rosidl_typesupport_introspection_c
[2.091s] -- Using all available rosidl_typesupport_cpp: rosidl_typesupport_fastrtps_cpp;rosidl_typesupport_introspection_cpp
[2.149s] -- Found PythonInterp: /usr/bin/python3 (found suitable version "3.10.12", minimum required is "3.6") 
[2.150s] -- Found python_cmake_module: 0.10.0 (/opt/ros/humble/share/python_cmake_module/cmake)
[2.212s] -- Found PythonLibs: /usr/lib/x86_64-linux-gnu/libpython3.10.so (found suitable version "3.10.12", minimum required is "3.5") 
[2.212s] -- Using PYTHON_EXECUTABLE: /usr/bin/python3
[2.212s] -- Using PYTHON_INCLUDE_DIRS: /usr/include/python3.10
[2.212s] -- Using PYTHON_LIBRARIES: /usr/lib/x86_64-linux-gnu/libpython3.10.so
[2.254s] -- Found PythonExtra: .so  
[2.719s] -- Using numpy include directory: /home/umut_ubuntu/.local/lib/python3.10/site-packages/numpy/core/include
[2.746s] -- Added test 'lint_cmake' to check CMake code style
[2.748s] -- Added test 'xmllint' to check XML markup files
[2.759s] -- Configuring done
[2.814s] -- Generating done
[2.818s] -- Build files have been written to: /home/umut_ubuntu/ros2_ws/build/action_tutorials_interfaces
[2.863s] Invoked command in '/home/umut_ubuntu/ros2_ws/build/action_tutorials_interfaces' returned '0': CMAKE_PREFIX_PATH=/opt/ros/humble /usr/bin/cmake /home/umut_ubuntu/ros2_ws/src/action_tutorials_interfaces -DCMAKE_INSTALL_PREFIX=/home/umut_ubuntu/ros2_ws/install/action_tutorials_interfaces
[2.864s] Invoking command in '/home/umut_ubuntu/ros2_ws/build/action_tutorials_interfaces': CMAKE_PREFIX_PATH=/opt/ros/humble /usr/bin/cmake --build /home/umut_ubuntu/ros2_ws/build/action_tutorials_interfaces -- -j12 -l12
[2.925s] [  3%] [34m[1mGenerating C code for ROS interfaces[0m
[2.954s] [  6%] [34m[1mGenerating C++ code for ROS interfaces[0m
[2.963s] [  6%] Built target ament_cmake_python_copy_action_tutorials_interfaces
[3.408s] running egg_info
[3.409s] creating action_tutorials_interfaces.egg-info
[3.409s] writing action_tutorials_interfaces.egg-info/PKG-INFO
[3.409s] writing dependency_links to action_tutorials_interfaces.egg-info/dependency_links.txt
[3.409s] writing top-level names to action_tutorials_interfaces.egg-info/top_level.txt
[3.410s] writing manifest file 'action_tutorials_interfaces.egg-info/SOURCES.txt'
[3.413s] reading manifest file 'action_tutorials_interfaces.egg-info/SOURCES.txt'
[3.414s] writing manifest file 'action_tutorials_interfaces.egg-info/SOURCES.txt'
[3.465s] [  6%] Built target ament_cmake_python_build_action_tutorials_interfaces_egg
[3.603s] [  6%] Built target action_tutorials_interfaces__cpp
[3.622s] [ 12%] [34m[1mGenerating C++ type support dispatch for ROS interfaces[0m
[3.622s] [ 12%] [34m[1mGenerating C++ type support for eProsima Fast-RTPS[0m
[3.629s] [ 16%] [34m[1mGenerating C++ introspection for ROS interfaces[0m
[3.713s] [ 19%] [32mBuilding C object CMakeFiles/action_tutorials_interfaces__rosidl_generator_c.dir/rosidl_generator_c/action_tutorials_interfaces/action/detail/fibonacci__functions.c.o[0m
[3.893s] [ 22%] [32m[1mLinking C shared library libaction_tutorials_interfaces__rosidl_generator_c.so[0m
[3.968s] [ 22%] Built target action_tutorials_interfaces__rosidl_generator_c
[3.986s] [ 25%] [34m[1mGenerating C introspection for ROS interfaces[0m
[3.987s] [ 29%] [34m[1mGenerating C type support dispatch for ROS interfaces[0m
[3.991s] [ 32%] [34m[1mGenerating C type support for eProsima Fast-RTPS[0m
[4.029s] [ 35%] [32mBuilding CXX object CMakeFiles/action_tutorials_interfaces__rosidl_typesupport_cpp.dir/rosidl_typesupport_cpp/action_tutorials_interfaces/action/fibonacci__type_support.cpp.o[0m
[4.116s] [ 38%] [32mBuilding CXX object CMakeFiles/action_tutorials_interfaces__rosidl_typesupport_introspection_cpp.dir/rosidl_typesupport_introspection_cpp/action_tutorials_interfaces/action/detail/fibonacci__type_support.cpp.o[0m
[4.156s] [ 41%] [32mBuilding CXX object CMakeFiles/action_tutorials_interfaces__rosidl_typesupport_fastrtps_cpp.dir/rosidl_typesupport_fastrtps_cpp/action_tutorials_interfaces/action/detail/dds_fastrtps/fibonacci__type_support.cpp.o[0m
[4.388s] [ 45%] [32mBuilding CXX object CMakeFiles/action_tutorials_interfaces__rosidl_typesupport_c.dir/rosidl_typesupport_c/action_tutorials_interfaces/action/fibonacci__type_support.cpp.o[0m
[4.471s] [ 48%] [32m[1mLinking CXX shared library libaction_tutorials_interfaces__rosidl_typesupport_c.so[0m
[4.498s] [ 51%] [32mBuilding C object CMakeFiles/action_tutorials_interfaces__rosidl_typesupport_introspection_c.dir/rosidl_typesupport_introspection_c/action_tutorials_interfaces/action/detail/fibonacci__type_support.c.o[0m
[4.514s] [ 54%] [32mBuilding CXX object CMakeFiles/action_tutorials_interfaces__rosidl_typesupport_fastrtps_c.dir/rosidl_typesupport_fastrtps_c/action_tutorials_interfaces/action/detail/fibonacci__type_support_c.cpp.o[0m
[4.543s] [ 54%] Built target action_tutorials_interfaces__rosidl_typesupport_c
[4.583s] [ 58%] [32m[1mLinking C shared library libaction_tutorials_interfaces__rosidl_typesupport_introspection_c.so[0m
[4.640s] [ 58%] Built target action_tutorials_interfaces__rosidl_typesupport_introspection_c
[4.706s] [ 61%] [32m[1mLinking CXX shared library libaction_tutorials_interfaces__rosidl_typesupport_cpp.so[0m
[4.776s] [ 61%] Built target action_tutorials_interfaces__rosidl_typesupport_cpp
[4.962s] [ 64%] [32m[1mLinking CXX shared library libaction_tutorials_interfaces__rosidl_typesupport_fastrtps_cpp.so[0m
[4.965s] [ 67%] [32m[1mLinking CXX shared library libaction_tutorials_interfaces__rosidl_typesupport_introspection_cpp.so[0m
[5.035s] [ 70%] [32m[1mLinking CXX shared library libaction_tutorials_interfaces__rosidl_typesupport_fastrtps_c.so[0m
[5.101s] [ 70%] Built target action_tutorials_interfaces__rosidl_typesupport_introspection_cpp
[5.106s] [ 70%] Built target action_tutorials_interfaces__rosidl_typesupport_fastrtps_cpp
[5.175s] [ 70%] Built target action_tutorials_interfaces__rosidl_typesupport_fastrtps_c
[5.209s] [ 70%] Built target action_tutorials_interfaces
[5.243s] [ 74%] [34m[1mGenerating Python code for ROS interfaces[0m
[6.232s] [ 74%] Built target action_tutorials_interfaces__py
[6.275s] [ 77%] [32mBuilding C object CMakeFiles/action_tutorials_interfaces__rosidl_generator_py.dir/rosidl_generator_py/action_tutorials_interfaces/action/_fibonacci_s.c.o[0m
[6.517s] [ 80%] [32m[1mLinking C shared library rosidl_generator_py/action_tutorials_interfaces/libaction_tutorials_interfaces__rosidl_generator_py.so[0m
[6.624s] [ 80%] Built target action_tutorials_interfaces__rosidl_generator_py
[6.663s] [ 83%] [32mBuilding C object CMakeFiles/action_tutorials_interfaces__rosidl_typesupport_c__pyext.dir/rosidl_generator_py/action_tutorials_interfaces/_action_tutorials_interfaces_s.ep.rosidl_typesupport_c.c.o[0m
[6.667s] [ 87%] [32mBuilding C object CMakeFiles/action_tutorials_interfaces__rosidl_typesupport_introspection_c__pyext.dir/rosidl_generator_py/action_tutorials_interfaces/_action_tutorials_interfaces_s.ep.rosidl_typesupport_introspection_c.c.o[0m
[6.669s] [ 90%] [32mBuilding C object CMakeFiles/action_tutorials_interfaces__rosidl_typesupport_fastrtps_c__pyext.dir/rosidl_generator_py/action_tutorials_interfaces/_action_tutorials_interfaces_s.ep.rosidl_typesupport_fastrtps_c.c.o[0m
[6.851s] [ 93%] [32m[1mLinking C shared library rosidl_generator_py/action_tutorials_interfaces/action_tutorials_interfaces_s__rosidl_typesupport_introspection_c.cpython-310-x86_64-linux-gnu.so[0m
[6.852s] [ 96%] [32m[1mLinking C shared library rosidl_generator_py/action_tutorials_interfaces/action_tutorials_interfaces_s__rosidl_typesupport_fastrtps_c.cpython-310-x86_64-linux-gnu.so[0m
[6.866s] [100%] [32m[1mLinking C shared library rosidl_generator_py/action_tutorials_interfaces/action_tutorials_interfaces_s__rosidl_typesupport_c.cpython-310-x86_64-linux-gnu.so[0m
[6.920s] [100%] Built target action_tutorials_interfaces__rosidl_typesupport_fastrtps_c__pyext
[6.932s] [100%] Built target action_tutorials_interfaces__rosidl_typesupport_c__pyext
[6.947s] [100%] Built target action_tutorials_interfaces__rosidl_typesupport_introspection_c__pyext
