[1.371s] Invoking command in '/home/umut_ubuntu/ros2_ws/src/my_package': PYTHONPATH=/home/umut_ubuntu/ros2_ws/build/my_package/prefix_override:/home/umut_ubuntu/ros2_ws/install/my_package/lib/python3.10/site-packages:${PYTHONPATH} /usr/bin/python3 setup.py egg_info --egg-base ../../build/my_package build --build-base /home/umut_ubuntu/ros2_ws/build/my_package/build install --record /home/umut_ubuntu/ros2_ws/build/my_package/install.log --single-version-externally-managed
[1.720s] running egg_info
[1.721s] creating ../../build/my_package/my_package.egg-info
[1.721s] writing ../../build/my_package/my_package.egg-info/PKG-INFO
[1.722s] writing dependency_links to ../../build/my_package/my_package.egg-info/dependency_links.txt
[1.722s] writing entry points to ../../build/my_package/my_package.egg-info/entry_points.txt
[1.722s] writing requirements to ../../build/my_package/my_package.egg-info/requires.txt
[1.722s] writing top-level names to ../../build/my_package/my_package.egg-info/top_level.txt
[1.722s] writing manifest file '../../build/my_package/my_package.egg-info/SOURCES.txt'
[1.724s] reading manifest file '../../build/my_package/my_package.egg-info/SOURCES.txt'
[1.725s] writing manifest file '../../build/my_package/my_package.egg-info/SOURCES.txt'
[1.726s] running build
[1.726s] running build_py
[1.726s] creating /home/umut_ubuntu/ros2_ws/build/my_package/build
[1.726s] creating /home/umut_ubuntu/ros2_ws/build/my_package/build/lib
[1.727s] creating /home/umut_ubuntu/ros2_ws/build/my_package/build/lib/my_package
[1.727s] copying my_package/__init__.py -> /home/umut_ubuntu/ros2_ws/build/my_package/build/lib/my_package
[1.727s] copying my_package/my_node.py -> /home/umut_ubuntu/ros2_ws/build/my_package/build/lib/my_package
[1.736s] running install
[1.737s] /usr/lib/python3/dist-packages/setuptools/command/install.py:34: SetuptoolsDeprecationWarning: setup.py install is deprecated. Use build and pip and other standards-based tools.
[1.737s]   warnings.warn(
[1.738s] running install_lib
[1.740s] creating /home/umut_ubuntu/ros2_ws/install/my_package/lib/python3.10/site-packages/my_package
[1.740s] copying /home/umut_ubuntu/ros2_ws/build/my_package/build/lib/my_package/__init__.py -> /home/umut_ubuntu/ros2_ws/install/my_package/lib/python3.10/site-packages/my_package
[1.741s] copying /home/umut_ubuntu/ros2_ws/build/my_package/build/lib/my_package/my_node.py -> /home/umut_ubuntu/ros2_ws/install/my_package/lib/python3.10/site-packages/my_package
[1.741s] byte-compiling /home/umut_ubuntu/ros2_ws/install/my_package/lib/python3.10/site-packages/my_package/__init__.py to __init__.cpython-310.pyc
[1.741s] byte-compiling /home/umut_ubuntu/ros2_ws/install/my_package/lib/python3.10/site-packages/my_package/my_node.py to my_node.cpython-310.pyc
[1.742s] running install_data
[1.742s] creating /home/umut_ubuntu/ros2_ws/install/my_package/share/ament_index
[1.743s] creating /home/umut_ubuntu/ros2_ws/install/my_package/share/ament_index/resource_index
[1.743s] creating /home/umut_ubuntu/ros2_ws/install/my_package/share/ament_index/resource_index/packages
[1.743s] copying resource/my_package -> /home/umut_ubuntu/ros2_ws/install/my_package/share/ament_index/resource_index/packages
[1.743s] copying package.xml -> /home/umut_ubuntu/ros2_ws/install/my_package/share/my_package
[1.743s] running install_egg_info
[1.745s] Copying ../../build/my_package/my_package.egg-info to /home/umut_ubuntu/ros2_ws/install/my_package/lib/python3.10/site-packages/my_package-0.0.0-py3.10.egg-info
[1.746s] running install_scripts
[1.773s] Installing my_node script to /home/umut_ubuntu/ros2_ws/install/my_package/lib/my_package
[1.773s] writing list of installed files to '/home/umut_ubuntu/ros2_ws/build/my_package/install.log'
[1.809s] Invoked command in '/home/umut_ubuntu/ros2_ws/src/my_package' returned '0': PYTHONPATH=/home/umut_ubuntu/ros2_ws/build/my_package/prefix_override:/home/umut_ubuntu/ros2_ws/install/my_package/lib/python3.10/site-packages:${PYTHONPATH} /usr/bin/python3 setup.py egg_info --egg-base ../../build/my_package build --build-base /home/umut_ubuntu/ros2_ws/build/my_package/build install --record /home/umut_ubuntu/ros2_ws/build/my_package/install.log --single-version-externally-managed
