[0.625s] Invoking command in '/home/umut_ubuntu/ros2_ws/build/tutorial_interfaces': CMAKE_PREFIX_PATH=/opt/ros/humble /usr/bin/cmake --build /home/umut_ubuntu/ros2_ws/build/tutorial_interfaces -- -j12 -l12
[2.026s] [  2%] Built target tutorial_interfaces__cpp
[2.027s] [ 12%] Built target tutorial_interfaces__rosidl_generator_c
[2.027s] [ 12%] Built target ament_cmake_python_copy_tutorial_interfaces
[2.027s] [ 23%] Built target tutorial_interfaces__rosidl_typesupport_introspection_cpp
[2.027s] [ 36%] Built target tutorial_interfaces__rosidl_typesupport_fastrtps_cpp
[2.027s] [ 44%] Built target tutorial_interfaces__rosidl_typesupport_fastrtps_c
[2.027s] [ 55%] Built target tutorial_interfaces__rosidl_typesupport_c
[2.027s] [ 65%] Built target tutorial_interfaces__rosidl_typesupport_introspection_c
[2.027s] [ 76%] Built target tutorial_interfaces__rosidl_typesupport_cpp
[2.028s] [ 76%] Built target tutorial_interfaces
[2.028s] [ 78%] Built target tutorial_interfaces__py
[2.028s] [ 87%] Built target tutorial_interfaces__rosidl_generator_py
[2.028s] [ 91%] Built target tutorial_interfaces__rosidl_typesupport_introspection_c__pyext
[2.028s] [ 95%] Built target tutorial_interfaces__rosidl_typesupport_c__pyext
[2.028s] [100%] Built target tutorial_interfaces__rosidl_typesupport_fastrtps_c__pyext
[2.028s] running egg_info
[2.028s] writing tutorial_interfaces.egg-info/PKG-INFO
[2.028s] writing dependency_links to tutorial_interfaces.egg-info/dependency_links.txt
[2.028s] writing top-level names to tutorial_interfaces.egg-info/top_level.txt
[2.029s] reading manifest file 'tutorial_interfaces.egg-info/SOURCES.txt'
[2.029s] writing manifest file 'tutorial_interfaces.egg-info/SOURCES.txt'
[2.029s] [100%] Built target ament_cmake_python_build_tutorial_interfaces_egg
[2.034s] Invoked command in '/home/umut_ubuntu/ros2_ws/build/tutorial_interfaces' returned '0': CMAKE_PREFIX_PATH=/opt/ros/humble /usr/bin/cmake --build /home/umut_ubuntu/ros2_ws/build/tutorial_interfaces -- -j12 -l12
[2.282s] Invoking command in '/home/umut_ubuntu/ros2_ws/build/tutorial_interfaces': CMAKE_PREFIX_PATH=/opt/ros/humble /usr/bin/cmake --install /home/umut_ubuntu/ros2_ws/build/tutorial_interfaces
[2.300s] -- Install configuration: ""
[2.300s] -- Up-to-date: /home/umut_ubuntu/ros2_ws/install/tutorial_interfaces/share/ament_index/resource_index/rosidl_interfaces/tutorial_interfaces
[2.300s] -- Up-to-date: /home/umut_ubuntu/ros2_ws/install/tutorial_interfaces/include/tutorial_interfaces/tutorial_interfaces
[2.300s] -- Up-to-date: /home/umut_ubuntu/ros2_ws/install/tutorial_interfaces/include/tutorial_interfaces/tutorial_interfaces/msg
[2.300s] -- Up-to-date: /home/umut_ubuntu/ros2_ws/install/tutorial_interfaces/include/tutorial_interfaces/tutorial_interfaces/msg/rosidl_generator_c__visibility_control.h
[2.301s] -- Up-to-date: /home/umut_ubuntu/ros2_ws/install/tutorial_interfaces/include/tutorial_interfaces/tutorial_interfaces/msg/num.h
[2.301s] -- Up-to-date: /home/umut_ubuntu/ros2_ws/install/tutorial_interfaces/include/tutorial_interfaces/tutorial_interfaces/msg/detail
[2.301s] -- Up-to-date: /home/umut_ubuntu/ros2_ws/install/tutorial_interfaces/include/tutorial_interfaces/tutorial_interfaces/msg/detail/num__functions.h
[2.301s] -- Up-to-date: /home/umut_ubuntu/ros2_ws/install/tutorial_interfaces/include/tutorial_interfaces/tutorial_interfaces/msg/detail/sphere__functions.c
[2.301s] -- Up-to-date: /home/umut_ubuntu/ros2_ws/install/tutorial_interfaces/include/tutorial_interfaces/tutorial_interfaces/msg/detail/sphere__struct.h
[2.301s] -- Up-to-date: /home/umut_ubuntu/ros2_ws/install/tutorial_interfaces/include/tutorial_interfaces/tutorial_interfaces/msg/detail/sphere__type_support.h
[2.302s] -- Up-to-date: /home/umut_ubuntu/ros2_ws/install/tutorial_interfaces/include/tutorial_interfaces/tutorial_interfaces/msg/detail/sphere__functions.h
[2.302s] -- Up-to-date: /home/umut_ubuntu/ros2_ws/install/tutorial_interfaces/include/tutorial_interfaces/tutorial_interfaces/msg/detail/num__struct.h
[2.302s] -- Up-to-date: /home/umut_ubuntu/ros2_ws/install/tutorial_interfaces/include/tutorial_interfaces/tutorial_interfaces/msg/detail/num__type_support.h
[2.303s] -- Up-to-date: /home/umut_ubuntu/ros2_ws/install/tutorial_interfaces/include/tutorial_interfaces/tutorial_interfaces/msg/detail/num__functions.c
[2.304s] -- Up-to-date: /home/umut_ubuntu/ros2_ws/install/tutorial_interfaces/include/tutorial_interfaces/tutorial_interfaces/msg/sphere.h
[2.304s] -- Up-to-date: /home/umut_ubuntu/ros2_ws/install/tutorial_interfaces/include/tutorial_interfaces/tutorial_interfaces/srv
[2.304s] -- Up-to-date: /home/umut_ubuntu/ros2_ws/install/tutorial_interfaces/include/tutorial_interfaces/tutorial_interfaces/srv/detail
[2.304s] -- Up-to-date: /home/umut_ubuntu/ros2_ws/install/tutorial_interfaces/include/tutorial_interfaces/tutorial_interfaces/srv/detail/add_three_ints__functions.c
[2.304s] -- Up-to-date: /home/umut_ubuntu/ros2_ws/install/tutorial_interfaces/include/tutorial_interfaces/tutorial_interfaces/srv/detail/add_three_ints__functions.h
[2.305s] -- Up-to-date: /home/umut_ubuntu/ros2_ws/install/tutorial_interfaces/include/tutorial_interfaces/tutorial_interfaces/srv/detail/add_three_ints__struct.h
[2.306s] -- Up-to-date: /home/umut_ubuntu/ros2_ws/install/tutorial_interfaces/include/tutorial_interfaces/tutorial_interfaces/srv/detail/add_three_ints__type_support.h
[2.307s] -- Up-to-date: /home/umut_ubuntu/ros2_ws/install/tutorial_interfaces/include/tutorial_interfaces/tutorial_interfaces/srv/add_three_ints.h
[2.307s] -- Up-to-date: /home/umut_ubuntu/ros2_ws/install/tutorial_interfaces/share/tutorial_interfaces/environment/library_path.sh
[2.307s] -- Up-to-date: /home/umut_ubuntu/ros2_ws/install/tutorial_interfaces/share/tutorial_interfaces/environment/library_path.dsv
[2.307s] -- Up-to-date: /home/umut_ubuntu/ros2_ws/install/tutorial_interfaces/lib/libtutorial_interfaces__rosidl_generator_c.so
[2.307s] -- Up-to-date: /home/umut_ubuntu/ros2_ws/install/tutorial_interfaces/include/tutorial_interfaces/tutorial_interfaces
[2.307s] -- Up-to-date: /home/umut_ubuntu/ros2_ws/install/tutorial_interfaces/include/tutorial_interfaces/tutorial_interfaces/msg
[2.308s] -- Up-to-date: /home/umut_ubuntu/ros2_ws/install/tutorial_interfaces/include/tutorial_interfaces/tutorial_interfaces/msg/rosidl_typesupport_fastrtps_c__visibility_control.h
[2.308s] -- Up-to-date: /home/umut_ubuntu/ros2_ws/install/tutorial_interfaces/include/tutorial_interfaces/tutorial_interfaces/msg/detail
[2.308s] -- Up-to-date: /home/umut_ubuntu/ros2_ws/install/tutorial_interfaces/include/tutorial_interfaces/tutorial_interfaces/msg/detail/sphere__rosidl_typesupport_fastrtps_c.h
[2.308s] -- Up-to-date: /home/umut_ubuntu/ros2_ws/install/tutorial_interfaces/include/tutorial_interfaces/tutorial_interfaces/msg/detail/num__rosidl_typesupport_fastrtps_c.h
[2.308s] -- Up-to-date: /home/umut_ubuntu/ros2_ws/install/tutorial_interfaces/include/tutorial_interfaces/tutorial_interfaces/srv
[2.308s] -- Up-to-date: /home/umut_ubuntu/ros2_ws/install/tutorial_interfaces/include/tutorial_interfaces/tutorial_interfaces/srv/detail
[2.308s] -- Up-to-date: /home/umut_ubuntu/ros2_ws/install/tutorial_interfaces/include/tutorial_interfaces/tutorial_interfaces/srv/detail/add_three_ints__rosidl_typesupport_fastrtps_c.h
[2.309s] -- Up-to-date: /home/umut_ubuntu/ros2_ws/install/tutorial_interfaces/lib/libtutorial_interfaces__rosidl_typesupport_fastrtps_c.so
[2.309s] -- Up-to-date: /home/umut_ubuntu/ros2_ws/install/tutorial_interfaces/include/tutorial_interfaces/tutorial_interfaces
[2.309s] -- Up-to-date: /home/umut_ubuntu/ros2_ws/install/tutorial_interfaces/include/tutorial_interfaces/tutorial_interfaces/msg
[2.309s] -- Up-to-date: /home/umut_ubuntu/ros2_ws/install/tutorial_interfaces/include/tutorial_interfaces/tutorial_interfaces/msg/sphere.hpp
[2.309s] -- Up-to-date: /home/umut_ubuntu/ros2_ws/install/tutorial_interfaces/include/tutorial_interfaces/tutorial_interfaces/msg/num.hpp
[2.310s] -- Up-to-date: /home/umut_ubuntu/ros2_ws/install/tutorial_interfaces/include/tutorial_interfaces/tutorial_interfaces/msg/detail
[2.310s] -- Up-to-date: /home/umut_ubuntu/ros2_ws/install/tutorial_interfaces/include/tutorial_interfaces/tutorial_interfaces/msg/detail/num__builder.hpp
[2.310s] -- Up-to-date: /home/umut_ubuntu/ros2_ws/install/tutorial_interfaces/include/tutorial_interfaces/tutorial_interfaces/msg/detail/num__traits.hpp
[2.310s] -- Up-to-date: /home/umut_ubuntu/ros2_ws/install/tutorial_interfaces/include/tutorial_interfaces/tutorial_interfaces/msg/detail/num__struct.hpp
[2.310s] -- Up-to-date: /home/umut_ubuntu/ros2_ws/install/tutorial_interfaces/include/tutorial_interfaces/tutorial_interfaces/msg/detail/sphere__traits.hpp
[2.311s] -- Up-to-date: /home/umut_ubuntu/ros2_ws/install/tutorial_interfaces/include/tutorial_interfaces/tutorial_interfaces/msg/detail/sphere__struct.hpp
[2.311s] -- Up-to-date: /home/umut_ubuntu/ros2_ws/install/tutorial_interfaces/include/tutorial_interfaces/tutorial_interfaces/msg/detail/sphere__builder.hpp
[2.311s] -- Up-to-date: /home/umut_ubuntu/ros2_ws/install/tutorial_interfaces/include/tutorial_interfaces/tutorial_interfaces/srv
[2.311s] -- Up-to-date: /home/umut_ubuntu/ros2_ws/install/tutorial_interfaces/include/tutorial_interfaces/tutorial_interfaces/srv/add_three_ints.hpp
[2.311s] -- Up-to-date: /home/umut_ubuntu/ros2_ws/install/tutorial_interfaces/include/tutorial_interfaces/tutorial_interfaces/srv/detail
[2.312s] -- Up-to-date: /home/umut_ubuntu/ros2_ws/install/tutorial_interfaces/include/tutorial_interfaces/tutorial_interfaces/srv/detail/add_three_ints__struct.hpp
[2.312s] -- Up-to-date: /home/umut_ubuntu/ros2_ws/install/tutorial_interfaces/include/tutorial_interfaces/tutorial_interfaces/srv/detail/add_three_ints__traits.hpp
[2.312s] -- Up-to-date: /home/umut_ubuntu/ros2_ws/install/tutorial_interfaces/include/tutorial_interfaces/tutorial_interfaces/srv/detail/add_three_ints__builder.hpp
[2.312s] -- Up-to-date: /home/umut_ubuntu/ros2_ws/install/tutorial_interfaces/include/tutorial_interfaces/tutorial_interfaces
[2.312s] -- Up-to-date: /home/umut_ubuntu/ros2_ws/install/tutorial_interfaces/include/tutorial_interfaces/tutorial_interfaces/msg
[2.312s] -- Up-to-date: /home/umut_ubuntu/ros2_ws/install/tutorial_interfaces/include/tutorial_interfaces/tutorial_interfaces/msg/detail
[2.312s] -- Up-to-date: /home/umut_ubuntu/ros2_ws/install/tutorial_interfaces/include/tutorial_interfaces/tutorial_interfaces/msg/detail/dds_fastrtps
[2.313s] -- Up-to-date: /home/umut_ubuntu/ros2_ws/install/tutorial_interfaces/include/tutorial_interfaces/tutorial_interfaces/msg/detail/sphere__rosidl_typesupport_fastrtps_cpp.hpp
[2.313s] -- Up-to-date: /home/umut_ubuntu/ros2_ws/install/tutorial_interfaces/include/tutorial_interfaces/tutorial_interfaces/msg/detail/num__rosidl_typesupport_fastrtps_cpp.hpp
[2.313s] -- Up-to-date: /home/umut_ubuntu/ros2_ws/install/tutorial_interfaces/include/tutorial_interfaces/tutorial_interfaces/msg/rosidl_typesupport_fastrtps_cpp__visibility_control.h
[2.314s] -- Up-to-date: /home/umut_ubuntu/ros2_ws/install/tutorial_interfaces/include/tutorial_interfaces/tutorial_interfaces/srv
[2.315s] -- Up-to-date: /home/umut_ubuntu/ros2_ws/install/tutorial_interfaces/include/tutorial_interfaces/tutorial_interfaces/srv/detail
[2.315s] -- Up-to-date: /home/umut_ubuntu/ros2_ws/install/tutorial_interfaces/include/tutorial_interfaces/tutorial_interfaces/srv/detail/dds_fastrtps
[2.315s] -- Up-to-date: /home/umut_ubuntu/ros2_ws/install/tutorial_interfaces/include/tutorial_interfaces/tutorial_interfaces/srv/detail/add_three_ints__rosidl_typesupport_fastrtps_cpp.hpp
[2.316s] -- Up-to-date: /home/umut_ubuntu/ros2_ws/install/tutorial_interfaces/lib/libtutorial_interfaces__rosidl_typesupport_fastrtps_cpp.so
[2.316s] -- Up-to-date: /home/umut_ubuntu/ros2_ws/install/tutorial_interfaces/include/tutorial_interfaces/tutorial_interfaces
[2.316s] -- Up-to-date: /home/umut_ubuntu/ros2_ws/install/tutorial_interfaces/include/tutorial_interfaces/tutorial_interfaces/msg
[2.317s] -- Up-to-date: /home/umut_ubuntu/ros2_ws/install/tutorial_interfaces/include/tutorial_interfaces/tutorial_interfaces/msg/rosidl_typesupport_introspection_c__visibility_control.h
[2.317s] -- Up-to-date: /home/umut_ubuntu/ros2_ws/install/tutorial_interfaces/include/tutorial_interfaces/tutorial_interfaces/msg/detail
[2.317s] -- Up-to-date: /home/umut_ubuntu/ros2_ws/install/tutorial_interfaces/include/tutorial_interfaces/tutorial_interfaces/msg/detail/num__rosidl_typesupport_introspection_c.h
[2.317s] -- Up-to-date: /home/umut_ubuntu/ros2_ws/install/tutorial_interfaces/include/tutorial_interfaces/tutorial_interfaces/msg/detail/sphere__type_support.c
[2.317s] -- Up-to-date: /home/umut_ubuntu/ros2_ws/install/tutorial_interfaces/include/tutorial_interfaces/tutorial_interfaces/msg/detail/num__type_support.c
[2.318s] -- Up-to-date: /home/umut_ubuntu/ros2_ws/install/tutorial_interfaces/include/tutorial_interfaces/tutorial_interfaces/msg/detail/sphere__rosidl_typesupport_introspection_c.h
[2.318s] -- Up-to-date: /home/umut_ubuntu/ros2_ws/install/tutorial_interfaces/include/tutorial_interfaces/tutorial_interfaces/srv
[2.318s] -- Up-to-date: /home/umut_ubuntu/ros2_ws/install/tutorial_interfaces/include/tutorial_interfaces/tutorial_interfaces/srv/detail
[2.318s] -- Up-to-date: /home/umut_ubuntu/ros2_ws/install/tutorial_interfaces/include/tutorial_interfaces/tutorial_interfaces/srv/detail/add_three_ints__type_support.c
[2.318s] -- Up-to-date: /home/umut_ubuntu/ros2_ws/install/tutorial_interfaces/include/tutorial_interfaces/tutorial_interfaces/srv/detail/add_three_ints__rosidl_typesupport_introspection_c.h
[2.319s] -- Up-to-date: /home/umut_ubuntu/ros2_ws/install/tutorial_interfaces/lib/libtutorial_interfaces__rosidl_typesupport_introspection_c.so
[2.319s] -- Up-to-date: /home/umut_ubuntu/ros2_ws/install/tutorial_interfaces/lib/libtutorial_interfaces__rosidl_typesupport_c.so
[2.319s] -- Up-to-date: /home/umut_ubuntu/ros2_ws/install/tutorial_interfaces/include/tutorial_interfaces/tutorial_interfaces
[2.319s] -- Up-to-date: /home/umut_ubuntu/ros2_ws/install/tutorial_interfaces/include/tutorial_interfaces/tutorial_interfaces/msg
[2.319s] -- Up-to-date: /home/umut_ubuntu/ros2_ws/install/tutorial_interfaces/include/tutorial_interfaces/tutorial_interfaces/msg/detail
[2.319s] -- Up-to-date: /home/umut_ubuntu/ros2_ws/install/tutorial_interfaces/include/tutorial_interfaces/tutorial_interfaces/msg/detail/num__type_support.cpp
[2.320s] -- Up-to-date: /home/umut_ubuntu/ros2_ws/install/tutorial_interfaces/include/tutorial_interfaces/tutorial_interfaces/msg/detail/sphere__rosidl_typesupport_introspection_cpp.hpp
[2.320s] -- Up-to-date: /home/umut_ubuntu/ros2_ws/install/tutorial_interfaces/include/tutorial_interfaces/tutorial_interfaces/msg/detail/num__rosidl_typesupport_introspection_cpp.hpp
[2.320s] -- Up-to-date: /home/umut_ubuntu/ros2_ws/install/tutorial_interfaces/include/tutorial_interfaces/tutorial_interfaces/msg/detail/sphere__type_support.cpp
[2.320s] -- Up-to-date: /home/umut_ubuntu/ros2_ws/install/tutorial_interfaces/include/tutorial_interfaces/tutorial_interfaces/srv
[2.320s] -- Up-to-date: /home/umut_ubuntu/ros2_ws/install/tutorial_interfaces/include/tutorial_interfaces/tutorial_interfaces/srv/detail
[2.320s] -- Up-to-date: /home/umut_ubuntu/ros2_ws/install/tutorial_interfaces/include/tutorial_interfaces/tutorial_interfaces/srv/detail/add_three_ints__rosidl_typesupport_introspection_cpp.hpp
[2.321s] -- Up-to-date: /home/umut_ubuntu/ros2_ws/install/tutorial_interfaces/include/tutorial_interfaces/tutorial_interfaces/srv/detail/add_three_ints__type_support.cpp
[2.321s] -- Up-to-date: /home/umut_ubuntu/ros2_ws/install/tutorial_interfaces/lib/libtutorial_interfaces__rosidl_typesupport_introspection_cpp.so
[2.321s] -- Up-to-date: /home/umut_ubuntu/ros2_ws/install/tutorial_interfaces/lib/libtutorial_interfaces__rosidl_typesupport_cpp.so
[2.321s] -- Up-to-date: /home/umut_ubuntu/ros2_ws/install/tutorial_interfaces/share/tutorial_interfaces/environment/pythonpath.sh
[2.322s] -- Up-to-date: /home/umut_ubuntu/ros2_ws/install/tutorial_interfaces/share/tutorial_interfaces/environment/pythonpath.dsv
[2.322s] -- Up-to-date: /home/umut_ubuntu/ros2_ws/install/tutorial_interfaces/local/lib/python3.10/dist-packages/tutorial_interfaces-0.0.0-py3.10.egg-info
[2.322s] -- Installing: /home/umut_ubuntu/ros2_ws/install/tutorial_interfaces/local/lib/python3.10/dist-packages/tutorial_interfaces-0.0.0-py3.10.egg-info/top_level.txt
[2.322s] -- Installing: /home/umut_ubuntu/ros2_ws/install/tutorial_interfaces/local/lib/python3.10/dist-packages/tutorial_interfaces-0.0.0-py3.10.egg-info/dependency_links.txt
[2.323s] -- Installing: /home/umut_ubuntu/ros2_ws/install/tutorial_interfaces/local/lib/python3.10/dist-packages/tutorial_interfaces-0.0.0-py3.10.egg-info/PKG-INFO
[2.323s] -- Installing: /home/umut_ubuntu/ros2_ws/install/tutorial_interfaces/local/lib/python3.10/dist-packages/tutorial_interfaces-0.0.0-py3.10.egg-info/SOURCES.txt
[2.323s] -- Up-to-date: /home/umut_ubuntu/ros2_ws/install/tutorial_interfaces/local/lib/python3.10/dist-packages/tutorial_interfaces
[2.323s] -- Up-to-date: /home/umut_ubuntu/ros2_ws/install/tutorial_interfaces/local/lib/python3.10/dist-packages/tutorial_interfaces/_tutorial_interfaces_s.ep.rosidl_typesupport_fastrtps_c.c
[2.324s] -- Up-to-date: /home/umut_ubuntu/ros2_ws/install/tutorial_interfaces/local/lib/python3.10/dist-packages/tutorial_interfaces/_tutorial_interfaces_s.ep.rosidl_typesupport_c.c
[2.324s] -- Up-to-date: /home/umut_ubuntu/ros2_ws/install/tutorial_interfaces/local/lib/python3.10/dist-packages/tutorial_interfaces/tutorial_interfaces_s__rosidl_typesupport_introspection_c.cpython-310-x86_64-linux-gnu.so
[2.324s] -- Up-to-date: /home/umut_ubuntu/ros2_ws/install/tutorial_interfaces/local/lib/python3.10/dist-packages/tutorial_interfaces/msg
[2.324s] -- Up-to-date: /home/umut_ubuntu/ros2_ws/install/tutorial_interfaces/local/lib/python3.10/dist-packages/tutorial_interfaces/msg/_sphere.py
[2.325s] -- Up-to-date: /home/umut_ubuntu/ros2_ws/install/tutorial_interfaces/local/lib/python3.10/dist-packages/tutorial_interfaces/msg/_num_s.c
[2.325s] -- Up-to-date: /home/umut_ubuntu/ros2_ws/install/tutorial_interfaces/local/lib/python3.10/dist-packages/tutorial_interfaces/msg/_sphere_s.c
[2.325s] -- Up-to-date: /home/umut_ubuntu/ros2_ws/install/tutorial_interfaces/local/lib/python3.10/dist-packages/tutorial_interfaces/msg/__init__.py
[2.325s] -- Up-to-date: /home/umut_ubuntu/ros2_ws/install/tutorial_interfaces/local/lib/python3.10/dist-packages/tutorial_interfaces/msg/_num.py
[2.325s] -- Up-to-date: /home/umut_ubuntu/ros2_ws/install/tutorial_interfaces/local/lib/python3.10/dist-packages/tutorial_interfaces/_tutorial_interfaces_s.ep.rosidl_typesupport_introspection_c.c
[2.326s] -- Up-to-date: /home/umut_ubuntu/ros2_ws/install/tutorial_interfaces/local/lib/python3.10/dist-packages/tutorial_interfaces/__init__.py
[2.326s] -- Up-to-date: /home/umut_ubuntu/ros2_ws/install/tutorial_interfaces/local/lib/python3.10/dist-packages/tutorial_interfaces/tutorial_interfaces_s__rosidl_typesupport_c.cpython-310-x86_64-linux-gnu.so
[2.326s] -- Up-to-date: /home/umut_ubuntu/ros2_ws/install/tutorial_interfaces/local/lib/python3.10/dist-packages/tutorial_interfaces/libtutorial_interfaces__rosidl_generator_py.so
[2.326s] -- Up-to-date: /home/umut_ubuntu/ros2_ws/install/tutorial_interfaces/local/lib/python3.10/dist-packages/tutorial_interfaces/srv
[2.326s] -- Up-to-date: /home/umut_ubuntu/ros2_ws/install/tutorial_interfaces/local/lib/python3.10/dist-packages/tutorial_interfaces/srv/__init__.py
[2.327s] -- Up-to-date: /home/umut_ubuntu/ros2_ws/install/tutorial_interfaces/local/lib/python3.10/dist-packages/tutorial_interfaces/srv/_add_three_ints.py
[2.327s] -- Up-to-date: /home/umut_ubuntu/ros2_ws/install/tutorial_interfaces/local/lib/python3.10/dist-packages/tutorial_interfaces/srv/_add_three_ints_s.c
[2.327s] -- Up-to-date: /home/umut_ubuntu/ros2_ws/install/tutorial_interfaces/local/lib/python3.10/dist-packages/tutorial_interfaces/tutorial_interfaces_s__rosidl_typesupport_fastrtps_c.cpython-310-x86_64-linux-gnu.so
[2.363s] Listing '/home/umut_ubuntu/ros2_ws/install/tutorial_interfaces/local/lib/python3.10/dist-packages/tutorial_interfaces'...
[2.363s] Listing '/home/umut_ubuntu/ros2_ws/install/tutorial_interfaces/local/lib/python3.10/dist-packages/tutorial_interfaces/msg'...
[2.364s] Listing '/home/umut_ubuntu/ros2_ws/install/tutorial_interfaces/local/lib/python3.10/dist-packages/tutorial_interfaces/srv'...
[2.375s] -- Up-to-date: /home/umut_ubuntu/ros2_ws/install/tutorial_interfaces/local/lib/python3.10/dist-packages/tutorial_interfaces/tutorial_interfaces_s__rosidl_typesupport_fastrtps_c.cpython-310-x86_64-linux-gnu.so
[2.375s] -- Up-to-date: /home/umut_ubuntu/ros2_ws/install/tutorial_interfaces/local/lib/python3.10/dist-packages/tutorial_interfaces/tutorial_interfaces_s__rosidl_typesupport_introspection_c.cpython-310-x86_64-linux-gnu.so
[2.376s] -- Up-to-date: /home/umut_ubuntu/ros2_ws/install/tutorial_interfaces/local/lib/python3.10/dist-packages/tutorial_interfaces/tutorial_interfaces_s__rosidl_typesupport_c.cpython-310-x86_64-linux-gnu.so
[2.376s] -- Up-to-date: /home/umut_ubuntu/ros2_ws/install/tutorial_interfaces/lib/libtutorial_interfaces__rosidl_generator_py.so
[2.377s] -- Up-to-date: /home/umut_ubuntu/ros2_ws/install/tutorial_interfaces/share/tutorial_interfaces/msg/Num.idl
[2.377s] -- Up-to-date: /home/umut_ubuntu/ros2_ws/install/tutorial_interfaces/share/tutorial_interfaces/msg/Sphere.idl
[2.378s] -- Up-to-date: /home/umut_ubuntu/ros2_ws/install/tutorial_interfaces/share/tutorial_interfaces/srv/AddThreeInts.idl
[2.378s] -- Up-to-date: /home/umut_ubuntu/ros2_ws/install/tutorial_interfaces/share/tutorial_interfaces/msg/Num.msg
[2.378s] -- Up-to-date: /home/umut_ubuntu/ros2_ws/install/tutorial_interfaces/share/tutorial_interfaces/msg/Sphere.msg
[2.378s] -- Up-to-date: /home/umut_ubuntu/ros2_ws/install/tutorial_interfaces/share/tutorial_interfaces/srv/AddThreeInts.srv
[2.378s] -- Up-to-date: /home/umut_ubuntu/ros2_ws/install/tutorial_interfaces/share/tutorial_interfaces/srv/AddThreeInts_Request.msg
[2.378s] -- Up-to-date: /home/umut_ubuntu/ros2_ws/install/tutorial_interfaces/share/tutorial_interfaces/srv/AddThreeInts_Response.msg
[2.379s] -- Up-to-date: /home/umut_ubuntu/ros2_ws/install/tutorial_interfaces/share/ament_index/resource_index/package_run_dependencies/tutorial_interfaces
[2.379s] -- Up-to-date: /home/umut_ubuntu/ros2_ws/install/tutorial_interfaces/share/ament_index/resource_index/parent_prefix_path/tutorial_interfaces
[2.381s] -- Up-to-date: /home/umut_ubuntu/ros2_ws/install/tutorial_interfaces/share/tutorial_interfaces/environment/ament_prefix_path.sh
[2.381s] -- Up-to-date: /home/umut_ubuntu/ros2_ws/install/tutorial_interfaces/share/tutorial_interfaces/environment/ament_prefix_path.dsv
[2.382s] -- Up-to-date: /home/umut_ubuntu/ros2_ws/install/tutorial_interfaces/share/tutorial_interfaces/environment/path.sh
[2.382s] -- Up-to-date: /home/umut_ubuntu/ros2_ws/install/tutorial_interfaces/share/tutorial_interfaces/environment/path.dsv
[2.382s] -- Up-to-date: /home/umut_ubuntu/ros2_ws/install/tutorial_interfaces/share/tutorial_interfaces/local_setup.bash
[2.383s] -- Up-to-date: /home/umut_ubuntu/ros2_ws/install/tutorial_interfaces/share/tutorial_interfaces/local_setup.sh
[2.383s] -- Up-to-date: /home/umut_ubuntu/ros2_ws/install/tutorial_interfaces/share/tutorial_interfaces/local_setup.zsh
[2.383s] -- Up-to-date: /home/umut_ubuntu/ros2_ws/install/tutorial_interfaces/share/tutorial_interfaces/local_setup.dsv
[2.383s] -- Installing: /home/umut_ubuntu/ros2_ws/install/tutorial_interfaces/share/tutorial_interfaces/package.dsv
[2.383s] -- Up-to-date: /home/umut_ubuntu/ros2_ws/install/tutorial_interfaces/share/ament_index/resource_index/packages/tutorial_interfaces
[2.384s] -- Up-to-date: /home/umut_ubuntu/ros2_ws/install/tutorial_interfaces/share/tutorial_interfaces/cmake/export_tutorial_interfaces__rosidl_generator_cExport.cmake
[2.384s] -- Up-to-date: /home/umut_ubuntu/ros2_ws/install/tutorial_interfaces/share/tutorial_interfaces/cmake/export_tutorial_interfaces__rosidl_generator_cExport-noconfig.cmake
[2.384s] -- Up-to-date: /home/umut_ubuntu/ros2_ws/install/tutorial_interfaces/share/tutorial_interfaces/cmake/export_tutorial_interfaces__rosidl_typesupport_fastrtps_cExport.cmake
[2.385s] -- Up-to-date: /home/umut_ubuntu/ros2_ws/install/tutorial_interfaces/share/tutorial_interfaces/cmake/export_tutorial_interfaces__rosidl_typesupport_fastrtps_cExport-noconfig.cmake
[2.385s] -- Up-to-date: /home/umut_ubuntu/ros2_ws/install/tutorial_interfaces/share/tutorial_interfaces/cmake/export_tutorial_interfaces__rosidl_generator_cppExport.cmake
[2.385s] -- Up-to-date: /home/umut_ubuntu/ros2_ws/install/tutorial_interfaces/share/tutorial_interfaces/cmake/export_tutorial_interfaces__rosidl_typesupport_fastrtps_cppExport.cmake
[2.385s] -- Up-to-date: /home/umut_ubuntu/ros2_ws/install/tutorial_interfaces/share/tutorial_interfaces/cmake/export_tutorial_interfaces__rosidl_typesupport_fastrtps_cppExport-noconfig.cmake
[2.386s] -- Up-to-date: /home/umut_ubuntu/ros2_ws/install/tutorial_interfaces/share/tutorial_interfaces/cmake/tutorial_interfaces__rosidl_typesupport_introspection_cExport.cmake
[2.386s] -- Up-to-date: /home/umut_ubuntu/ros2_ws/install/tutorial_interfaces/share/tutorial_interfaces/cmake/tutorial_interfaces__rosidl_typesupport_introspection_cExport-noconfig.cmake
[2.386s] -- Up-to-date: /home/umut_ubuntu/ros2_ws/install/tutorial_interfaces/share/tutorial_interfaces/cmake/tutorial_interfaces__rosidl_typesupport_cExport.cmake
[2.386s] -- Up-to-date: /home/umut_ubuntu/ros2_ws/install/tutorial_interfaces/share/tutorial_interfaces/cmake/tutorial_interfaces__rosidl_typesupport_cExport-noconfig.cmake
[2.386s] -- Up-to-date: /home/umut_ubuntu/ros2_ws/install/tutorial_interfaces/share/tutorial_interfaces/cmake/tutorial_interfaces__rosidl_typesupport_introspection_cppExport.cmake
[2.386s] -- Up-to-date: /home/umut_ubuntu/ros2_ws/install/tutorial_interfaces/share/tutorial_interfaces/cmake/tutorial_interfaces__rosidl_typesupport_introspection_cppExport-noconfig.cmake
[2.386s] -- Up-to-date: /home/umut_ubuntu/ros2_ws/install/tutorial_interfaces/share/tutorial_interfaces/cmake/tutorial_interfaces__rosidl_typesupport_cppExport.cmake
[2.387s] -- Up-to-date: /home/umut_ubuntu/ros2_ws/install/tutorial_interfaces/share/tutorial_interfaces/cmake/tutorial_interfaces__rosidl_typesupport_cppExport-noconfig.cmake
[2.387s] -- Up-to-date: /home/umut_ubuntu/ros2_ws/install/tutorial_interfaces/share/tutorial_interfaces/cmake/export_tutorial_interfaces__rosidl_generator_pyExport.cmake
[2.387s] -- Up-to-date: /home/umut_ubuntu/ros2_ws/install/tutorial_interfaces/share/tutorial_interfaces/cmake/export_tutorial_interfaces__rosidl_generator_pyExport-noconfig.cmake
[2.387s] -- Up-to-date: /home/umut_ubuntu/ros2_ws/install/tutorial_interfaces/share/tutorial_interfaces/cmake/rosidl_cmake-extras.cmake
[2.387s] -- Up-to-date: /home/umut_ubuntu/ros2_ws/install/tutorial_interfaces/share/tutorial_interfaces/cmake/ament_cmake_export_dependencies-extras.cmake
[2.387s] -- Up-to-date: /home/umut_ubuntu/ros2_ws/install/tutorial_interfaces/share/tutorial_interfaces/cmake/ament_cmake_export_include_directories-extras.cmake
[2.387s] -- Up-to-date: /home/umut_ubuntu/ros2_ws/install/tutorial_interfaces/share/tutorial_interfaces/cmake/ament_cmake_export_libraries-extras.cmake
[2.387s] -- Up-to-date: /home/umut_ubuntu/ros2_ws/install/tutorial_interfaces/share/tutorial_interfaces/cmake/ament_cmake_export_targets-extras.cmake
[2.388s] -- Up-to-date: /home/umut_ubuntu/ros2_ws/install/tutorial_interfaces/share/tutorial_interfaces/cmake/rosidl_cmake_export_typesupport_targets-extras.cmake
[2.388s] -- Up-to-date: /home/umut_ubuntu/ros2_ws/install/tutorial_interfaces/share/tutorial_interfaces/cmake/rosidl_cmake_export_typesupport_libraries-extras.cmake
[2.388s] -- Up-to-date: /home/umut_ubuntu/ros2_ws/install/tutorial_interfaces/share/tutorial_interfaces/cmake/tutorial_interfacesConfig.cmake
[2.388s] -- Up-to-date: /home/umut_ubuntu/ros2_ws/install/tutorial_interfaces/share/tutorial_interfaces/cmake/tutorial_interfacesConfig-version.cmake
[2.388s] -- Up-to-date: /home/umut_ubuntu/ros2_ws/install/tutorial_interfaces/share/tutorial_interfaces/package.xml
[2.578s] Invoked command in '/home/umut_ubuntu/ros2_ws/build/tutorial_interfaces' returned '0': CMAKE_PREFIX_PATH=/opt/ros/humble /usr/bin/cmake --install /home/umut_ubuntu/ros2_ws/build/tutorial_interfaces
