[0.845s] Invoking command in '/home/umut_ubuntu/ros2_ws/build/more_interfaces': CMAKE_PREFIX_PATH=/opt/ros/humble /usr/bin/cmake --build /home/umut_ubuntu/ros2_ws/build/more_interfaces -- -j12 -l12
[1.775s] [  3%] Built target more_interfaces__cpp
[1.775s] [ 12%] Built target more_interfaces__rosidl_generator_c
[1.775s] [ 12%] Built target ament_cmake_python_copy_more_interfaces
[1.775s] [ 21%] Built target more_interfaces__rosidl_typesupport_c
[1.776s] [ 33%] Built target more_interfaces__rosidl_typesupport_fastrtps_c
[1.776s] [ 39%] Built target more_interfaces__rosidl_typesupport_fastrtps_cpp
[1.776s] [ 57%] Built target more_interfaces__rosidl_typesupport_introspection_cpp
[1.776s] [ 57%] Built target more_interfaces__rosidl_typesupport_cpp
[1.776s] [ 66%] Built target more_interfaces__rosidl_typesupport_introspection_c
[1.776s] [ 66%] Built target more_interfaces
[1.776s] [ 72%] Built target publish_address_book
[1.776s] [ 75%] Built target more_interfaces__py
[1.776s] [ 81%] Built target more_interfaces__rosidl_generator_py
[1.776s] [ 93%] Built target more_interfaces__rosidl_typesupport_c__pyext
[1.777s] [ 93%] Built target more_interfaces__rosidl_typesupport_fastrtps_c__pyext
[1.777s] [100%] Built target more_interfaces__rosidl_typesupport_introspection_c__pyext
[1.777s] running egg_info
[1.777s] writing more_interfaces.egg-info/PKG-INFO
[1.777s] writing dependency_links to more_interfaces.egg-info/dependency_links.txt
[1.777s] writing top-level names to more_interfaces.egg-info/top_level.txt
[1.778s] reading manifest file 'more_interfaces.egg-info/SOURCES.txt'
[1.778s] writing manifest file 'more_interfaces.egg-info/SOURCES.txt'
[1.778s] [100%] Built target ament_cmake_python_build_more_interfaces_egg
[1.780s] Invoked command in '/home/umut_ubuntu/ros2_ws/build/more_interfaces' returned '0': CMAKE_PREFIX_PATH=/opt/ros/humble /usr/bin/cmake --build /home/umut_ubuntu/ros2_ws/build/more_interfaces -- -j12 -l12
[1.934s] Invoking command in '/home/umut_ubuntu/ros2_ws/build/more_interfaces': CMAKE_PREFIX_PATH=/opt/ros/humble /usr/bin/cmake --install /home/umut_ubuntu/ros2_ws/build/more_interfaces
[1.952s] -- Install configuration: ""
[1.952s] -- Up-to-date: /home/umut_ubuntu/ros2_ws/install/more_interfaces/lib/more_interfaces/publish_address_book
[1.953s] -- Up-to-date: /home/umut_ubuntu/ros2_ws/install/more_interfaces/share/ament_index/resource_index/rosidl_interfaces/more_interfaces
[1.953s] -- Up-to-date: /home/umut_ubuntu/ros2_ws/install/more_interfaces/include/more_interfaces/more_interfaces
[1.953s] -- Up-to-date: /home/umut_ubuntu/ros2_ws/install/more_interfaces/include/more_interfaces/more_interfaces/msg
[1.953s] -- Up-to-date: /home/umut_ubuntu/ros2_ws/install/more_interfaces/include/more_interfaces/more_interfaces/msg/rosidl_generator_c__visibility_control.h
[1.954s] -- Up-to-date: /home/umut_ubuntu/ros2_ws/install/more_interfaces/include/more_interfaces/more_interfaces/msg/address_book.h
[1.954s] -- Up-to-date: /home/umut_ubuntu/ros2_ws/install/more_interfaces/include/more_interfaces/more_interfaces/msg/detail
[1.954s] -- Up-to-date: /home/umut_ubuntu/ros2_ws/install/more_interfaces/include/more_interfaces/more_interfaces/msg/detail/address_book__type_support.h
[1.954s] -- Up-to-date: /home/umut_ubuntu/ros2_ws/install/more_interfaces/include/more_interfaces/more_interfaces/msg/detail/address_book__functions.h
[1.955s] -- Up-to-date: /home/umut_ubuntu/ros2_ws/install/more_interfaces/include/more_interfaces/more_interfaces/msg/detail/address_book__struct.h
[1.955s] -- Up-to-date: /home/umut_ubuntu/ros2_ws/install/more_interfaces/include/more_interfaces/more_interfaces/msg/detail/address_book__functions.c
[1.955s] -- Up-to-date: /home/umut_ubuntu/ros2_ws/install/more_interfaces/share/more_interfaces/environment/library_path.sh
[1.955s] -- Up-to-date: /home/umut_ubuntu/ros2_ws/install/more_interfaces/share/more_interfaces/environment/library_path.dsv
[1.955s] -- Up-to-date: /home/umut_ubuntu/ros2_ws/install/more_interfaces/lib/libmore_interfaces__rosidl_generator_c.so
[1.955s] -- Up-to-date: /home/umut_ubuntu/ros2_ws/install/more_interfaces/include/more_interfaces/more_interfaces
[1.956s] -- Up-to-date: /home/umut_ubuntu/ros2_ws/install/more_interfaces/include/more_interfaces/more_interfaces/msg
[1.956s] -- Up-to-date: /home/umut_ubuntu/ros2_ws/install/more_interfaces/include/more_interfaces/more_interfaces/msg/rosidl_typesupport_fastrtps_c__visibility_control.h
[1.956s] -- Up-to-date: /home/umut_ubuntu/ros2_ws/install/more_interfaces/include/more_interfaces/more_interfaces/msg/detail
[1.957s] -- Up-to-date: /home/umut_ubuntu/ros2_ws/install/more_interfaces/include/more_interfaces/more_interfaces/msg/detail/address_book__rosidl_typesupport_fastrtps_c.h
[1.957s] -- Up-to-date: /home/umut_ubuntu/ros2_ws/install/more_interfaces/lib/libmore_interfaces__rosidl_typesupport_fastrtps_c.so
[1.957s] -- Up-to-date: /home/umut_ubuntu/ros2_ws/install/more_interfaces/include/more_interfaces/more_interfaces
[1.957s] -- Up-to-date: /home/umut_ubuntu/ros2_ws/install/more_interfaces/include/more_interfaces/more_interfaces/msg
[1.958s] -- Up-to-date: /home/umut_ubuntu/ros2_ws/install/more_interfaces/include/more_interfaces/more_interfaces/msg/detail
[1.958s] -- Up-to-date: /home/umut_ubuntu/ros2_ws/install/more_interfaces/include/more_interfaces/more_interfaces/msg/detail/address_book__struct.hpp
[1.958s] -- Up-to-date: /home/umut_ubuntu/ros2_ws/install/more_interfaces/include/more_interfaces/more_interfaces/msg/detail/address_book__builder.hpp
[1.958s] -- Up-to-date: /home/umut_ubuntu/ros2_ws/install/more_interfaces/include/more_interfaces/more_interfaces/msg/detail/address_book__traits.hpp
[1.958s] -- Up-to-date: /home/umut_ubuntu/ros2_ws/install/more_interfaces/include/more_interfaces/more_interfaces/msg/address_book.hpp
[1.959s] -- Up-to-date: /home/umut_ubuntu/ros2_ws/install/more_interfaces/include/more_interfaces/more_interfaces
[1.959s] -- Up-to-date: /home/umut_ubuntu/ros2_ws/install/more_interfaces/include/more_interfaces/more_interfaces/msg
[1.959s] -- Up-to-date: /home/umut_ubuntu/ros2_ws/install/more_interfaces/include/more_interfaces/more_interfaces/msg/detail
[1.959s] -- Up-to-date: /home/umut_ubuntu/ros2_ws/install/more_interfaces/include/more_interfaces/more_interfaces/msg/detail/dds_fastrtps
[1.959s] -- Up-to-date: /home/umut_ubuntu/ros2_ws/install/more_interfaces/include/more_interfaces/more_interfaces/msg/detail/address_book__rosidl_typesupport_fastrtps_cpp.hpp
[1.959s] -- Up-to-date: /home/umut_ubuntu/ros2_ws/install/more_interfaces/include/more_interfaces/more_interfaces/msg/rosidl_typesupport_fastrtps_cpp__visibility_control.h
[1.960s] -- Up-to-date: /home/umut_ubuntu/ros2_ws/install/more_interfaces/lib/libmore_interfaces__rosidl_typesupport_fastrtps_cpp.so
[1.960s] -- Up-to-date: /home/umut_ubuntu/ros2_ws/install/more_interfaces/include/more_interfaces/more_interfaces
[1.960s] -- Up-to-date: /home/umut_ubuntu/ros2_ws/install/more_interfaces/include/more_interfaces/more_interfaces/msg
[1.960s] -- Up-to-date: /home/umut_ubuntu/ros2_ws/install/more_interfaces/include/more_interfaces/more_interfaces/msg/rosidl_typesupport_introspection_c__visibility_control.h
[1.960s] -- Up-to-date: /home/umut_ubuntu/ros2_ws/install/more_interfaces/include/more_interfaces/more_interfaces/msg/detail
[1.961s] -- Up-to-date: /home/umut_ubuntu/ros2_ws/install/more_interfaces/include/more_interfaces/more_interfaces/msg/detail/address_book__type_support.c
[1.961s] -- Up-to-date: /home/umut_ubuntu/ros2_ws/install/more_interfaces/include/more_interfaces/more_interfaces/msg/detail/address_book__rosidl_typesupport_introspection_c.h
[1.961s] -- Up-to-date: /home/umut_ubuntu/ros2_ws/install/more_interfaces/lib/libmore_interfaces__rosidl_typesupport_introspection_c.so
[1.961s] -- Up-to-date: /home/umut_ubuntu/ros2_ws/install/more_interfaces/lib/libmore_interfaces__rosidl_typesupport_c.so
[1.961s] -- Up-to-date: /home/umut_ubuntu/ros2_ws/install/more_interfaces/include/more_interfaces/more_interfaces
[1.961s] -- Up-to-date: /home/umut_ubuntu/ros2_ws/install/more_interfaces/include/more_interfaces/more_interfaces/msg
[1.962s] -- Up-to-date: /home/umut_ubuntu/ros2_ws/install/more_interfaces/include/more_interfaces/more_interfaces/msg/detail
[1.962s] -- Up-to-date: /home/umut_ubuntu/ros2_ws/install/more_interfaces/include/more_interfaces/more_interfaces/msg/detail/address_book__type_support.cpp
[1.962s] -- Up-to-date: /home/umut_ubuntu/ros2_ws/install/more_interfaces/include/more_interfaces/more_interfaces/msg/detail/address_book__rosidl_typesupport_introspection_cpp.hpp
[1.962s] -- Up-to-date: /home/umut_ubuntu/ros2_ws/install/more_interfaces/lib/libmore_interfaces__rosidl_typesupport_introspection_cpp.so
[1.963s] -- Up-to-date: /home/umut_ubuntu/ros2_ws/install/more_interfaces/lib/libmore_interfaces__rosidl_typesupport_cpp.so
[1.963s] -- Up-to-date: /home/umut_ubuntu/ros2_ws/install/more_interfaces/share/more_interfaces/environment/pythonpath.sh
[1.963s] -- Up-to-date: /home/umut_ubuntu/ros2_ws/install/more_interfaces/share/more_interfaces/environment/pythonpath.dsv
[1.964s] -- Up-to-date: /home/umut_ubuntu/ros2_ws/install/more_interfaces/local/lib/python3.10/dist-packages/more_interfaces-0.0.0-py3.10.egg-info
[1.964s] -- Installing: /home/umut_ubuntu/ros2_ws/install/more_interfaces/local/lib/python3.10/dist-packages/more_interfaces-0.0.0-py3.10.egg-info/top_level.txt
[1.964s] -- Installing: /home/umut_ubuntu/ros2_ws/install/more_interfaces/local/lib/python3.10/dist-packages/more_interfaces-0.0.0-py3.10.egg-info/dependency_links.txt
[1.964s] -- Installing: /home/umut_ubuntu/ros2_ws/install/more_interfaces/local/lib/python3.10/dist-packages/more_interfaces-0.0.0-py3.10.egg-info/PKG-INFO
[1.964s] -- Installing: /home/umut_ubuntu/ros2_ws/install/more_interfaces/local/lib/python3.10/dist-packages/more_interfaces-0.0.0-py3.10.egg-info/SOURCES.txt
[1.964s] -- Up-to-date: /home/umut_ubuntu/ros2_ws/install/more_interfaces/local/lib/python3.10/dist-packages/more_interfaces
[1.965s] -- Up-to-date: /home/umut_ubuntu/ros2_ws/install/more_interfaces/local/lib/python3.10/dist-packages/more_interfaces/libmore_interfaces__rosidl_generator_py.so
[1.965s] -- Up-to-date: /home/umut_ubuntu/ros2_ws/install/more_interfaces/local/lib/python3.10/dist-packages/more_interfaces/msg
[1.965s] -- Up-to-date: /home/umut_ubuntu/ros2_ws/install/more_interfaces/local/lib/python3.10/dist-packages/more_interfaces/msg/_address_book_s.c
[1.965s] -- Up-to-date: /home/umut_ubuntu/ros2_ws/install/more_interfaces/local/lib/python3.10/dist-packages/more_interfaces/msg/_address_book.py
[1.965s] -- Up-to-date: /home/umut_ubuntu/ros2_ws/install/more_interfaces/local/lib/python3.10/dist-packages/more_interfaces/msg/__init__.py
[1.965s] -- Up-to-date: /home/umut_ubuntu/ros2_ws/install/more_interfaces/local/lib/python3.10/dist-packages/more_interfaces/more_interfaces_s__rosidl_typesupport_c.cpython-310-x86_64-linux-gnu.so
[1.966s] -- Up-to-date: /home/umut_ubuntu/ros2_ws/install/more_interfaces/local/lib/python3.10/dist-packages/more_interfaces/__init__.py
[1.966s] -- Up-to-date: /home/umut_ubuntu/ros2_ws/install/more_interfaces/local/lib/python3.10/dist-packages/more_interfaces/_more_interfaces_s.ep.rosidl_typesupport_c.c
[1.966s] -- Up-to-date: /home/umut_ubuntu/ros2_ws/install/more_interfaces/local/lib/python3.10/dist-packages/more_interfaces/_more_interfaces_s.ep.rosidl_typesupport_fastrtps_c.c
[1.966s] -- Up-to-date: /home/umut_ubuntu/ros2_ws/install/more_interfaces/local/lib/python3.10/dist-packages/more_interfaces/_more_interfaces_s.ep.rosidl_typesupport_introspection_c.c
[1.966s] -- Up-to-date: /home/umut_ubuntu/ros2_ws/install/more_interfaces/local/lib/python3.10/dist-packages/more_interfaces/more_interfaces_s__rosidl_typesupport_fastrtps_c.cpython-310-x86_64-linux-gnu.so
[1.966s] -- Up-to-date: /home/umut_ubuntu/ros2_ws/install/more_interfaces/local/lib/python3.10/dist-packages/more_interfaces/more_interfaces_s__rosidl_typesupport_introspection_c.cpython-310-x86_64-linux-gnu.so
[2.027s] Listing '/home/umut_ubuntu/ros2_ws/install/more_interfaces/local/lib/python3.10/dist-packages/more_interfaces'...
[2.027s] Listing '/home/umut_ubuntu/ros2_ws/install/more_interfaces/local/lib/python3.10/dist-packages/more_interfaces/msg'...
[2.035s] -- Up-to-date: /home/umut_ubuntu/ros2_ws/install/more_interfaces/local/lib/python3.10/dist-packages/more_interfaces/more_interfaces_s__rosidl_typesupport_fastrtps_c.cpython-310-x86_64-linux-gnu.so
[2.035s] -- Up-to-date: /home/umut_ubuntu/ros2_ws/install/more_interfaces/local/lib/python3.10/dist-packages/more_interfaces/more_interfaces_s__rosidl_typesupport_introspection_c.cpython-310-x86_64-linux-gnu.so
[2.036s] -- Up-to-date: /home/umut_ubuntu/ros2_ws/install/more_interfaces/local/lib/python3.10/dist-packages/more_interfaces/more_interfaces_s__rosidl_typesupport_c.cpython-310-x86_64-linux-gnu.so
[2.036s] -- Up-to-date: /home/umut_ubuntu/ros2_ws/install/more_interfaces/lib/libmore_interfaces__rosidl_generator_py.so
[2.036s] -- Up-to-date: /home/umut_ubuntu/ros2_ws/install/more_interfaces/share/more_interfaces/msg/AddressBook.idl
[2.036s] -- Up-to-date: /home/umut_ubuntu/ros2_ws/install/more_interfaces/share/more_interfaces/msg/AddressBook.msg
[2.037s] -- Up-to-date: /home/umut_ubuntu/ros2_ws/install/more_interfaces/share/ament_index/resource_index/package_run_dependencies/more_interfaces
[2.037s] -- Up-to-date: /home/umut_ubuntu/ros2_ws/install/more_interfaces/share/ament_index/resource_index/parent_prefix_path/more_interfaces
[2.037s] -- Up-to-date: /home/umut_ubuntu/ros2_ws/install/more_interfaces/share/more_interfaces/environment/ament_prefix_path.sh
[2.037s] -- Up-to-date: /home/umut_ubuntu/ros2_ws/install/more_interfaces/share/more_interfaces/environment/ament_prefix_path.dsv
[2.038s] -- Up-to-date: /home/umut_ubuntu/ros2_ws/install/more_interfaces/share/more_interfaces/environment/path.sh
[2.038s] -- Up-to-date: /home/umut_ubuntu/ros2_ws/install/more_interfaces/share/more_interfaces/environment/path.dsv
[2.038s] -- Up-to-date: /home/umut_ubuntu/ros2_ws/install/more_interfaces/share/more_interfaces/local_setup.bash
[2.038s] -- Up-to-date: /home/umut_ubuntu/ros2_ws/install/more_interfaces/share/more_interfaces/local_setup.sh
[2.038s] -- Up-to-date: /home/umut_ubuntu/ros2_ws/install/more_interfaces/share/more_interfaces/local_setup.zsh
[2.039s] -- Up-to-date: /home/umut_ubuntu/ros2_ws/install/more_interfaces/share/more_interfaces/local_setup.dsv
[2.039s] -- Installing: /home/umut_ubuntu/ros2_ws/install/more_interfaces/share/more_interfaces/package.dsv
[2.039s] -- Up-to-date: /home/umut_ubuntu/ros2_ws/install/more_interfaces/share/ament_index/resource_index/packages/more_interfaces
[2.039s] -- Up-to-date: /home/umut_ubuntu/ros2_ws/install/more_interfaces/share/more_interfaces/cmake/export_more_interfaces__rosidl_generator_cExport.cmake
[2.039s] -- Up-to-date: /home/umut_ubuntu/ros2_ws/install/more_interfaces/share/more_interfaces/cmake/export_more_interfaces__rosidl_generator_cExport-noconfig.cmake
[2.039s] -- Up-to-date: /home/umut_ubuntu/ros2_ws/install/more_interfaces/share/more_interfaces/cmake/export_more_interfaces__rosidl_typesupport_fastrtps_cExport.cmake
[2.040s] -- Up-to-date: /home/umut_ubuntu/ros2_ws/install/more_interfaces/share/more_interfaces/cmake/export_more_interfaces__rosidl_typesupport_fastrtps_cExport-noconfig.cmake
[2.040s] -- Up-to-date: /home/umut_ubuntu/ros2_ws/install/more_interfaces/share/more_interfaces/cmake/export_more_interfaces__rosidl_generator_cppExport.cmake
[2.040s] -- Up-to-date: /home/umut_ubuntu/ros2_ws/install/more_interfaces/share/more_interfaces/cmake/export_more_interfaces__rosidl_typesupport_fastrtps_cppExport.cmake
[2.040s] -- Up-to-date: /home/umut_ubuntu/ros2_ws/install/more_interfaces/share/more_interfaces/cmake/export_more_interfaces__rosidl_typesupport_fastrtps_cppExport-noconfig.cmake
[2.040s] -- Up-to-date: /home/umut_ubuntu/ros2_ws/install/more_interfaces/share/more_interfaces/cmake/more_interfaces__rosidl_typesupport_introspection_cExport.cmake
[2.040s] -- Up-to-date: /home/umut_ubuntu/ros2_ws/install/more_interfaces/share/more_interfaces/cmake/more_interfaces__rosidl_typesupport_introspection_cExport-noconfig.cmake
[2.041s] -- Up-to-date: /home/umut_ubuntu/ros2_ws/install/more_interfaces/share/more_interfaces/cmake/more_interfaces__rosidl_typesupport_cExport.cmake
[2.041s] -- Up-to-date: /home/umut_ubuntu/ros2_ws/install/more_interfaces/share/more_interfaces/cmake/more_interfaces__rosidl_typesupport_cExport-noconfig.cmake
[2.041s] -- Up-to-date: /home/umut_ubuntu/ros2_ws/install/more_interfaces/share/more_interfaces/cmake/more_interfaces__rosidl_typesupport_introspection_cppExport.cmake
[2.041s] -- Up-to-date: /home/umut_ubuntu/ros2_ws/install/more_interfaces/share/more_interfaces/cmake/more_interfaces__rosidl_typesupport_introspection_cppExport-noconfig.cmake
[2.041s] -- Up-to-date: /home/umut_ubuntu/ros2_ws/install/more_interfaces/share/more_interfaces/cmake/more_interfaces__rosidl_typesupport_cppExport.cmake
[2.041s] -- Up-to-date: /home/umut_ubuntu/ros2_ws/install/more_interfaces/share/more_interfaces/cmake/more_interfaces__rosidl_typesupport_cppExport-noconfig.cmake
[2.041s] -- Up-to-date: /home/umut_ubuntu/ros2_ws/install/more_interfaces/share/more_interfaces/cmake/export_more_interfaces__rosidl_generator_pyExport.cmake
[2.042s] -- Up-to-date: /home/umut_ubuntu/ros2_ws/install/more_interfaces/share/more_interfaces/cmake/export_more_interfaces__rosidl_generator_pyExport-noconfig.cmake
[2.042s] -- Up-to-date: /home/umut_ubuntu/ros2_ws/install/more_interfaces/share/more_interfaces/cmake/rosidl_cmake-extras.cmake
[2.042s] -- Up-to-date: /home/umut_ubuntu/ros2_ws/install/more_interfaces/share/more_interfaces/cmake/ament_cmake_export_include_directories-extras.cmake
[2.042s] -- Up-to-date: /home/umut_ubuntu/ros2_ws/install/more_interfaces/share/more_interfaces/cmake/ament_cmake_export_libraries-extras.cmake
[2.042s] -- Up-to-date: /home/umut_ubuntu/ros2_ws/install/more_interfaces/share/more_interfaces/cmake/ament_cmake_export_targets-extras.cmake
[2.043s] -- Up-to-date: /home/umut_ubuntu/ros2_ws/install/more_interfaces/share/more_interfaces/cmake/rosidl_cmake_export_typesupport_targets-extras.cmake
[2.043s] -- Up-to-date: /home/umut_ubuntu/ros2_ws/install/more_interfaces/share/more_interfaces/cmake/ament_cmake_export_dependencies-extras.cmake
[2.043s] -- Up-to-date: /home/umut_ubuntu/ros2_ws/install/more_interfaces/share/more_interfaces/cmake/rosidl_cmake_export_typesupport_libraries-extras.cmake
[2.043s] -- Up-to-date: /home/umut_ubuntu/ros2_ws/install/more_interfaces/share/more_interfaces/cmake/more_interfacesConfig.cmake
[2.044s] -- Up-to-date: /home/umut_ubuntu/ros2_ws/install/more_interfaces/share/more_interfaces/cmake/more_interfacesConfig-version.cmake
[2.044s] -- Up-to-date: /home/umut_ubuntu/ros2_ws/install/more_interfaces/share/more_interfaces/package.xml
[2.060s] Invoked command in '/home/umut_ubuntu/ros2_ws/build/more_interfaces' returned '0': CMAKE_PREFIX_PATH=/opt/ros/humble /usr/bin/cmake --install /home/umut_ubuntu/ros2_ws/build/more_interfaces
