[0.763s] Invoking command in '/home/umut_ubuntu/ros2_ws/src/my_package': PYTHONPATH=/home/umut_ubuntu/ros2_ws/build/my_package/prefix_override:/home/umut_ubuntu/ros2_ws/install/my_package/lib/python3.10/site-packages:${PYTHONPATH} /usr/bin/python3 setup.py egg_info --egg-base ../../build/my_package build --build-base /home/umut_ubuntu/ros2_ws/build/my_package/build install --record /home/umut_ubuntu/ros2_ws/build/my_package/install.log --single-version-externally-managed
[0.996s] running egg_info
[0.996s] writing ../../build/my_package/my_package.egg-info/PKG-INFO
[1.007s] writing dependency_links to ../../build/my_package/my_package.egg-info/dependency_links.txt
[1.007s] writing entry points to ../../build/my_package/my_package.egg-info/entry_points.txt
[1.007s] writing requirements to ../../build/my_package/my_package.egg-info/requires.txt
[1.008s] writing top-level names to ../../build/my_package/my_package.egg-info/top_level.txt
[1.009s] reading manifest file '../../build/my_package/my_package.egg-info/SOURCES.txt'
[1.010s] writing manifest file '../../build/my_package/my_package.egg-info/SOURCES.txt'
[1.010s] running build
[1.010s] running build_py
[1.011s] running install
[1.011s] /usr/lib/python3/dist-packages/setuptools/command/install.py:34: SetuptoolsDeprecationWarning: setup.py install is deprecated. Use build and pip and other standards-based tools.
[1.011s]   warnings.warn(
[1.011s] running install_lib
[1.013s] running install_data
[1.013s] copying package.xml -> /home/umut_ubuntu/ros2_ws/install/my_package/share/my_package
[1.014s] running install_egg_info
[1.015s] removing '/home/umut_ubuntu/ros2_ws/install/my_package/lib/python3.10/site-packages/my_package-0.0.0-py3.10.egg-info' (and everything under it)
[1.015s] Copying ../../build/my_package/my_package.egg-info to /home/umut_ubuntu/ros2_ws/install/my_package/lib/python3.10/site-packages/my_package-0.0.0-py3.10.egg-info
[1.016s] running install_scripts
[1.034s] Installing my_node script to /home/umut_ubuntu/ros2_ws/install/my_package/lib/my_package
[1.034s] writing list of installed files to '/home/umut_ubuntu/ros2_ws/build/my_package/install.log'
[1.063s] Invoked command in '/home/umut_ubuntu/ros2_ws/src/my_package' returned '0': PYTHONPATH=/home/umut_ubuntu/ros2_ws/build/my_package/prefix_override:/home/umut_ubuntu/ros2_ws/install/my_package/lib/python3.10/site-packages:${PYTHONPATH} /usr/bin/python3 setup.py egg_info --egg-base ../../build/my_package build --build-base /home/umut_ubuntu/ros2_ws/build/my_package/build install --record /home/umut_ubuntu/ros2_ws/build/my_package/install.log --single-version-externally-managed
