[0.542s] Invoking command in '/home/umut_ubuntu/ros2_ws/build/action_tutorials_interfaces': CMAKE_PREFIX_PATH=/opt/ros/humble /usr/bin/cmake /home/umut_ubuntu/ros2_ws/src/action_tutorials_interfaces -DCMAKE_INSTALL_PREFIX=/home/umut_ubuntu/ros2_ws/install/action_tutorials_interfaces
[1.944s] -- The C compiler identification is GNU 11.4.0
[1.945s] -- The CXX compiler identification is GNU 11.4.0
[1.945s] -- Detecting C compiler ABI info
[1.945s] -- Detecting C compiler ABI info - done
[1.945s] -- Check for working C compiler: /usr/bin/cc - skipped
[1.945s] -- Detecting C compile features
[1.945s] -- Detecting C compile features - done
[1.945s] -- Detecting CXX compiler ABI info
[1.945s] -- Detecting CXX compiler ABI info - done
[1.945s] -- Check for working CXX compiler: /usr/bin/c++ - skipped
[1.945s] -- Detecting CXX compile features
[1.945s] -- Detecting CXX compile features - done
[1.946s] -- Found ament_cmake: 1.3.5 (/opt/ros/humble/share/ament_cmake/cmake)
[1.946s] -- Found Python3: /usr/bin/python3.10 (found version "3.10.12") found components: Interpreter 
[1.946s] -- Found ament_lint_auto: 0.12.8 (/opt/ros/humble/share/ament_lint_auto/cmake)
[1.946s] -- Found rosidl_default_generators: 1.2.0 (/opt/ros/humble/share/rosidl_default_generators/cmake)
[1.946s] -- Using all available rosidl_typesupport_c: rosidl_typesupport_fastrtps_c;rosidl_typesupport_introspection_c
[1.946s] -- Found rosidl_adapter: 3.1.5 (/opt/ros/humble/share/rosidl_adapter/cmake)
[1.946s] -- Using all available rosidl_typesupport_cpp: rosidl_typesupport_fastrtps_cpp;rosidl_typesupport_introspection_cpp
[2.388s] [31mCMake Error at /opt/ros/humble/share/rosidl_cmake/cmake/rosidl_generate_interfaces.cmake:229 (message):
[2.389s]   Packages installing interfaces must include
[2.389s]   '<member_of_group>rosidl_interface_packages</member_of_group>' in their
[2.389s]   package.xml
[2.389s] Call Stack (most recent call first):
[2.389s]   CMakeLists.txt:28 (rosidl_generate_interfaces)
[2.389s] 
[2.389s] [0m
[2.389s] -- Configuring incomplete, errors occurred!
[2.390s] See also "/home/umut_ubuntu/ros2_ws/build/action_tutorials_interfaces/CMakeFiles/CMakeOutput.log".
[2.623s] Invoked command in '/home/umut_ubuntu/ros2_ws/build/action_tutorials_interfaces' returned '1': CMAKE_PREFIX_PATH=/opt/ros/humble /usr/bin/cmake /home/umut_ubuntu/ros2_ws/src/action_tutorials_interfaces -DCMAKE_INSTALL_PREFIX=/home/umut_ubuntu/ros2_ws/install/action_tutorials_interfaces
