[0.460s] Invoking command in '/home/umut_ubuntu/ros2_ws/build/libmavconn': CMAKE_PREFIX_PATH=/opt/ros/humble /usr/bin/cmake /home/umut_ubuntu/ros2_ws/src/mavros-ros2/libmavconn -DCMAKE_INSTALL_PREFIX=/home/umut_ubuntu/ros2_ws/install/libmavconn
[1.401s] -- The C compiler identification is GNU 11.4.0
[1.402s] -- The CXX compiler identification is GNU 11.4.0
[1.416s] -- Detecting C compiler ABI info
[1.417s] -- Detecting C compiler ABI info - done
[1.418s] -- Check for working C compiler: /usr/bin/cc - skipped
[1.418s] -- Detecting C compile features
[1.419s] -- Detecting C compile features - done
[1.419s] -- Detecting CXX compiler ABI info
[1.419s] -- Detecting CXX compiler ABI info - done
[1.419s] -- Check for working CXX compiler: /usr/bin/c++ - skipped
[1.419s] -- Detecting CXX compile features
[1.419s] -- Detecting CXX compile features - done
[1.419s] -- Found ament_cmake: 1.3.5 (/opt/ros/humble/share/ament_cmake/cmake)
[1.419s] -- Found Python3: /usr/bin/python3.10 (found version "3.10.12") found components: Interpreter 
[1.420s] -- Configuring incomplete, errors occurred!
[1.420s] See also "/home/umut_ubuntu/ros2_ws/build/libmavconn/CMakeFiles/CMakeOutput.log".
[1.420s] [31mCMake Error at /usr/share/cmake-3.22/Modules/FindPackageHandleStandardArgs.cmake:230 (message):
[1.420s]   Could NOT find ASIO (missing: ASIO_INCLUDE_DIRS)
[1.420s] Call Stack (most recent call first):
[1.420s]   /usr/share/cmake-3.22/Modules/FindPackageHandleStandardArgs.cmake:594 (_FPHSA_FAILURE_MESSAGE)
[1.420s]   cmake/Modules/FindASIO.cmake:22 (find_package_handle_standard_args)
[1.420s]   CMakeLists.txt:32 (find_package)
[1.421s] 
[1.421s] [0m
[1.433s] Invoked command in '/home/umut_ubuntu/ros2_ws/build/libmavconn' returned '1': CMAKE_PREFIX_PATH=/opt/ros/humble /usr/bin/cmake /home/umut_ubuntu/ros2_ws/src/mavros-ros2/libmavconn -DCMAKE_INSTALL_PREFIX=/home/umut_ubuntu/ros2_ws/install/libmavconn
