[0.053s] Invoking command in '/home/umut_ubuntu/ros2_ws/build/tutorial_interfaces': CMAKE_PREFIX_PATH=/opt/ros/humble /usr/bin/cmake /home/umut_ubuntu/ros2_ws/src/tutorial_interfaces -DCMAKE_INSTALL_PREFIX=/home/umut_ubuntu/ros2_ws/install/tutorial_interfaces
[0.205s] -- The C compiler identification is GNU 11.4.0
[0.333s] -- The CXX compiler identification is GNU 11.4.0
[0.347s] -- Detecting C compiler ABI info
[0.490s] -- Detecting C compiler ABI info - done
[0.506s] -- Check for working C compiler: /usr/bin/cc - skipped
[0.518s] -- Detecting C compile features
[0.519s] -- Detecting C compile features - done
[0.526s] -- Detecting CXX compiler ABI info
[0.680s] -- Detecting CXX compiler ABI info - done
[0.698s] -- Check for working CXX compiler: /usr/bin/c++ - skipped
[0.699s] -- Detecting CXX compile features
[0.700s] -- Detecting CXX compile features - done
[0.719s] -- Found ament_cmake: 1.3.5 (/opt/ros/humble/share/ament_cmake/cmake)
[0.979s] -- Found Python3: /usr/bin/python3.10 (found version "3.10.12") found components: Interpreter 
[1.107s] -- Found ament_lint_auto: 0.12.8 (/opt/ros/humble/share/ament_lint_auto/cmake)
[1.184s] -- Added test 'lint_cmake' to check CMake code style
[1.185s] -- Added test 'xmllint' to check XML markup files
[1.189s] -- Found geometry_msgs: 4.2.3 (/opt/ros/humble/share/geometry_msgs/cmake)
[1.242s] -- Found rosidl_generator_c: 3.1.5 (/opt/ros/humble/share/rosidl_generator_c/cmake)
[1.249s] -- Found rosidl_adapter: 3.1.5 (/opt/ros/humble/share/rosidl_adapter/cmake)
[1.260s] -- Found rosidl_generator_cpp: 3.1.5 (/opt/ros/humble/share/rosidl_generator_cpp/cmake)
[1.279s] -- Using all available rosidl_typesupport_c: rosidl_typesupport_fastrtps_c;rosidl_typesupport_introspection_c
[1.303s] -- Using all available rosidl_typesupport_cpp: rosidl_typesupport_fastrtps_cpp;rosidl_typesupport_introspection_cpp
[1.428s] -- Found rosidl_default_generators: 1.2.0 (/opt/ros/humble/share/rosidl_default_generators/cmake)
[1.437s] [31mCMake Error at /opt/ros/humble/share/rosidl_cmake/cmake/rosidl_generate_interfaces.cmake:64 (message):
[1.438s]   rosidl_generate_interfaces() must be called before ament_package()
[1.438s] Call Stack (most recent call first):
[1.438s]   CMakeLists.txt:31 (rosidl_generate_interfaces)
[1.438s] 
[1.438s] [0m
[1.438s] -- Configuring incomplete, errors occurred!
[1.438s] See also "/home/umut_ubuntu/ros2_ws/build/tutorial_interfaces/CMakeFiles/CMakeOutput.log".
[1.445s] Invoked command in '/home/umut_ubuntu/ros2_ws/build/tutorial_interfaces' returned '1': CMAKE_PREFIX_PATH=/opt/ros/humble /usr/bin/cmake /home/umut_ubuntu/ros2_ws/src/tutorial_interfaces -DCMAKE_INSTALL_PREFIX=/home/umut_ubuntu/ros2_ws/install/tutorial_interfaces
