[1.047s] Invoking command in '/home/umut_ubuntu/ros2_ws/src/py_srvcli': PYTHONPATH=/home/umut_ubuntu/ros2_ws/build/py_srvcli/prefix_override:/home/umut_ubuntu/ros2_ws/install/py_srvcli/lib/python3.10/site-packages:${PYTHONPATH} /usr/bin/python3 setup.py egg_info --egg-base ../../build/py_srvcli build --build-base /home/umut_ubuntu/ros2_ws/build/py_srvcli/build install --record /home/umut_ubuntu/ros2_ws/build/py_srvcli/install.log --single-version-externally-managed
[1.389s] running egg_info
[1.389s] creating ../../build/py_srvcli/py_srvcli.egg-info
[1.389s] writing ../../build/py_srvcli/py_srvcli.egg-info/PKG-INFO
[1.390s] writing dependency_links to ../../build/py_srvcli/py_srvcli.egg-info/dependency_links.txt
[1.390s] writing entry points to ../../build/py_srvcli/py_srvcli.egg-info/entry_points.txt
[1.390s] writing requirements to ../../build/py_srvcli/py_srvcli.egg-info/requires.txt
[1.391s] writing top-level names to ../../build/py_srvcli/py_srvcli.egg-info/top_level.txt
[1.391s] writing manifest file '../../build/py_srvcli/py_srvcli.egg-info/SOURCES.txt'
[1.393s] reading manifest file '../../build/py_srvcli/py_srvcli.egg-info/SOURCES.txt'
[1.393s] writing manifest file '../../build/py_srvcli/py_srvcli.egg-info/SOURCES.txt'
[1.394s] running build
[1.394s] running build_py
[1.394s] creating /home/umut_ubuntu/ros2_ws/build/py_srvcli/build
[1.394s] creating /home/umut_ubuntu/ros2_ws/build/py_srvcli/build/lib
[1.394s] creating /home/umut_ubuntu/ros2_ws/build/py_srvcli/build/lib/py_srvcli
[1.395s] copying py_srvcli/service_member_function.py -> /home/umut_ubuntu/ros2_ws/build/py_srvcli/build/lib/py_srvcli
[1.395s] copying py_srvcli/client_member_f覺nction.py -> /home/umut_ubuntu/ros2_ws/build/py_srvcli/build/lib/py_srvcli
[1.395s] /usr/lib/python3/dist-packages/setuptools/command/install.py:34: SetuptoolsDeprecationWarning: setup.py install is deprecated. Use build and pip and other standards-based tools.
[1.395s]   warnings.warn(
[1.395s] copying py_srvcli/__init__.py -> /home/umut_ubuntu/ros2_ws/build/py_srvcli/build/lib/py_srvcli
[1.395s] running install
[1.396s] running install_lib
[1.397s] creating /home/umut_ubuntu/ros2_ws/install/py_srvcli/lib/python3.10/site-packages/py_srvcli
[1.397s] copying /home/umut_ubuntu/ros2_ws/build/py_srvcli/build/lib/py_srvcli/service_member_function.py -> /home/umut_ubuntu/ros2_ws/install/py_srvcli/lib/python3.10/site-packages/py_srvcli
[1.397s] copying /home/umut_ubuntu/ros2_ws/build/py_srvcli/build/lib/py_srvcli/client_member_f覺nction.py -> /home/umut_ubuntu/ros2_ws/install/py_srvcli/lib/python3.10/site-packages/py_srvcli
[1.398s] copying /home/umut_ubuntu/ros2_ws/build/py_srvcli/build/lib/py_srvcli/__init__.py -> /home/umut_ubuntu/ros2_ws/install/py_srvcli/lib/python3.10/site-packages/py_srvcli
[1.398s] byte-compiling /home/umut_ubuntu/ros2_ws/install/py_srvcli/lib/python3.10/site-packages/py_srvcli/service_member_function.py to service_member_function.cpython-310.pyc
[1.399s] byte-compiling /home/umut_ubuntu/ros2_ws/install/py_srvcli/lib/python3.10/site-packages/py_srvcli/client_member_f覺nction.py to client_member_f覺nction.cpython-310.pyc
[1.399s] byte-compiling /home/umut_ubuntu/ros2_ws/install/py_srvcli/lib/python3.10/site-packages/py_srvcli/__init__.py to __init__.cpython-310.pyc
[1.400s] running install_data
[1.400s] creating /home/umut_ubuntu/ros2_ws/install/py_srvcli/share/ament_index
[1.400s] creating /home/umut_ubuntu/ros2_ws/install/py_srvcli/share/ament_index/resource_index
[1.400s] creating /home/umut_ubuntu/ros2_ws/install/py_srvcli/share/ament_index/resource_index/packages
[1.401s] copying resource/py_srvcli -> /home/umut_ubuntu/ros2_ws/install/py_srvcli/share/ament_index/resource_index/packages
[1.401s] copying package.xml -> /home/umut_ubuntu/ros2_ws/install/py_srvcli/share/py_srvcli
[1.401s] running install_egg_info
[1.403s] Copying ../../build/py_srvcli/py_srvcli.egg-info to /home/umut_ubuntu/ros2_ws/install/py_srvcli/lib/python3.10/site-packages/py_srvcli-0.0.0-py3.10.egg-info
[1.404s] running install_scripts
[1.430s] Installing client script to /home/umut_ubuntu/ros2_ws/install/py_srvcli/lib/py_srvcli
[1.430s] Installing service script to /home/umut_ubuntu/ros2_ws/install/py_srvcli/lib/py_srvcli
[1.430s] writing list of installed files to '/home/umut_ubuntu/ros2_ws/build/py_srvcli/install.log'
[1.464s] Invoked command in '/home/umut_ubuntu/ros2_ws/src/py_srvcli' returned '0': PYTHONPATH=/home/umut_ubuntu/ros2_ws/build/py_srvcli/prefix_override:/home/umut_ubuntu/ros2_ws/install/py_srvcli/lib/python3.10/site-packages:${PYTHONPATH} /usr/bin/python3 setup.py egg_info --egg-base ../../build/py_srvcli build --build-base /home/umut_ubuntu/ros2_ws/build/py_srvcli/build install --record /home/umut_ubuntu/ros2_ws/build/py_srvcli/install.log --single-version-externally-managed
