[0.549s] Invoking command in '/home/umut_ubuntu/ros2_ws/build/more_interfaces': CMAKE_PREFIX_PATH=/opt/ros/humble /usr/bin/cmake --build /home/umut_ubuntu/ros2_ws/build/more_interfaces -- -j12 -l12
[1.208s] [35m[1mConsolidate compiler generated dependencies of target more_interfaces__rosidl_generator_c[0m
[1.208s] [  3%] Built target more_interfaces__cpp
[1.208s] [ 12%] Built target more_interfaces__rosidl_generator_c
[1.209s] [ 12%] Built target ament_cmake_python_copy_more_interfaces
[1.209s] [35m[1mConsolidate compiler generated dependencies of target more_interfaces__rosidl_typesupport_fastrtps_cpp[0m
[1.209s] [35m[1mConsolidate compiler generated dependencies of target more_interfaces__rosidl_typesupport_cpp[0m
[1.209s] [35m[1mConsolidate compiler generated dependencies of target more_interfaces__rosidl_typesupport_introspection_cpp[0m
[1.209s] [35m[1mConsolidate compiler generated dependencies of target more_interfaces__rosidl_typesupport_introspection_c[0m
[1.209s] [35m[1mConsolidate compiler generated dependencies of target more_interfaces__rosidl_typesupport_fastrtps_c[0m
[1.209s] [35m[1mConsolidate compiler generated dependencies of target more_interfaces__rosidl_typesupport_c[0m
[1.210s] [ 30%] Built target more_interfaces__rosidl_typesupport_cpp
[1.210s] [ 30%] Built target more_interfaces__rosidl_typesupport_fastrtps_cpp
[1.210s] [ 48%] Built target more_interfaces__rosidl_typesupport_introspection_cpp
[1.210s] [ 48%] Built target more_interfaces__rosidl_typesupport_fastrtps_c
[1.210s] [ 57%] Built target more_interfaces__rosidl_typesupport_introspection_c
[1.210s] [ 66%] Built target more_interfaces__rosidl_typesupport_c
[1.210s] [35m[1mConsolidate compiler generated dependencies of target publish_address_book[0m
[1.210s] [ 66%] Built target more_interfaces
[1.211s] [ 72%] Built target publish_address_book
[1.211s] [ 75%] Built target more_interfaces__py
[1.211s] [35m[1mConsolidate compiler generated dependencies of target more_interfaces__rosidl_generator_py[0m
[1.211s] [ 81%] Built target more_interfaces__rosidl_generator_py
[1.211s] [35m[1mConsolidate compiler generated dependencies of target more_interfaces__rosidl_typesupport_c__pyext[0m
[1.211s] [35m[1mConsolidate compiler generated dependencies of target more_interfaces__rosidl_typesupport_fastrtps_c__pyext[0m
[1.211s] [35m[1mConsolidate compiler generated dependencies of target more_interfaces__rosidl_typesupport_introspection_c__pyext[0m
[1.212s] [ 93%] Built target more_interfaces__rosidl_typesupport_introspection_c__pyext
[1.212s] [ 93%] Built target more_interfaces__rosidl_typesupport_c__pyext
[1.212s] [100%] Built target more_interfaces__rosidl_typesupport_fastrtps_c__pyext
[1.212s] running egg_info
[1.212s] writing more_interfaces.egg-info/PKG-INFO
[1.212s] writing dependency_links to more_interfaces.egg-info/dependency_links.txt
[1.212s] writing top-level names to more_interfaces.egg-info/top_level.txt
[1.212s] reading manifest file 'more_interfaces.egg-info/SOURCES.txt'
[1.213s] writing manifest file 'more_interfaces.egg-info/SOURCES.txt'
[1.213s] [100%] Built target ament_cmake_python_build_more_interfaces_egg
[1.223s] Invoked command in '/home/umut_ubuntu/ros2_ws/build/more_interfaces' returned '0': CMAKE_PREFIX_PATH=/opt/ros/humble /usr/bin/cmake --build /home/umut_ubuntu/ros2_ws/build/more_interfaces -- -j12 -l12
