running egg_info
creating ../../build/mavros_nodes/mavros_nodes.egg-info
writing ../../build/mavros_nodes/mavros_nodes.egg-info/PKG-INFO
writing dependency_links to ../../build/mavros_nodes/mavros_nodes.egg-info/dependency_links.txt
writing entry points to ../../build/mavros_nodes/mavros_nodes.egg-info/entry_points.txt
writing requirements to ../../build/mavros_nodes/mavros_nodes.egg-info/requires.txt
writing top-level names to ../../build/mavros_nodes/mavros_nodes.egg-info/top_level.txt
writing manifest file '../../build/mavros_nodes/mavros_nodes.egg-info/SOURCES.txt'
reading manifest file '../../build/mavros_nodes/mavros_nodes.egg-info/SOURCES.txt'
writing manifest file '../../build/mavros_nodes/mavros_nodes.egg-info/SOURCES.txt'
running build
running build_py
creating /home/umut_ubuntu/ros2_ws/build/mavros_nodes/build
creating /home/umut_ubuntu/ros2_ws/build/mavros_nodes/build/lib
creating /home/umut_ubuntu/ros2_ws/build/mavros_nodes/build/lib/mavros_nodes
copying mavros_nodes/__init__.py -> /home/umut_ubuntu/ros2_ws/build/mavros_nodes/build/lib/mavros_nodes
copying mavros_nodes/node1.py -> /home/umut_ubuntu/ros2_ws/build/mavros_nodes/build/lib/mavros_nodes
running install
/usr/lib/python3/dist-packages/setuptools/command/install.py:34: SetuptoolsDeprecationWarning: setup.py install is deprecated. Use build and pip and other standards-based tools.
  warnings.warn(
running install_lib
creating /home/umut_ubuntu/ros2_ws/install/mavros_nodes/lib/python3.10/site-packages/mavros_nodes
copying /home/umut_ubuntu/ros2_ws/build/mavros_nodes/build/lib/mavros_nodes/__init__.py -> /home/umut_ubuntu/ros2_ws/install/mavros_nodes/lib/python3.10/site-packages/mavros_nodes
copying /home/umut_ubuntu/ros2_ws/build/mavros_nodes/build/lib/mavros_nodes/node1.py -> /home/umut_ubuntu/ros2_ws/install/mavros_nodes/lib/python3.10/site-packages/mavros_nodes
byte-compiling /home/umut_ubuntu/ros2_ws/install/mavros_nodes/lib/python3.10/site-packages/mavros_nodes/__init__.py to __init__.cpython-310.pyc
byte-compiling /home/umut_ubuntu/ros2_ws/install/mavros_nodes/lib/python3.10/site-packages/mavros_nodes/node1.py to node1.cpython-310.pyc
running install_data
creating /home/umut_ubuntu/ros2_ws/install/mavros_nodes/share/ament_index
creating /home/umut_ubuntu/ros2_ws/install/mavros_nodes/share/ament_index/resource_index
creating /home/umut_ubuntu/ros2_ws/install/mavros_nodes/share/ament_index/resource_index/packages
copying resource/mavros_nodes -> /home/umut_ubuntu/ros2_ws/install/mavros_nodes/share/ament_index/resource_index/packages
copying package.xml -> /home/umut_ubuntu/ros2_ws/install/mavros_nodes/share/mavros_nodes
running install_egg_info
Copying ../../build/mavros_nodes/mavros_nodes.egg-info to /home/umut_ubuntu/ros2_ws/install/mavros_nodes/lib/python3.10/site-packages/mavros_nodes-0.0.0-py3.10.egg-info
running install_scripts
writing list of installed files to '/home/umut_ubuntu/ros2_ws/build/mavros_nodes/install.log'
