[0.403s] Invoking command in '/home/umut_ubuntu/ros2_ws/build/mavros_msgs': CMAKE_PREFIX_PATH=/opt/ros/humble /usr/bin/cmake /home/umut_ubuntu/ros2_ws/src/mavros-ros2/mavros_msgs -DCMAKE_INSTALL_PREFIX=/home/umut_ubuntu/ros2_ws/install/mavros_msgs
[1.361s] -- The C compiler identification is GNU 11.4.0
[1.362s] -- The CXX compiler identification is GNU 11.4.0
[1.362s] -- Detecting C compiler ABI info
[1.362s] -- Detecting C compiler ABI info - done
[1.362s] -- Check for working C compiler: /usr/bin/cc - skipped
[1.362s] -- Detecting C compile features
[1.362s] -- Detecting C compile features - done
[1.362s] -- Detecting CXX compiler ABI info
[1.362s] -- Detecting CXX compiler ABI info - done
[1.363s] -- Check for working CXX compiler: /usr/bin/c++ - skipped
[1.363s] -- Detecting CXX compile features
[1.363s] -- Detecting CXX compile features - done
[1.363s] -- Found ament_cmake: 1.3.5 (/opt/ros/humble/share/ament_cmake/cmake)
[1.363s] -- Found Python3: /usr/bin/python3.10 (found version "3.10.12") found components: Interpreter 
[1.363s] -- Found rosidl_default_generators: 1.2.0 (/opt/ros/humble/share/rosidl_default_generators/cmake)
[1.363s] -- Using all available rosidl_typesupport_c: rosidl_typesupport_fastrtps_c;rosidl_typesupport_introspection_c
[1.363s] -- Found rosidl_adapter: 3.1.5 (/opt/ros/humble/share/rosidl_adapter/cmake)
[1.363s] -- Using all available rosidl_typesupport_cpp: rosidl_typesupport_fastrtps_cpp;rosidl_typesupport_introspection_cpp
[1.364s] -- Found builtin_interfaces: 1.2.1 (/opt/ros/humble/share/builtin_interfaces/cmake)
[1.364s] -- Found rcl_interfaces: 1.2.1 (/opt/ros/humble/share/rcl_interfaces/cmake)
[1.364s] -- Configuring incomplete, errors occurred!
[1.364s] See also "/home/umut_ubuntu/ros2_ws/build/mavros_msgs/CMakeFiles/CMakeOutput.log".
[1.364s] [31mCMake Error at CMakeLists.txt:18 (find_package):
[1.364s]   By not providing "Findgeographic_msgs.cmake" in CMAKE_MODULE_PATH this
[1.364s]   project has asked CMake to find a package configuration file provided by
[1.365s]   "geographic_msgs", but CMake did not find one.
[1.365s] 
[1.365s]   Could not find a package configuration file provided by "geographic_msgs"
[1.365s]   with any of the following names:
[1.365s] 
[1.365s]     geographic_msgsConfig.cmake
[1.365s]     geographic_msgs-config.cmake
[1.365s] 
[1.366s]   Add the installation prefix of "geographic_msgs" to CMAKE_PREFIX_PATH or
[1.366s]   set "geographic_msgs_DIR" to a directory containing one of the above files.
[1.367s]   If "geographic_msgs" provides a separate development package or SDK, be
[1.367s]   sure it has been installed.
[1.367s] 
[1.367s] [0m
[1.381s] Invoked command in '/home/umut_ubuntu/ros2_ws/build/mavros_msgs' returned '1': CMAKE_PREFIX_PATH=/opt/ros/humble /usr/bin/cmake /home/umut_ubuntu/ros2_ws/src/mavros-ros2/mavros_msgs -DCMAKE_INSTALL_PREFIX=/home/umut_ubuntu/ros2_ws/install/mavros_msgs
