[0.734s] Invoking command in '/home/umut_ubuntu/ros2_ws/src/py_pubsub': PYTHONPATH=/home/umut_ubuntu/ros2_ws/build/py_pubsub/prefix_override:/home/umut_ubuntu/ros2_ws/install/py_pubsub/lib/python3.10/site-packages:${PYTHONPATH} /usr/bin/python3 setup.py egg_info --egg-base ../../build/py_pubsub build --build-base /home/umut_ubuntu/ros2_ws/build/py_pubsub/build install --record /home/umut_ubuntu/ros2_ws/build/py_pubsub/install.log --single-version-externally-managed
[0.954s] running egg_info
[0.954s] writing ../../build/py_pubsub/py_pubsub.egg-info/PKG-INFO
[0.954s] writing dependency_links to ../../build/py_pubsub/py_pubsub.egg-info/dependency_links.txt
[0.955s] writing entry points to ../../build/py_pubsub/py_pubsub.egg-info/entry_points.txt
[0.955s] writing requirements to ../../build/py_pubsub/py_pubsub.egg-info/requires.txt
[0.955s] writing top-level names to ../../build/py_pubsub/py_pubsub.egg-info/top_level.txt
[0.956s] reading manifest file '../../build/py_pubsub/py_pubsub.egg-info/SOURCES.txt'
[0.957s] writing manifest file '../../build/py_pubsub/py_pubsub.egg-info/SOURCES.txt'
[0.957s] running build
[0.957s] running build_py
[0.958s] /usr/lib/python3/dist-packages/setuptools/command/install.py:34: SetuptoolsDeprecationWarning: setup.py install is deprecated. Use build and pip and other standards-based tools.
[0.958s]   warnings.warn(
[0.958s] copying py_pubsub/publisher_member_function.py -> /home/umut_ubuntu/ros2_ws/build/py_pubsub/build/lib/py_pubsub
[0.958s] running install
[0.958s] running install_lib
[0.959s] copying /home/umut_ubuntu/ros2_ws/build/py_pubsub/build/lib/py_pubsub/publisher_member_function.py -> /home/umut_ubuntu/ros2_ws/install/py_pubsub/lib/python3.10/site-packages/py_pubsub
[0.960s] byte-compiling /home/umut_ubuntu/ros2_ws/install/py_pubsub/lib/python3.10/site-packages/py_pubsub/publisher_member_function.py to publisher_member_function.cpython-310.pyc
[0.960s] running install_data
[0.961s] running install_egg_info
[0.962s] removing '/home/umut_ubuntu/ros2_ws/install/py_pubsub/lib/python3.10/site-packages/py_pubsub-0.0.0-py3.10.egg-info' (and everything under it)
[0.963s] Copying ../../build/py_pubsub/py_pubsub.egg-info to /home/umut_ubuntu/ros2_ws/install/py_pubsub/lib/python3.10/site-packages/py_pubsub-0.0.0-py3.10.egg-info
[0.963s] running install_scripts
[0.980s] Installing listener script to /home/umut_ubuntu/ros2_ws/install/py_pubsub/lib/py_pubsub
[0.981s] Installing talker script to /home/umut_ubuntu/ros2_ws/install/py_pubsub/lib/py_pubsub
[0.981s] writing list of installed files to '/home/umut_ubuntu/ros2_ws/build/py_pubsub/install.log'
[1.008s] Invoked command in '/home/umut_ubuntu/ros2_ws/src/py_pubsub' returned '0': PYTHONPATH=/home/umut_ubuntu/ros2_ws/build/py_pubsub/prefix_override:/home/umut_ubuntu/ros2_ws/install/py_pubsub/lib/python3.10/site-packages:${PYTHONPATH} /usr/bin/python3 setup.py egg_info --egg-base ../../build/py_pubsub build --build-base /home/umut_ubuntu/ros2_ws/build/py_pubsub/build install --record /home/umut_ubuntu/ros2_ws/build/py_pubsub/install.log --single-version-externally-managed
