[1.019s] Invoking command in '/home/umut_ubuntu/ros2_ws/src/my_package': PYTHONPATH=/home/umut_ubuntu/ros2_ws/build/my_package/prefix_override:/home/umut_ubuntu/ros2_ws/install/my_package/lib/python3.10/site-packages:${PYTHONPATH} /usr/bin/python3 setup.py egg_info --egg-base ../../build/my_package build --build-base /home/umut_ubuntu/ros2_ws/build/my_package/build install --record /home/umut_ubuntu/ros2_ws/build/my_package/install.log --single-version-externally-managed
[1.362s] running egg_info
[1.362s] writing ../../build/my_package/my_package.egg-info/PKG-INFO
[1.363s] writing dependency_links to ../../build/my_package/my_package.egg-info/dependency_links.txt
[1.363s] writing entry points to ../../build/my_package/my_package.egg-info/entry_points.txt
[1.363s] writing requirements to ../../build/my_package/my_package.egg-info/requires.txt
[1.363s] writing top-level names to ../../build/my_package/my_package.egg-info/top_level.txt
[1.365s] reading manifest file '../../build/my_package/my_package.egg-info/SOURCES.txt'
[1.367s] writing manifest file '../../build/my_package/my_package.egg-info/SOURCES.txt'
[1.367s] running build
[1.367s] running build_py
[1.367s] copying my_package/my_node.py -> /home/umut_ubuntu/ros2_ws/build/my_package/build/lib/my_package
[1.368s] /usr/lib/python3/dist-packages/setuptools/command/install.py:34: SetuptoolsDeprecationWarning: setup.py install is deprecated. Use build and pip and other standards-based tools.
[1.368s]   warnings.warn(
[1.368s] running install
[1.368s] running install_lib
[1.370s] copying /home/umut_ubuntu/ros2_ws/build/my_package/build/lib/my_package/my_node.py -> /home/umut_ubuntu/ros2_ws/install/my_package/lib/python3.10/site-packages/my_package
[1.370s] byte-compiling /home/umut_ubuntu/ros2_ws/install/my_package/lib/python3.10/site-packages/my_package/my_node.py to my_node.cpython-310.pyc
[1.371s] running install_data
[1.371s] running install_egg_info
[1.373s] removing '/home/umut_ubuntu/ros2_ws/install/my_package/lib/python3.10/site-packages/my_package-0.0.0-py3.10.egg-info' (and everything under it)
[1.374s] Copying ../../build/my_package/my_package.egg-info to /home/umut_ubuntu/ros2_ws/install/my_package/lib/python3.10/site-packages/my_package-0.0.0-py3.10.egg-info
[1.375s] running install_scripts
[1.401s] Installing my_node script to /home/umut_ubuntu/ros2_ws/install/my_package/lib/my_package
[1.401s] writing list of installed files to '/home/umut_ubuntu/ros2_ws/build/my_package/install.log'
[1.436s] Invoked command in '/home/umut_ubuntu/ros2_ws/src/my_package' returned '0': PYTHONPATH=/home/umut_ubuntu/ros2_ws/build/my_package/prefix_override:/home/umut_ubuntu/ros2_ws/install/my_package/lib/python3.10/site-packages:${PYTHONPATH} /usr/bin/python3 setup.py egg_info --egg-base ../../build/my_package build --build-base /home/umut_ubuntu/ros2_ws/build/my_package/build install --record /home/umut_ubuntu/ros2_ws/build/my_package/install.log --single-version-externally-managed
