[2.509s] Invoking command in '/home/umut_ubuntu/ros2_ws/src/python_parameters': PYTHONPATH=/home/umut_ubuntu/ros2_ws/build/python_parameters/prefix_override:/home/umut_ubuntu/ros2_ws/install/python_parameters/lib/python3.10/site-packages:${PYTHONPATH} /usr/bin/python3 setup.py egg_info --egg-base ../../build/python_parameters build --build-base /home/umut_ubuntu/ros2_ws/build/python_parameters/build install --record /home/umut_ubuntu/ros2_ws/build/python_parameters/install.log --single-version-externally-managed
[2.866s] running egg_info
[2.866s] creating ../../build/python_parameters/python_parameters.egg-info
[2.867s] writing ../../build/python_parameters/python_parameters.egg-info/PKG-INFO
[2.867s] writing dependency_links to ../../build/python_parameters/python_parameters.egg-info/dependency_links.txt
[2.867s] writing entry points to ../../build/python_parameters/python_parameters.egg-info/entry_points.txt
[2.868s] writing requirements to ../../build/python_parameters/python_parameters.egg-info/requires.txt
[2.868s] writing top-level names to ../../build/python_parameters/python_parameters.egg-info/top_level.txt
[2.868s] writing manifest file '../../build/python_parameters/python_parameters.egg-info/SOURCES.txt'
[2.870s] reading manifest file '../../build/python_parameters/python_parameters.egg-info/SOURCES.txt'
[2.872s] writing manifest file '../../build/python_parameters/python_parameters.egg-info/SOURCES.txt'
[2.872s] running build
[2.872s] running build_py
[2.872s] creating /home/umut_ubuntu/ros2_ws/build/python_parameters/build
[2.872s] creating /home/umut_ubuntu/ros2_ws/build/python_parameters/build/lib
[2.873s] creating /home/umut_ubuntu/ros2_ws/build/python_parameters/build/lib/python_parameters
[2.873s] copying python_parameters/__init__.py -> /home/umut_ubuntu/ros2_ws/build/python_parameters/build/lib/python_parameters
[2.874s] /usr/lib/python3/dist-packages/setuptools/command/install.py:34: SetuptoolsDeprecationWarning: setup.py install is deprecated. Use build and pip and other standards-based tools.
[2.874s]   warnings.warn(
[2.874s] copying python_parameters/python_parameters_node.py -> /home/umut_ubuntu/ros2_ws/build/python_parameters/build/lib/python_parameters
[2.874s] running install
[2.875s] running install_lib
[2.876s] creating /home/umut_ubuntu/ros2_ws/install/python_parameters/lib/python3.10/site-packages/python_parameters
[2.876s] copying /home/umut_ubuntu/ros2_ws/build/python_parameters/build/lib/python_parameters/__init__.py -> /home/umut_ubuntu/ros2_ws/install/python_parameters/lib/python3.10/site-packages/python_parameters
[2.876s] copying /home/umut_ubuntu/ros2_ws/build/python_parameters/build/lib/python_parameters/python_parameters_node.py -> /home/umut_ubuntu/ros2_ws/install/python_parameters/lib/python3.10/site-packages/python_parameters
[2.876s] byte-compiling /home/umut_ubuntu/ros2_ws/install/python_parameters/lib/python3.10/site-packages/python_parameters/__init__.py to __init__.cpython-310.pyc
[2.877s] byte-compiling /home/umut_ubuntu/ros2_ws/install/python_parameters/lib/python3.10/site-packages/python_parameters/python_parameters_node.py to python_parameters_node.cpython-310.pyc
[2.877s] running install_data
[2.877s] creating /home/umut_ubuntu/ros2_ws/install/python_parameters/share/ament_index
[2.877s] creating /home/umut_ubuntu/ros2_ws/install/python_parameters/share/ament_index/resource_index
[2.878s] creating /home/umut_ubuntu/ros2_ws/install/python_parameters/share/ament_index/resource_index/packages
[2.878s] copying resource/python_parameters -> /home/umut_ubuntu/ros2_ws/install/python_parameters/share/ament_index/resource_index/packages
[2.878s] copying package.xml -> /home/umut_ubuntu/ros2_ws/install/python_parameters/share/python_parameters
[2.878s] running install_egg_info
[2.880s] Copying ../../build/python_parameters/python_parameters.egg-info to /home/umut_ubuntu/ros2_ws/install/python_parameters/lib/python3.10/site-packages/python_parameters-0.0.0-py3.10.egg-info
[2.882s] running install_scripts
[2.921s] writing list of installed files to '/home/umut_ubuntu/ros2_ws/build/python_parameters/install.log'
