[0.695s] Invoking command in '/home/umut_ubuntu/ros2_ws/src/py_srvcli': AMENT_PREFIX_PATH=/home/umut_ubuntu/ros2_ws/install/tutorial_interfaces:${AMENT_PREFIX_PATH} CMAKE_PREFIX_PATH=/home/umut_ubuntu/ros2_ws/install/tutorial_interfaces LD_LIBRARY_PATH=/home/umut_ubuntu/ros2_ws/install/tutorial_interfaces/lib:${LD_LIBRARY_PATH} PYTHONPATH=/home/umut_ubuntu/ros2_ws/build/py_srvcli/prefix_override:/home/umut_ubuntu/ros2_ws/install/py_srvcli/lib/python3.10/site-packages:/home/umut_ubuntu/ros2_ws/install/tutorial_interfaces/local/lib/python3.10/dist-packages:${PYTHONPATH} /usr/bin/python3 setup.py egg_info --egg-base ../../build/py_srvcli build --build-base /home/umut_ubuntu/ros2_ws/build/py_srvcli/build install --record /home/umut_ubuntu/ros2_ws/build/py_srvcli/install.log --single-version-externally-managed
[0.903s] running egg_info
[0.904s] writing ../../build/py_srvcli/py_srvcli.egg-info/PKG-INFO
[0.915s] writing dependency_links to ../../build/py_srvcli/py_srvcli.egg-info/dependency_links.txt
[0.915s] writing entry points to ../../build/py_srvcli/py_srvcli.egg-info/entry_points.txt
[0.915s] writing requirements to ../../build/py_srvcli/py_srvcli.egg-info/requires.txt
[0.915s] writing top-level names to ../../build/py_srvcli/py_srvcli.egg-info/top_level.txt
[0.917s] reading manifest file '../../build/py_srvcli/py_srvcli.egg-info/SOURCES.txt'
[0.918s] writing manifest file '../../build/py_srvcli/py_srvcli.egg-info/SOURCES.txt'
[0.918s] running build
[0.918s] running build_py
[0.919s] copying py_srvcli/service_member_function.py -> /home/umut_ubuntu/ros2_ws/build/py_srvcli/build/lib/py_srvcli
[0.919s] copying py_srvcli/client_member_function.py -> /home/umut_ubuntu/ros2_ws/build/py_srvcli/build/lib/py_srvcli
[0.919s] running install
[0.919s] /usr/lib/python3/dist-packages/setuptools/command/install.py:34: SetuptoolsDeprecationWarning: setup.py install is deprecated. Use build and pip and other standards-based tools.
[0.920s]   warnings.warn(
[0.920s] running install_lib
[0.921s] copying /home/umut_ubuntu/ros2_ws/build/py_srvcli/build/lib/py_srvcli/service_member_function.py -> /home/umut_ubuntu/ros2_ws/install/py_srvcli/lib/python3.10/site-packages/py_srvcli
[0.921s] copying /home/umut_ubuntu/ros2_ws/build/py_srvcli/build/lib/py_srvcli/client_member_function.py -> /home/umut_ubuntu/ros2_ws/install/py_srvcli/lib/python3.10/site-packages/py_srvcli
[0.921s] byte-compiling /home/umut_ubuntu/ros2_ws/install/py_srvcli/lib/python3.10/site-packages/py_srvcli/service_member_function.py to service_member_function.cpython-310.pyc
[0.922s] byte-compiling /home/umut_ubuntu/ros2_ws/install/py_srvcli/lib/python3.10/site-packages/py_srvcli/client_member_function.py to client_member_function.cpython-310.pyc
[0.922s] running install_data
[0.923s] copying package.xml -> /home/umut_ubuntu/ros2_ws/install/py_srvcli/share/py_srvcli
[0.923s] running install_egg_info
[0.924s] removing '/home/umut_ubuntu/ros2_ws/install/py_srvcli/lib/python3.10/site-packages/py_srvcli-0.0.0-py3.10.egg-info' (and everything under it)
[0.925s] Copying ../../build/py_srvcli/py_srvcli.egg-info to /home/umut_ubuntu/ros2_ws/install/py_srvcli/lib/python3.10/site-packages/py_srvcli-0.0.0-py3.10.egg-info
[0.926s] running install_scripts
[0.943s] Installing client script to /home/umut_ubuntu/ros2_ws/install/py_srvcli/lib/py_srvcli
[0.943s] Installing service script to /home/umut_ubuntu/ros2_ws/install/py_srvcli/lib/py_srvcli
[0.944s] writing list of installed files to '/home/umut_ubuntu/ros2_ws/build/py_srvcli/install.log'
[0.972s] Invoked command in '/home/umut_ubuntu/ros2_ws/src/py_srvcli' returned '0': AMENT_PREFIX_PATH=/home/umut_ubuntu/ros2_ws/install/tutorial_interfaces:${AMENT_PREFIX_PATH} CMAKE_PREFIX_PATH=/home/umut_ubuntu/ros2_ws/install/tutorial_interfaces LD_LIBRARY_PATH=/home/umut_ubuntu/ros2_ws/install/tutorial_interfaces/lib:${LD_LIBRARY_PATH} PYTHONPATH=/home/umut_ubuntu/ros2_ws/build/py_srvcli/prefix_override:/home/umut_ubuntu/ros2_ws/install/py_srvcli/lib/python3.10/site-packages:/home/umut_ubuntu/ros2_ws/install/tutorial_interfaces/local/lib/python3.10/dist-packages:${PYTHONPATH} /usr/bin/python3 setup.py egg_info --egg-base ../../build/py_srvcli build --build-base /home/umut_ubuntu/ros2_ws/build/py_srvcli/build install --record /home/umut_ubuntu/ros2_ws/build/py_srvcli/install.log --single-version-externally-managed
