-- Found ament_cmake: 1.3.5 (/opt/ros/humble/share/ament_cmake/cmake)
-- Found ament_lint_auto: 0.12.8 (/opt/ros/humble/share/ament_lint_auto/cmake)
-- Found geometry_msgs: 4.2.3 (/opt/ros/humble/share/geometry_msgs/cmake)
-- Found rosidl_generator_c: 3.1.5 (/opt/ros/humble/share/rosidl_generator_c/cmake)
-- Found rosidl_adapter: 3.1.5 (/opt/ros/humble/share/rosidl_adapter/cmake)
-- Found rosidl_generator_cpp: 3.1.5 (/opt/ros/humble/share/rosidl_generator_cpp/cmake)
-- Using all available rosidl_typesupport_c: rosidl_typesupport_fastrtps_c;rosidl_typesupport_introspection_c
-- Using all available rosidl_typesupport_cpp: rosidl_typesupport_fastrtps_cpp;rosidl_typesupport_introspection_cpp
-- Found rosidl_default_generators: 1.2.0 (/opt/ros/humble/share/rosidl_default_generators/cmake)
-- Found ament_cmake_ros: 0.10.0 (/opt/ros/humble/share/ament_cmake_ros/cmake)
-- Using all available rosidl_typesupport_c: rosidl_typesupport_fastrtps_c;rosidl_typesupport_introspection_c
-- Using all available rosidl_typesupport_cpp: rosidl_typesupport_fastrtps_cpp;rosidl_typesupport_introspection_cpp
-- Found python_cmake_module: 0.10.0 (/opt/ros/humble/share/python_cmake_module/cmake)
-- Using PYTHON_EXECUTABLE: /usr/bin/python3
-- Using PYTHON_INCLUDE_DIRS: /usr/include/python3.10
-- Using PYTHON_LIBRARIES: /usr/lib/x86_64-linux-gnu/libpython3.10.so
-- Using numpy include directory: /home/umut_ubuntu/.local/lib/python3.10/site-packages/numpy/core/include
-- Added test 'lint_cmake' to check CMake code style
-- Added test 'xmllint' to check XML markup files
-- Configuring done
-- Generating done
-- Build files have been written to: /home/umut_ubuntu/ros2_ws/build/tutorial_interfaces
[35m[1mConsolidate compiler generated dependencies of target tutorial_interfaces__rosidl_generator_c[0m
[ 10%] Built target tutorial_interfaces__rosidl_generator_c
[ 12%] Built target tutorial_interfaces__cpp
[35m[1mConsolidate compiler generated dependencies of target tutorial_interfaces__rosidl_typesupport_c[0m
[35m[1mConsolidate compiler generated dependencies of target tutorial_interfaces__rosidl_typesupport_fastrtps_c[0m
[35m[1mConsolidate compiler generated dependencies of target tutorial_interfaces__rosidl_typesupport_introspection_c[0m
[35m[1mConsolidate compiler generated dependencies of target tutorial_interfaces__rosidl_typesupport_cpp[0m
[35m[1mConsolidate compiler generated dependencies of target tutorial_interfaces__rosidl_typesupport_fastrtps_cpp[0m
[ 12%] Built target ament_cmake_python_copy_tutorial_interfaces
[35m[1mConsolidate compiler generated dependencies of target tutorial_interfaces__rosidl_typesupport_introspection_cpp[0m
[ 23%] Built target tutorial_interfaces__rosidl_typesupport_c
[ 34%] Built target tutorial_interfaces__rosidl_typesupport_introspection_c
[ 55%] Built target tutorial_interfaces__rosidl_typesupport_cpp
[ 55%] Built target tutorial_interfaces__rosidl_typesupport_fastrtps_c
[ 65%] Built target tutorial_interfaces__rosidl_typesupport_fastrtps_cpp
[ 76%] Built target tutorial_interfaces__rosidl_typesupport_introspection_cpp
[ 76%] Built target tutorial_interfaces
[ 78%] Built target tutorial_interfaces__py
[35m[1mConsolidate compiler generated dependencies of target tutorial_interfaces__rosidl_generator_py[0m
[ 87%] Built target tutorial_interfaces__rosidl_generator_py
[35m[1mConsolidate compiler generated dependencies of target tutorial_interfaces__rosidl_typesupport_fastrtps_c__pyext[0m
[35m[1mConsolidate compiler generated dependencies of target tutorial_interfaces__rosidl_typesupport_c__pyext[0m
[35m[1mConsolidate compiler generated dependencies of target tutorial_interfaces__rosidl_typesupport_introspection_c__pyext[0m
[ 95%] Built target tutorial_interfaces__rosidl_typesupport_c__pyext
[ 95%] Built target tutorial_interfaces__rosidl_typesupport_fastrtps_c__pyext
[100%] Built target tutorial_interfaces__rosidl_typesupport_introspection_c__pyext
running egg_info
writing tutorial_interfaces.egg-info/PKG-INFO
writing dependency_links to tutorial_interfaces.egg-info/dependency_links.txt
writing top-level names to tutorial_interfaces.egg-info/top_level.txt
reading manifest file 'tutorial_interfaces.egg-info/SOURCES.txt'
writing manifest file 'tutorial_interfaces.egg-info/SOURCES.txt'
[100%] Built target ament_cmake_python_build_tutorial_interfaces_egg
