[0.359s] Invoking command in '/home/umut_ubuntu/ros2_ws/build/tutorial_interfaces': CMAKE_PREFIX_PATH=/opt/ros/humble /usr/bin/cmake --build /home/umut_ubuntu/ros2_ws/build/tutorial_interfaces -- -j12 -l12
[1.319s] -- Found ament_cmake: 1.3.5 (/opt/ros/humble/share/ament_cmake/cmake)
[1.319s] -- Found ament_lint_auto: 0.12.8 (/opt/ros/humble/share/ament_lint_auto/cmake)
[1.319s] -- Found geometry_msgs: 4.2.3 (/opt/ros/humble/share/geometry_msgs/cmake)
[1.319s] -- Found rosidl_generator_c: 3.1.5 (/opt/ros/humble/share/rosidl_generator_c/cmake)
[1.319s] -- Found rosidl_adapter: 3.1.5 (/opt/ros/humble/share/rosidl_adapter/cmake)
[1.319s] -- Found rosidl_generator_cpp: 3.1.5 (/opt/ros/humble/share/rosidl_generator_cpp/cmake)
[1.320s] -- Using all available rosidl_typesupport_c: rosidl_typesupport_fastrtps_c;rosidl_typesupport_introspection_c
[1.320s] -- Using all available rosidl_typesupport_cpp: rosidl_typesupport_fastrtps_cpp;rosidl_typesupport_introspection_cpp
[1.320s] -- Found rosidl_default_generators: 1.2.0 (/opt/ros/humble/share/rosidl_default_generators/cmake)
[1.320s] -- Found ament_cmake_ros: 0.10.0 (/opt/ros/humble/share/ament_cmake_ros/cmake)
[1.619s] -- Using all available rosidl_typesupport_c: rosidl_typesupport_fastrtps_c;rosidl_typesupport_introspection_c
[1.821s] -- Using all available rosidl_typesupport_cpp: rosidl_typesupport_fastrtps_cpp;rosidl_typesupport_introspection_cpp
[1.848s] -- Found python_cmake_module: 0.10.0 (/opt/ros/humble/share/python_cmake_module/cmake)
[1.871s] -- Using PYTHON_EXECUTABLE: /usr/bin/python3
[1.872s] -- Using PYTHON_INCLUDE_DIRS: /usr/include/python3.10
[1.872s] -- Using PYTHON_LIBRARIES: /usr/lib/x86_64-linux-gnu/libpython3.10.so
[2.025s] -- Using numpy include directory: /home/umut_ubuntu/.local/lib/python3.10/site-packages/numpy/core/include
[2.039s] -- Added test 'lint_cmake' to check CMake code style
[2.040s] -- Added test 'xmllint' to check XML markup files
[2.049s] -- Configuring done
[2.121s] -- Generating done
[2.125s] -- Build files have been written to: /home/umut_ubuntu/ros2_ws/build/tutorial_interfaces
[2.176s] [35m[1mConsolidate compiler generated dependencies of target tutorial_interfaces__rosidl_generator_c[0m
[2.190s] [ 10%] Built target tutorial_interfaces__rosidl_generator_c
[2.192s] [ 12%] Built target tutorial_interfaces__cpp
[2.205s] [35m[1mConsolidate compiler generated dependencies of target tutorial_interfaces__rosidl_typesupport_c[0m
[2.206s] [35m[1mConsolidate compiler generated dependencies of target tutorial_interfaces__rosidl_typesupport_fastrtps_c[0m
[2.206s] [35m[1mConsolidate compiler generated dependencies of target tutorial_interfaces__rosidl_typesupport_introspection_c[0m
[2.206s] [35m[1mConsolidate compiler generated dependencies of target tutorial_interfaces__rosidl_typesupport_cpp[0m
[2.210s] [35m[1mConsolidate compiler generated dependencies of target tutorial_interfaces__rosidl_typesupport_fastrtps_cpp[0m
[2.215s] [ 12%] Built target ament_cmake_python_copy_tutorial_interfaces
[2.218s] [35m[1mConsolidate compiler generated dependencies of target tutorial_interfaces__rosidl_typesupport_introspection_cpp[0m
[2.220s] [ 23%] Built target tutorial_interfaces__rosidl_typesupport_c
[2.221s] [ 34%] Built target tutorial_interfaces__rosidl_typesupport_introspection_c
[2.226s] [ 55%] Built target tutorial_interfaces__rosidl_typesupport_cpp
[2.226s] [ 55%] Built target tutorial_interfaces__rosidl_typesupport_fastrtps_c
[2.229s] [ 65%] Built target tutorial_interfaces__rosidl_typesupport_fastrtps_cpp
[2.237s] [ 76%] Built target tutorial_interfaces__rosidl_typesupport_introspection_cpp
[2.261s] [ 76%] Built target tutorial_interfaces
[2.286s] [ 78%] Built target tutorial_interfaces__py
[2.300s] [35m[1mConsolidate compiler generated dependencies of target tutorial_interfaces__rosidl_generator_py[0m
[2.317s] [ 87%] Built target tutorial_interfaces__rosidl_generator_py
[2.329s] [35m[1mConsolidate compiler generated dependencies of target tutorial_interfaces__rosidl_typesupport_fastrtps_c__pyext[0m
[2.329s] [35m[1mConsolidate compiler generated dependencies of target tutorial_interfaces__rosidl_typesupport_c__pyext[0m
[2.337s] [35m[1mConsolidate compiler generated dependencies of target tutorial_interfaces__rosidl_typesupport_introspection_c__pyext[0m
[2.344s] [ 95%] Built target tutorial_interfaces__rosidl_typesupport_c__pyext
[2.344s] [ 95%] Built target tutorial_interfaces__rosidl_typesupport_fastrtps_c__pyext
[2.354s] [100%] Built target tutorial_interfaces__rosidl_typesupport_introspection_c__pyext
[2.436s] running egg_info
[2.436s] writing tutorial_interfaces.egg-info/PKG-INFO
[2.437s] writing dependency_links to tutorial_interfaces.egg-info/dependency_links.txt
[2.437s] writing top-level names to tutorial_interfaces.egg-info/top_level.txt
[2.439s] reading manifest file 'tutorial_interfaces.egg-info/SOURCES.txt'
[2.439s] writing manifest file 'tutorial_interfaces.egg-info/SOURCES.txt'
[2.478s] [100%] Built target ament_cmake_python_build_tutorial_interfaces_egg
