[0.831s] Invoking command in '/home/umut_ubuntu/ros2_ws/build/more_interfaces': CMAKE_PREFIX_PATH=/opt/ros/humble /usr/bin/cmake --build /home/umut_ubuntu/ros2_ws/build/more_interfaces -- -j12 -l12
[1.766s] [  3%] Built target more_interfaces__cpp
[1.766s] [ 12%] Built target more_interfaces__rosidl_generator_c
[1.766s] [ 12%] Built target ament_cmake_python_copy_more_interfaces
[1.766s] [ 21%] Built target more_interfaces__rosidl_typesupport_introspection_cpp
[1.766s] [ 30%] Built target more_interfaces__rosidl_typesupport_cpp
[1.766s] [ 39%] Built target more_interfaces__rosidl_typesupport_fastrtps_cpp
[1.766s] [ 48%] Built target more_interfaces__rosidl_typesupport_c
[1.766s] [ 63%] Built target more_interfaces__rosidl_typesupport_introspection_c
[1.766s] [ 66%] Built target more_interfaces__rosidl_typesupport_fastrtps_c
[1.767s] [ 66%] Built target more_interfaces
[1.767s] [ 72%] Built target publish_address_book
[1.767s] [ 75%] Built target more_interfaces__py
[1.767s] [ 81%] Built target more_interfaces__rosidl_generator_py
[1.767s] [ 93%] Built target more_interfaces__rosidl_typesupport_fastrtps_c__pyext
[1.767s] [ 93%] Built target more_interfaces__rosidl_typesupport_c__pyext
[1.767s] [100%] Built target more_interfaces__rosidl_typesupport_introspection_c__pyext
[1.767s] running egg_info
[1.767s] writing more_interfaces.egg-info/PKG-INFO
[1.767s] writing dependency_links to more_interfaces.egg-info/dependency_links.txt
[1.768s] writing top-level names to more_interfaces.egg-info/top_level.txt
[1.768s] reading manifest file 'more_interfaces.egg-info/SOURCES.txt'
[1.768s] writing manifest file 'more_interfaces.egg-info/SOURCES.txt'
[1.768s] [100%] Built target ament_cmake_python_build_more_interfaces_egg
[1.777s] Invoked command in '/home/umut_ubuntu/ros2_ws/build/more_interfaces' returned '0': CMAKE_PREFIX_PATH=/opt/ros/humble /usr/bin/cmake --build /home/umut_ubuntu/ros2_ws/build/more_interfaces -- -j12 -l12
[1.912s] Invoking command in '/home/umut_ubuntu/ros2_ws/build/more_interfaces': CMAKE_PREFIX_PATH=/opt/ros/humble /usr/bin/cmake --install /home/umut_ubuntu/ros2_ws/build/more_interfaces
[1.929s] -- Install configuration: ""
[1.931s] -- Up-to-date: /home/umut_ubuntu/ros2_ws/install/more_interfaces/lib/more_interfaces/publish_address_book
[1.933s] -- Up-to-date: /home/umut_ubuntu/ros2_ws/install/more_interfaces/share/ament_index/resource_index/rosidl_interfaces/more_interfaces
[1.933s] -- Up-to-date: /home/umut_ubuntu/ros2_ws/install/more_interfaces/include/more_interfaces/more_interfaces
[1.934s] -- Up-to-date: /home/umut_ubuntu/ros2_ws/install/more_interfaces/include/more_interfaces/more_interfaces/msg
[1.934s] -- Up-to-date: /home/umut_ubuntu/ros2_ws/install/more_interfaces/include/more_interfaces/more_interfaces/msg/rosidl_generator_c__visibility_control.h
[1.935s] -- Up-to-date: /home/umut_ubuntu/ros2_ws/install/more_interfaces/include/more_interfaces/more_interfaces/msg/address_book.h
[1.935s] -- Up-to-date: /home/umut_ubuntu/ros2_ws/install/more_interfaces/include/more_interfaces/more_interfaces/msg/detail
[1.935s] -- Up-to-date: /home/umut_ubuntu/ros2_ws/install/more_interfaces/include/more_interfaces/more_interfaces/msg/detail/address_book__type_support.h
[1.935s] -- Up-to-date: /home/umut_ubuntu/ros2_ws/install/more_interfaces/include/more_interfaces/more_interfaces/msg/detail/address_book__functions.h
[1.935s] -- Up-to-date: /home/umut_ubuntu/ros2_ws/install/more_interfaces/include/more_interfaces/more_interfaces/msg/detail/address_book__struct.h
[1.935s] -- Up-to-date: /home/umut_ubuntu/ros2_ws/install/more_interfaces/include/more_interfaces/more_interfaces/msg/detail/address_book__functions.c
[1.936s] -- Up-to-date: /home/umut_ubuntu/ros2_ws/install/more_interfaces/share/more_interfaces/environment/library_path.sh
[1.936s] -- Up-to-date: /home/umut_ubuntu/ros2_ws/install/more_interfaces/share/more_interfaces/environment/library_path.dsv
[1.936s] -- Up-to-date: /home/umut_ubuntu/ros2_ws/install/more_interfaces/lib/libmore_interfaces__rosidl_generator_c.so
[1.937s] -- Up-to-date: /home/umut_ubuntu/ros2_ws/install/more_interfaces/include/more_interfaces/more_interfaces
[1.937s] -- Up-to-date: /home/umut_ubuntu/ros2_ws/install/more_interfaces/include/more_interfaces/more_interfaces/msg
[1.937s] -- Up-to-date: /home/umut_ubuntu/ros2_ws/install/more_interfaces/include/more_interfaces/more_interfaces/msg/rosidl_typesupport_fastrtps_c__visibility_control.h
[1.937s] -- Up-to-date: /home/umut_ubuntu/ros2_ws/install/more_interfaces/include/more_interfaces/more_interfaces/msg/detail
[1.938s] -- Up-to-date: /home/umut_ubuntu/ros2_ws/install/more_interfaces/include/more_interfaces/more_interfaces/msg/detail/address_book__rosidl_typesupport_fastrtps_c.h
[1.938s] -- Up-to-date: /home/umut_ubuntu/ros2_ws/install/more_interfaces/lib/libmore_interfaces__rosidl_typesupport_fastrtps_c.so
[1.938s] -- Up-to-date: /home/umut_ubuntu/ros2_ws/install/more_interfaces/include/more_interfaces/more_interfaces
[1.939s] -- Up-to-date: /home/umut_ubuntu/ros2_ws/install/more_interfaces/include/more_interfaces/more_interfaces/msg
[1.939s] -- Up-to-date: /home/umut_ubuntu/ros2_ws/install/more_interfaces/include/more_interfaces/more_interfaces/msg/detail
[1.939s] -- Up-to-date: /home/umut_ubuntu/ros2_ws/install/more_interfaces/include/more_interfaces/more_interfaces/msg/detail/address_book__struct.hpp
[1.939s] -- Up-to-date: /home/umut_ubuntu/ros2_ws/install/more_interfaces/include/more_interfaces/more_interfaces/msg/detail/address_book__builder.hpp
[1.939s] -- Up-to-date: /home/umut_ubuntu/ros2_ws/install/more_interfaces/include/more_interfaces/more_interfaces/msg/detail/address_book__traits.hpp
[1.939s] -- Up-to-date: /home/umut_ubuntu/ros2_ws/install/more_interfaces/include/more_interfaces/more_interfaces/msg/address_book.hpp
[1.940s] -- Up-to-date: /home/umut_ubuntu/ros2_ws/install/more_interfaces/include/more_interfaces/more_interfaces
[1.940s] -- Up-to-date: /home/umut_ubuntu/ros2_ws/install/more_interfaces/include/more_interfaces/more_interfaces/msg
[1.940s] -- Up-to-date: /home/umut_ubuntu/ros2_ws/install/more_interfaces/include/more_interfaces/more_interfaces/msg/detail
[1.940s] -- Up-to-date: /home/umut_ubuntu/ros2_ws/install/more_interfaces/include/more_interfaces/more_interfaces/msg/detail/dds_fastrtps
[1.942s] -- Up-to-date: /home/umut_ubuntu/ros2_ws/install/more_interfaces/include/more_interfaces/more_interfaces/msg/detail/address_book__rosidl_typesupport_fastrtps_cpp.hpp
[1.942s] -- Up-to-date: /home/umut_ubuntu/ros2_ws/install/more_interfaces/include/more_interfaces/more_interfaces/msg/rosidl_typesupport_fastrtps_cpp__visibility_control.h
[1.942s] -- Up-to-date: /home/umut_ubuntu/ros2_ws/install/more_interfaces/lib/libmore_interfaces__rosidl_typesupport_fastrtps_cpp.so
[1.942s] -- Up-to-date: /home/umut_ubuntu/ros2_ws/install/more_interfaces/include/more_interfaces/more_interfaces
[1.942s] -- Up-to-date: /home/umut_ubuntu/ros2_ws/install/more_interfaces/include/more_interfaces/more_interfaces/msg
[1.943s] -- Up-to-date: /home/umut_ubuntu/ros2_ws/install/more_interfaces/include/more_interfaces/more_interfaces/msg/rosidl_typesupport_introspection_c__visibility_control.h
[1.943s] -- Up-to-date: /home/umut_ubuntu/ros2_ws/install/more_interfaces/include/more_interfaces/more_interfaces/msg/detail
[1.943s] -- Up-to-date: /home/umut_ubuntu/ros2_ws/install/more_interfaces/include/more_interfaces/more_interfaces/msg/detail/address_book__type_support.c
[1.943s] -- Up-to-date: /home/umut_ubuntu/ros2_ws/install/more_interfaces/include/more_interfaces/more_interfaces/msg/detail/address_book__rosidl_typesupport_introspection_c.h
[1.943s] -- Up-to-date: /home/umut_ubuntu/ros2_ws/install/more_interfaces/lib/libmore_interfaces__rosidl_typesupport_introspection_c.so
[1.943s] -- Up-to-date: /home/umut_ubuntu/ros2_ws/install/more_interfaces/lib/libmore_interfaces__rosidl_typesupport_c.so
[1.944s] -- Up-to-date: /home/umut_ubuntu/ros2_ws/install/more_interfaces/include/more_interfaces/more_interfaces
[1.944s] -- Up-to-date: /home/umut_ubuntu/ros2_ws/install/more_interfaces/include/more_interfaces/more_interfaces/msg
[1.944s] -- Up-to-date: /home/umut_ubuntu/ros2_ws/install/more_interfaces/include/more_interfaces/more_interfaces/msg/detail
[1.944s] -- Up-to-date: /home/umut_ubuntu/ros2_ws/install/more_interfaces/include/more_interfaces/more_interfaces/msg/detail/address_book__type_support.cpp
[1.944s] -- Up-to-date: /home/umut_ubuntu/ros2_ws/install/more_interfaces/include/more_interfaces/more_interfaces/msg/detail/address_book__rosidl_typesupport_introspection_cpp.hpp
[1.945s] -- Up-to-date: /home/umut_ubuntu/ros2_ws/install/more_interfaces/lib/libmore_interfaces__rosidl_typesupport_introspection_cpp.so
[1.946s] -- Up-to-date: /home/umut_ubuntu/ros2_ws/install/more_interfaces/lib/libmore_interfaces__rosidl_typesupport_cpp.so
[1.947s] -- Up-to-date: /home/umut_ubuntu/ros2_ws/install/more_interfaces/share/more_interfaces/environment/pythonpath.sh
[1.947s] -- Up-to-date: /home/umut_ubuntu/ros2_ws/install/more_interfaces/share/more_interfaces/environment/pythonpath.dsv
[1.948s] -- Up-to-date: /home/umut_ubuntu/ros2_ws/install/more_interfaces/local/lib/python3.10/dist-packages/more_interfaces-0.0.0-py3.10.egg-info
[1.948s] -- Installing: /home/umut_ubuntu/ros2_ws/install/more_interfaces/local/lib/python3.10/dist-packages/more_interfaces-0.0.0-py3.10.egg-info/top_level.txt
[1.949s] -- Installing: /home/umut_ubuntu/ros2_ws/install/more_interfaces/local/lib/python3.10/dist-packages/more_interfaces-0.0.0-py3.10.egg-info/dependency_links.txt
[1.949s] -- Installing: /home/umut_ubuntu/ros2_ws/install/more_interfaces/local/lib/python3.10/dist-packages/more_interfaces-0.0.0-py3.10.egg-info/PKG-INFO
[1.949s] -- Installing: /home/umut_ubuntu/ros2_ws/install/more_interfaces/local/lib/python3.10/dist-packages/more_interfaces-0.0.0-py3.10.egg-info/SOURCES.txt
[1.950s] -- Up-to-date: /home/umut_ubuntu/ros2_ws/install/more_interfaces/local/lib/python3.10/dist-packages/more_interfaces
[1.950s] -- Up-to-date: /home/umut_ubuntu/ros2_ws/install/more_interfaces/local/lib/python3.10/dist-packages/more_interfaces/libmore_interfaces__rosidl_generator_py.so
[1.950s] -- Up-to-date: /home/umut_ubuntu/ros2_ws/install/more_interfaces/local/lib/python3.10/dist-packages/more_interfaces/msg
[1.951s] -- Up-to-date: /home/umut_ubuntu/ros2_ws/install/more_interfaces/local/lib/python3.10/dist-packages/more_interfaces/msg/_address_book_s.c
[1.951s] -- Up-to-date: /home/umut_ubuntu/ros2_ws/install/more_interfaces/local/lib/python3.10/dist-packages/more_interfaces/msg/_address_book.py
[1.951s] -- Up-to-date: /home/umut_ubuntu/ros2_ws/install/more_interfaces/local/lib/python3.10/dist-packages/more_interfaces/msg/__init__.py
[1.951s] -- Up-to-date: /home/umut_ubuntu/ros2_ws/install/more_interfaces/local/lib/python3.10/dist-packages/more_interfaces/more_interfaces_s__rosidl_typesupport_c.cpython-310-x86_64-linux-gnu.so
[1.951s] -- Up-to-date: /home/umut_ubuntu/ros2_ws/install/more_interfaces/local/lib/python3.10/dist-packages/more_interfaces/__init__.py
[1.951s] -- Up-to-date: /home/umut_ubuntu/ros2_ws/install/more_interfaces/local/lib/python3.10/dist-packages/more_interfaces/_more_interfaces_s.ep.rosidl_typesupport_c.c
[1.951s] -- Up-to-date: /home/umut_ubuntu/ros2_ws/install/more_interfaces/local/lib/python3.10/dist-packages/more_interfaces/_more_interfaces_s.ep.rosidl_typesupport_fastrtps_c.c
[1.952s] -- Up-to-date: /home/umut_ubuntu/ros2_ws/install/more_interfaces/local/lib/python3.10/dist-packages/more_interfaces/_more_interfaces_s.ep.rosidl_typesupport_introspection_c.c
[1.952s] -- Up-to-date: /home/umut_ubuntu/ros2_ws/install/more_interfaces/local/lib/python3.10/dist-packages/more_interfaces/more_interfaces_s__rosidl_typesupport_fastrtps_c.cpython-310-x86_64-linux-gnu.so
[1.952s] -- Up-to-date: /home/umut_ubuntu/ros2_ws/install/more_interfaces/local/lib/python3.10/dist-packages/more_interfaces/more_interfaces_s__rosidl_typesupport_introspection_c.cpython-310-x86_64-linux-gnu.so
[2.020s] Listing '/home/umut_ubuntu/ros2_ws/install/more_interfaces/local/lib/python3.10/dist-packages/more_interfaces'...
[2.020s] Listing '/home/umut_ubuntu/ros2_ws/install/more_interfaces/local/lib/python3.10/dist-packages/more_interfaces/msg'...
[2.033s] -- Up-to-date: /home/umut_ubuntu/ros2_ws/install/more_interfaces/local/lib/python3.10/dist-packages/more_interfaces/more_interfaces_s__rosidl_typesupport_fastrtps_c.cpython-310-x86_64-linux-gnu.so
[2.035s] -- Up-to-date: /home/umut_ubuntu/ros2_ws/install/more_interfaces/local/lib/python3.10/dist-packages/more_interfaces/more_interfaces_s__rosidl_typesupport_introspection_c.cpython-310-x86_64-linux-gnu.so
[2.041s] -- Up-to-date: /home/umut_ubuntu/ros2_ws/install/more_interfaces/local/lib/python3.10/dist-packages/more_interfaces/more_interfaces_s__rosidl_typesupport_c.cpython-310-x86_64-linux-gnu.so
[2.043s] -- Up-to-date: /home/umut_ubuntu/ros2_ws/install/more_interfaces/lib/libmore_interfaces__rosidl_generator_py.so
[2.044s] -- Up-to-date: /home/umut_ubuntu/ros2_ws/install/more_interfaces/share/more_interfaces/msg/AddressBook.idl
[2.045s] -- Up-to-date: /home/umut_ubuntu/ros2_ws/install/more_interfaces/share/more_interfaces/msg/AddressBook.msg
[2.046s] -- Up-to-date: /home/umut_ubuntu/ros2_ws/install/more_interfaces/share/ament_index/resource_index/package_run_dependencies/more_interfaces
[2.046s] -- Up-to-date: /home/umut_ubuntu/ros2_ws/install/more_interfaces/share/ament_index/resource_index/parent_prefix_path/more_interfaces
[2.046s] -- Up-to-date: /home/umut_ubuntu/ros2_ws/install/more_interfaces/share/more_interfaces/environment/ament_prefix_path.sh
[2.046s] -- Up-to-date: /home/umut_ubuntu/ros2_ws/install/more_interfaces/share/more_interfaces/environment/ament_prefix_path.dsv
[2.046s] -- Up-to-date: /home/umut_ubuntu/ros2_ws/install/more_interfaces/share/more_interfaces/environment/path.sh
[2.047s] -- Up-to-date: /home/umut_ubuntu/ros2_ws/install/more_interfaces/share/more_interfaces/environment/path.dsv
[2.047s] -- Up-to-date: /home/umut_ubuntu/ros2_ws/install/more_interfaces/share/more_interfaces/local_setup.bash
[2.047s] -- Up-to-date: /home/umut_ubuntu/ros2_ws/install/more_interfaces/share/more_interfaces/local_setup.sh
[2.047s] -- Up-to-date: /home/umut_ubuntu/ros2_ws/install/more_interfaces/share/more_interfaces/local_setup.zsh
[2.047s] -- Up-to-date: /home/umut_ubuntu/ros2_ws/install/more_interfaces/share/more_interfaces/local_setup.dsv
[2.047s] -- Installing: /home/umut_ubuntu/ros2_ws/install/more_interfaces/share/more_interfaces/package.dsv
[2.050s] -- Up-to-date: /home/umut_ubuntu/ros2_ws/install/more_interfaces/share/ament_index/resource_index/packages/more_interfaces
[2.050s] -- Up-to-date: /home/umut_ubuntu/ros2_ws/install/more_interfaces/share/more_interfaces/cmake/export_more_interfaces__rosidl_generator_cExport.cmake
[2.050s] -- Up-to-date: /home/umut_ubuntu/ros2_ws/install/more_interfaces/share/more_interfaces/cmake/export_more_interfaces__rosidl_generator_cExport-noconfig.cmake
[2.051s] -- Up-to-date: /home/umut_ubuntu/ros2_ws/install/more_interfaces/share/more_interfaces/cmake/export_more_interfaces__rosidl_typesupport_fastrtps_cExport.cmake
[2.051s] -- Up-to-date: /home/umut_ubuntu/ros2_ws/install/more_interfaces/share/more_interfaces/cmake/export_more_interfaces__rosidl_typesupport_fastrtps_cExport-noconfig.cmake
[2.051s] -- Up-to-date: /home/umut_ubuntu/ros2_ws/install/more_interfaces/share/more_interfaces/cmake/export_more_interfaces__rosidl_generator_cppExport.cmake
[2.051s] -- Up-to-date: /home/umut_ubuntu/ros2_ws/install/more_interfaces/share/more_interfaces/cmake/export_more_interfaces__rosidl_typesupport_fastrtps_cppExport.cmake
[2.051s] -- Up-to-date: /home/umut_ubuntu/ros2_ws/install/more_interfaces/share/more_interfaces/cmake/export_more_interfaces__rosidl_typesupport_fastrtps_cppExport-noconfig.cmake
[2.052s] -- Up-to-date: /home/umut_ubuntu/ros2_ws/install/more_interfaces/share/more_interfaces/cmake/more_interfaces__rosidl_typesupport_introspection_cExport.cmake
[2.052s] -- Up-to-date: /home/umut_ubuntu/ros2_ws/install/more_interfaces/share/more_interfaces/cmake/more_interfaces__rosidl_typesupport_introspection_cExport-noconfig.cmake
[2.052s] -- Up-to-date: /home/umut_ubuntu/ros2_ws/install/more_interfaces/share/more_interfaces/cmake/more_interfaces__rosidl_typesupport_cExport.cmake
[2.052s] -- Up-to-date: /home/umut_ubuntu/ros2_ws/install/more_interfaces/share/more_interfaces/cmake/more_interfaces__rosidl_typesupport_cExport-noconfig.cmake
[2.052s] -- Up-to-date: /home/umut_ubuntu/ros2_ws/install/more_interfaces/share/more_interfaces/cmake/more_interfaces__rosidl_typesupport_introspection_cppExport.cmake
[2.052s] -- Up-to-date: /home/umut_ubuntu/ros2_ws/install/more_interfaces/share/more_interfaces/cmake/more_interfaces__rosidl_typesupport_introspection_cppExport-noconfig.cmake
[2.052s] -- Up-to-date: /home/umut_ubuntu/ros2_ws/install/more_interfaces/share/more_interfaces/cmake/more_interfaces__rosidl_typesupport_cppExport.cmake
[2.053s] -- Up-to-date: /home/umut_ubuntu/ros2_ws/install/more_interfaces/share/more_interfaces/cmake/more_interfaces__rosidl_typesupport_cppExport-noconfig.cmake
[2.053s] -- Up-to-date: /home/umut_ubuntu/ros2_ws/install/more_interfaces/share/more_interfaces/cmake/export_more_interfaces__rosidl_generator_pyExport.cmake
[2.053s] -- Up-to-date: /home/umut_ubuntu/ros2_ws/install/more_interfaces/share/more_interfaces/cmake/export_more_interfaces__rosidl_generator_pyExport-noconfig.cmake
[2.053s] -- Up-to-date: /home/umut_ubuntu/ros2_ws/install/more_interfaces/share/more_interfaces/cmake/rosidl_cmake-extras.cmake
[2.053s] -- Up-to-date: /home/umut_ubuntu/ros2_ws/install/more_interfaces/share/more_interfaces/cmake/ament_cmake_export_include_directories-extras.cmake
[2.053s] -- Up-to-date: /home/umut_ubuntu/ros2_ws/install/more_interfaces/share/more_interfaces/cmake/ament_cmake_export_libraries-extras.cmake
[2.053s] -- Up-to-date: /home/umut_ubuntu/ros2_ws/install/more_interfaces/share/more_interfaces/cmake/ament_cmake_export_targets-extras.cmake
[2.053s] -- Up-to-date: /home/umut_ubuntu/ros2_ws/install/more_interfaces/share/more_interfaces/cmake/rosidl_cmake_export_typesupport_targets-extras.cmake
[2.054s] -- Up-to-date: /home/umut_ubuntu/ros2_ws/install/more_interfaces/share/more_interfaces/cmake/ament_cmake_export_dependencies-extras.cmake
[2.054s] -- Up-to-date: /home/umut_ubuntu/ros2_ws/install/more_interfaces/share/more_interfaces/cmake/rosidl_cmake_export_typesupport_libraries-extras.cmake
[2.054s] -- Up-to-date: /home/umut_ubuntu/ros2_ws/install/more_interfaces/share/more_interfaces/cmake/more_interfacesConfig.cmake
[2.054s] -- Up-to-date: /home/umut_ubuntu/ros2_ws/install/more_interfaces/share/more_interfaces/cmake/more_interfacesConfig-version.cmake
[2.054s] -- Up-to-date: /home/umut_ubuntu/ros2_ws/install/more_interfaces/share/more_interfaces/package.xml
[2.056s] Invoked command in '/home/umut_ubuntu/ros2_ws/build/more_interfaces' returned '0': CMAKE_PREFIX_PATH=/opt/ros/humble /usr/bin/cmake --install /home/umut_ubuntu/ros2_ws/build/more_interfaces
